CRITICAL - 2021-03-30 06:16:41 --> Undefined property: stdClass::$name
#0 /media/dfranco/e0093d2c-8880-4163-b4b5-d7db8fffa87d/Personal/Projects/CodeIgniter/IsucorpReservation/app/Views/home.php(38): CodeIgniter\Debug\Exceptions->errorHandler()
#1 /media/dfranco/e0093d2c-8880-4163-b4b5-d7db8fffa87d/Personal/Projects/CodeIgniter/IsucorpReservation/vendor/codeigniter4/framework/system/View/View.php(220): include('/media/dfranco/...')
#2 /media/dfranco/e0093d2c-8880-4163-b4b5-d7db8fffa87d/Personal/Projects/CodeIgniter/IsucorpReservation/vendor/codeigniter4/framework/system/View/View.php(222): CodeIgniter\View\View->CodeIgniter\View\{closure}()
#3 /media/dfranco/e0093d2c-8880-4163-b4b5-d7db8fffa87d/Personal/Projects/CodeIgniter/IsucorpReservation/vendor/codeigniter4/framework/system/Common.php(1217): CodeIgniter\View\View->render()
#4 /media/dfranco/e0093d2c-8880-4163-b4b5-d7db8fffa87d/Personal/Projects/CodeIgniter/IsucorpReservation/app/Controllers/ReservationController.php(21): view()
#5 /media/dfranco/e0093d2c-8880-4163-b4b5-d7db8fffa87d/Personal/Projects/CodeIgniter/IsucorpReservation/vendor/codeigniter4/framework/system/CodeIgniter.php(936): App\Controllers\ReservationController->index()
#6 /media/dfranco/e0093d2c-8880-4163-b4b5-d7db8fffa87d/Personal/Projects/CodeIgniter/IsucorpReservation/vendor/codeigniter4/framework/system/CodeIgniter.php(432): CodeIgniter\CodeIgniter->runController()
#7 /media/dfranco/e0093d2c-8880-4163-b4b5-d7db8fffa87d/Personal/Projects/CodeIgniter/IsucorpReservation/vendor/codeigniter4/framework/system/CodeIgniter.php(333): CodeIgniter\CodeIgniter->handleRequest()
#8 /media/dfranco/e0093d2c-8880-4163-b4b5-d7db8fffa87d/Personal/Projects/CodeIgniter/IsucorpReservation/public/index.php(44): CodeIgniter\CodeIgniter->run()
#9 {main}
CRITICAL - 2021-03-30 06:48:20 --> Undefined property: stdClass::$destination
#0 /media/dfranco/e0093d2c-8880-4163-b4b5-d7db8fffa87d/Personal/Projects/CodeIgniter/IsucorpReservation/app/Views/home.php(38): CodeIgniter\Debug\Exceptions->errorHandler()
#1 /media/dfranco/e0093d2c-8880-4163-b4b5-d7db8fffa87d/Personal/Projects/CodeIgniter/IsucorpReservation/vendor/codeigniter4/framework/system/View/View.php(220): include('/media/dfranco/...')
#2 /media/dfranco/e0093d2c-8880-4163-b4b5-d7db8fffa87d/Personal/Projects/CodeIgniter/IsucorpReservation/vendor/codeigniter4/framework/system/View/View.php(222): CodeIgniter\View\View->CodeIgniter\View\{closure}()
#3 /media/dfranco/e0093d2c-8880-4163-b4b5-d7db8fffa87d/Personal/Projects/CodeIgniter/IsucorpReservation/vendor/codeigniter4/framework/system/Common.php(1217): CodeIgniter\View\View->render()
#4 /media/dfranco/e0093d2c-8880-4163-b4b5-d7db8fffa87d/Personal/Projects/CodeIgniter/IsucorpReservation/app/Controllers/ReservationController.php(21): view()
#5 /media/dfranco/e0093d2c-8880-4163-b4b5-d7db8fffa87d/Personal/Projects/CodeIgniter/IsucorpReservation/vendor/codeigniter4/framework/system/CodeIgniter.php(936): App\Controllers\ReservationController->index()
#6 /media/dfranco/e0093d2c-8880-4163-b4b5-d7db8fffa87d/Personal/Projects/CodeIgniter/IsucorpReservation/vendor/codeigniter4/framework/system/CodeIgniter.php(432): CodeIgniter\CodeIgniter->runController()
#7 /media/dfranco/e0093d2c-8880-4163-b4b5-d7db8fffa87d/Personal/Projects/CodeIgniter/IsucorpReservation/vendor/codeigniter4/framework/system/CodeIgniter.php(333): CodeIgniter\CodeIgniter->handleRequest()
#8 /media/dfranco/e0093d2c-8880-4163-b4b5-d7db8fffa87d/Personal/Projects/CodeIgniter/IsucorpReservation/public/index.php(44): CodeIgniter\CodeIgniter->run()
#9 {main}
CRITICAL - 2021-03-30 09:38:18 --> Invalid file: layout/master.php
#0 /media/dfranco/e0093d2c-8880-4163-b4b5-d7db8fffa87d/Personal/Projects/CodeIgniter/IsucorpReservation/vendor/codeigniter4/framework/system/View/View.php(203): CodeIgniter\Exceptions\FrameworkException::forInvalidFile()
#1 /media/dfranco/e0093d2c-8880-4163-b4b5-d7db8fffa87d/Personal/Projects/CodeIgniter/IsucorpReservation/vendor/codeigniter4/framework/system/View/View.php(236): CodeIgniter\View\View->render()
#2 /media/dfranco/e0093d2c-8880-4163-b4b5-d7db8fffa87d/Personal/Projects/CodeIgniter/IsucorpReservation/vendor/codeigniter4/framework/system/Common.php(1217): CodeIgniter\View\View->render()
#3 /media/dfranco/e0093d2c-8880-4163-b4b5-d7db8fffa87d/Personal/Projects/CodeIgniter/IsucorpReservation/app/Controllers/ReservationController.php(21): view()
#4 /media/dfranco/e0093d2c-8880-4163-b4b5-d7db8fffa87d/Personal/Projects/CodeIgniter/IsucorpReservation/vendor/codeigniter4/framework/system/CodeIgniter.php(936): App\Controllers\ReservationController->index()
#5 /media/dfranco/e0093d2c-8880-4163-b4b5-d7db8fffa87d/Personal/Projects/CodeIgniter/IsucorpReservation/vendor/codeigniter4/framework/system/CodeIgniter.php(432): CodeIgniter\CodeIgniter->runController()
#6 /media/dfranco/e0093d2c-8880-4163-b4b5-d7db8fffa87d/Personal/Projects/CodeIgniter/IsucorpReservation/vendor/codeigniter4/framework/system/CodeIgniter.php(333): CodeIgniter\CodeIgniter->handleRequest()
#7 /media/dfranco/e0093d2c-8880-4163-b4b5-d7db8fffa87d/Personal/Projects/CodeIgniter/IsucorpReservation/public/index.php(44): CodeIgniter\CodeIgniter->run()
#8 {main}
CRITICAL - 2021-03-30 11:55:20 --> Undefined variable: contact
#0 /media/dfranco/e0093d2c-8880-4163-b4b5-d7db8fffa87d/Personal/Projects/CodeIgniter/IsucorpReservation/app/Views/home.php(9): CodeIgniter\Debug\Exceptions->errorHandler()
#1 /media/dfranco/e0093d2c-8880-4163-b4b5-d7db8fffa87d/Personal/Projects/CodeIgniter/IsucorpReservation/vendor/codeigniter4/framework/system/View/View.php(220): include('/media/dfranco/...')
#2 /media/dfranco/e0093d2c-8880-4163-b4b5-d7db8fffa87d/Personal/Projects/CodeIgniter/IsucorpReservation/vendor/codeigniter4/framework/system/View/View.php(222): CodeIgniter\View\View->CodeIgniter\View\{closure}()
#3 /media/dfranco/e0093d2c-8880-4163-b4b5-d7db8fffa87d/Personal/Projects/CodeIgniter/IsucorpReservation/vendor/codeigniter4/framework/system/Common.php(1217): CodeIgniter\View\View->render()
#4 /media/dfranco/e0093d2c-8880-4163-b4b5-d7db8fffa87d/Personal/Projects/CodeIgniter/IsucorpReservation/app/Controllers/ReservationController.php(21): view()
#5 /media/dfranco/e0093d2c-8880-4163-b4b5-d7db8fffa87d/Personal/Projects/CodeIgniter/IsucorpReservation/vendor/codeigniter4/framework/system/CodeIgniter.php(936): App\Controllers\ReservationController->index()
#6 /media/dfranco/e0093d2c-8880-4163-b4b5-d7db8fffa87d/Personal/Projects/CodeIgniter/IsucorpReservation/vendor/codeigniter4/framework/system/CodeIgniter.php(432): CodeIgniter\CodeIgniter->runController()
#7 /media/dfranco/e0093d2c-8880-4163-b4b5-d7db8fffa87d/Personal/Projects/CodeIgniter/IsucorpReservation/vendor/codeigniter4/framework/system/CodeIgniter.php(333): CodeIgniter\CodeIgniter->handleRequest()
#8 /media/dfranco/e0093d2c-8880-4163-b4b5-d7db8fffa87d/Personal/Projects/CodeIgniter/IsucorpReservation/public/index.php(44): CodeIgniter\CodeIgniter->run()
#9 {main}
CRITICAL - 2021-03-30 13:35:17 --> View themes, no current section.
#0 /media/dfranco/e0093d2c-8880-4163-b4b5-d7db8fffa87d/Personal/Projects/CodeIgniter/IsucorpReservation/app/Views/home.php(117): CodeIgniter\View\View->endSection()
#1 /media/dfranco/e0093d2c-8880-4163-b4b5-d7db8fffa87d/Personal/Projects/CodeIgniter/IsucorpReservation/vendor/codeigniter4/framework/system/View/View.php(220): include('/media/dfranco/...')
#2 /media/dfranco/e0093d2c-8880-4163-b4b5-d7db8fffa87d/Personal/Projects/CodeIgniter/IsucorpReservation/vendor/codeigniter4/framework/system/View/View.php(222): CodeIgniter\View\View->CodeIgniter\View\{closure}()
#3 /media/dfranco/e0093d2c-8880-4163-b4b5-d7db8fffa87d/Personal/Projects/CodeIgniter/IsucorpReservation/vendor/codeigniter4/framework/system/Common.php(1217): CodeIgniter\View\View->render()
#4 /media/dfranco/e0093d2c-8880-4163-b4b5-d7db8fffa87d/Personal/Projects/CodeIgniter/IsucorpReservation/app/Controllers/ReservationController.php(21): view()
#5 /media/dfranco/e0093d2c-8880-4163-b4b5-d7db8fffa87d/Personal/Projects/CodeIgniter/IsucorpReservation/vendor/codeigniter4/framework/system/CodeIgniter.php(936): App\Controllers\ReservationController->index()
#6 /media/dfranco/e0093d2c-8880-4163-b4b5-d7db8fffa87d/Personal/Projects/CodeIgniter/IsucorpReservation/vendor/codeigniter4/framework/system/CodeIgniter.php(432): CodeIgniter\CodeIgniter->runController()
#7 /media/dfranco/e0093d2c-8880-4163-b4b5-d7db8fffa87d/Personal/Projects/CodeIgniter/IsucorpReservation/vendor/codeigniter4/framework/system/CodeIgniter.php(333): CodeIgniter\CodeIgniter->handleRequest()
#8 /media/dfranco/e0093d2c-8880-4163-b4b5-d7db8fffa87d/Personal/Projects/CodeIgniter/IsucorpReservation/public/index.php(44): CodeIgniter\CodeIgniter->run()
#9 {main}
CRITICAL - 2021-03-30 13:35:34 --> View themes, no current section.
#0 /media/dfranco/e0093d2c-8880-4163-b4b5-d7db8fffa87d/Personal/Projects/CodeIgniter/IsucorpReservation/app/Views/home.php(117): CodeIgniter\View\View->endSection()
#1 /media/dfranco/e0093d2c-8880-4163-b4b5-d7db8fffa87d/Personal/Projects/CodeIgniter/IsucorpReservation/vendor/codeigniter4/framework/system/View/View.php(220): include('/media/dfranco/...')
#2 /media/dfranco/e0093d2c-8880-4163-b4b5-d7db8fffa87d/Personal/Projects/CodeIgniter/IsucorpReservation/vendor/codeigniter4/framework/system/View/View.php(222): CodeIgniter\View\View->CodeIgniter\View\{closure}()
#3 /media/dfranco/e0093d2c-8880-4163-b4b5-d7db8fffa87d/Personal/Projects/CodeIgniter/IsucorpReservation/vendor/codeigniter4/framework/system/Common.php(1217): CodeIgniter\View\View->render()
#4 /media/dfranco/e0093d2c-8880-4163-b4b5-d7db8fffa87d/Personal/Projects/CodeIgniter/IsucorpReservation/app/Controllers/ReservationController.php(21): view()
#5 /media/dfranco/e0093d2c-8880-4163-b4b5-d7db8fffa87d/Personal/Projects/CodeIgniter/IsucorpReservation/vendor/codeigniter4/framework/system/CodeIgniter.php(936): App\Controllers\ReservationController->index()
#6 /media/dfranco/e0093d2c-8880-4163-b4b5-d7db8fffa87d/Personal/Projects/CodeIgniter/IsucorpReservation/vendor/codeigniter4/framework/system/CodeIgniter.php(432): CodeIgniter\CodeIgniter->runController()
#7 /media/dfranco/e0093d2c-8880-4163-b4b5-d7db8fffa87d/Personal/Projects/CodeIgniter/IsucorpReservation/vendor/codeigniter4/framework/system/CodeIgniter.php(333): CodeIgniter\CodeIgniter->handleRequest()
#8 /media/dfranco/e0093d2c-8880-4163-b4b5-d7db8fffa87d/Personal/Projects/CodeIgniter/IsucorpReservation/public/index.php(44): CodeIgniter\CodeIgniter->run()
#9 {main}
