CRITICAL - 2021-04-01 02:38:19 --> Call to a member function join() on null
#0 /media/dfranco/e0093d2c-8880-4163-b4b5-d7db8fffa87d/Personal/Projects/CodeIgniter/IsucorpReservation/app/Controllers/ReservationController.php(15): App\Models\ReservationModel->get_all_reservations()
#1 /media/dfranco/e0093d2c-8880-4163-b4b5-d7db8fffa87d/Personal/Projects/CodeIgniter/IsucorpReservation/vendor/codeigniter4/framework/system/CodeIgniter.php(936): App\Controllers\ReservationController->index()
#2 /media/dfranco/e0093d2c-8880-4163-b4b5-d7db8fffa87d/Personal/Projects/CodeIgniter/IsucorpReservation/vendor/codeigniter4/framework/system/CodeIgniter.php(432): CodeIgniter\CodeIgniter->runController()
#3 /media/dfranco/e0093d2c-8880-4163-b4b5-d7db8fffa87d/Personal/Projects/CodeIgniter/IsucorpReservation/vendor/codeigniter4/framework/system/CodeIgniter.php(333): CodeIgniter\CodeIgniter->handleRequest()
#4 /media/dfranco/e0093d2c-8880-4163-b4b5-d7db8fffa87d/Personal/Projects/CodeIgniter/IsucorpReservation/public/index.php(44): CodeIgniter\CodeIgniter->run()
#5 {main}
CRITICAL - 2021-04-01 02:46:32 --> syntax error, unexpected ')', expecting :: (T_PAAMAYIM_NEKUDOTAYIM)
#0 /media/dfranco/e0093d2c-8880-4163-b4b5-d7db8fffa87d/Personal/Projects/CodeIgniter/IsucorpReservation/vendor/codeigniter4/framework/system/View/View.php(222): CodeIgniter\View\View->CodeIgniter\View\{closure}()
#1 /media/dfranco/e0093d2c-8880-4163-b4b5-d7db8fffa87d/Personal/Projects/CodeIgniter/IsucorpReservation/vendor/codeigniter4/framework/system/Common.php(1217): CodeIgniter\View\View->render()
#2 /media/dfranco/e0093d2c-8880-4163-b4b5-d7db8fffa87d/Personal/Projects/CodeIgniter/IsucorpReservation/app/Controllers/ReservationController.php(33): view()
#3 /media/dfranco/e0093d2c-8880-4163-b4b5-d7db8fffa87d/Personal/Projects/CodeIgniter/IsucorpReservation/vendor/codeigniter4/framework/system/CodeIgniter.php(936): App\Controllers\ReservationController->create()
#4 /media/dfranco/e0093d2c-8880-4163-b4b5-d7db8fffa87d/Personal/Projects/CodeIgniter/IsucorpReservation/vendor/codeigniter4/framework/system/CodeIgniter.php(432): CodeIgniter\CodeIgniter->runController()
#5 /media/dfranco/e0093d2c-8880-4163-b4b5-d7db8fffa87d/Personal/Projects/CodeIgniter/IsucorpReservation/vendor/codeigniter4/framework/system/CodeIgniter.php(333): CodeIgniter\CodeIgniter->handleRequest()
#6 /media/dfranco/e0093d2c-8880-4163-b4b5-d7db8fffa87d/Personal/Projects/CodeIgniter/IsucorpReservation/public/index.php(44): CodeIgniter\CodeIgniter->run()
#7 {main}
CRITICAL - 2021-04-01 02:49:19 --> Array to string conversion
#0 /media/dfranco/e0093d2c-8880-4163-b4b5-d7db8fffa87d/Personal/Projects/CodeIgniter/IsucorpReservation/app/Views/reservation_create.php(16): CodeIgniter\Debug\Exceptions->errorHandler()
#1 /media/dfranco/e0093d2c-8880-4163-b4b5-d7db8fffa87d/Personal/Projects/CodeIgniter/IsucorpReservation/vendor/codeigniter4/framework/system/View/View.php(220): include('/media/dfranco/...')
#2 /media/dfranco/e0093d2c-8880-4163-b4b5-d7db8fffa87d/Personal/Projects/CodeIgniter/IsucorpReservation/vendor/codeigniter4/framework/system/View/View.php(222): CodeIgniter\View\View->CodeIgniter\View\{closure}()
#3 /media/dfranco/e0093d2c-8880-4163-b4b5-d7db8fffa87d/Personal/Projects/CodeIgniter/IsucorpReservation/vendor/codeigniter4/framework/system/Common.php(1217): CodeIgniter\View\View->render()
#4 /media/dfranco/e0093d2c-8880-4163-b4b5-d7db8fffa87d/Personal/Projects/CodeIgniter/IsucorpReservation/app/Controllers/ReservationController.php(33): view()
#5 /media/dfranco/e0093d2c-8880-4163-b4b5-d7db8fffa87d/Personal/Projects/CodeIgniter/IsucorpReservation/vendor/codeigniter4/framework/system/CodeIgniter.php(936): App\Controllers\ReservationController->create()
#6 /media/dfranco/e0093d2c-8880-4163-b4b5-d7db8fffa87d/Personal/Projects/CodeIgniter/IsucorpReservation/vendor/codeigniter4/framework/system/CodeIgniter.php(432): CodeIgniter\CodeIgniter->runController()
#7 /media/dfranco/e0093d2c-8880-4163-b4b5-d7db8fffa87d/Personal/Projects/CodeIgniter/IsucorpReservation/vendor/codeigniter4/framework/system/CodeIgniter.php(333): CodeIgniter\CodeIgniter->handleRequest()
#8 /media/dfranco/e0093d2c-8880-4163-b4b5-d7db8fffa87d/Personal/Projects/CodeIgniter/IsucorpReservation/public/index.php(44): CodeIgniter\CodeIgniter->run()
#9 {main}
CRITICAL - 2021-04-01 02:54:32 --> Array to string conversion
#0 /media/dfranco/e0093d2c-8880-4163-b4b5-d7db8fffa87d/Personal/Projects/CodeIgniter/IsucorpReservation/app/Views/reservation_create.php(16): CodeIgniter\Debug\Exceptions->errorHandler()
#1 /media/dfranco/e0093d2c-8880-4163-b4b5-d7db8fffa87d/Personal/Projects/CodeIgniter/IsucorpReservation/vendor/codeigniter4/framework/system/View/View.php(220): include('/media/dfranco/...')
#2 /media/dfranco/e0093d2c-8880-4163-b4b5-d7db8fffa87d/Personal/Projects/CodeIgniter/IsucorpReservation/vendor/codeigniter4/framework/system/View/View.php(222): CodeIgniter\View\View->CodeIgniter\View\{closure}()
#3 /media/dfranco/e0093d2c-8880-4163-b4b5-d7db8fffa87d/Personal/Projects/CodeIgniter/IsucorpReservation/vendor/codeigniter4/framework/system/Common.php(1217): CodeIgniter\View\View->render()
#4 /media/dfranco/e0093d2c-8880-4163-b4b5-d7db8fffa87d/Personal/Projects/CodeIgniter/IsucorpReservation/app/Controllers/ReservationController.php(33): view()
#5 /media/dfranco/e0093d2c-8880-4163-b4b5-d7db8fffa87d/Personal/Projects/CodeIgniter/IsucorpReservation/vendor/codeigniter4/framework/system/CodeIgniter.php(936): App\Controllers\ReservationController->create()
#6 /media/dfranco/e0093d2c-8880-4163-b4b5-d7db8fffa87d/Personal/Projects/CodeIgniter/IsucorpReservation/vendor/codeigniter4/framework/system/CodeIgniter.php(432): CodeIgniter\CodeIgniter->runController()
#7 /media/dfranco/e0093d2c-8880-4163-b4b5-d7db8fffa87d/Personal/Projects/CodeIgniter/IsucorpReservation/vendor/codeigniter4/framework/system/CodeIgniter.php(333): CodeIgniter\CodeIgniter->handleRequest()
#8 /media/dfranco/e0093d2c-8880-4163-b4b5-d7db8fffa87d/Personal/Projects/CodeIgniter/IsucorpReservation/public/index.php(44): CodeIgniter\CodeIgniter->run()
#9 {main}
CRITICAL - 2021-04-01 08:04:01 --> Undefined variable: contact_types
#0 /media/dfranco/e0093d2c-8880-4163-b4b5-d7db8fffa87d/Personal/Projects/CodeIgniter/IsucorpReservation/app/Views/reservation_create.php(16): CodeIgniter\Debug\Exceptions->errorHandler()
#1 /media/dfranco/e0093d2c-8880-4163-b4b5-d7db8fffa87d/Personal/Projects/CodeIgniter/IsucorpReservation/vendor/codeigniter4/framework/system/View/View.php(220): include('/media/dfranco/...')
#2 /media/dfranco/e0093d2c-8880-4163-b4b5-d7db8fffa87d/Personal/Projects/CodeIgniter/IsucorpReservation/vendor/codeigniter4/framework/system/View/View.php(222): CodeIgniter\View\View->CodeIgniter\View\{closure}()
#3 /media/dfranco/e0093d2c-8880-4163-b4b5-d7db8fffa87d/Personal/Projects/CodeIgniter/IsucorpReservation/vendor/codeigniter4/framework/system/Common.php(1217): CodeIgniter\View\View->render()
#4 /media/dfranco/e0093d2c-8880-4163-b4b5-d7db8fffa87d/Personal/Projects/CodeIgniter/IsucorpReservation/app/Controllers/ReservationController.php(52): view()
#5 /media/dfranco/e0093d2c-8880-4163-b4b5-d7db8fffa87d/Personal/Projects/CodeIgniter/IsucorpReservation/vendor/codeigniter4/framework/system/CodeIgniter.php(936): App\Controllers\ReservationController->store()
#6 /media/dfranco/e0093d2c-8880-4163-b4b5-d7db8fffa87d/Personal/Projects/CodeIgniter/IsucorpReservation/vendor/codeigniter4/framework/system/CodeIgniter.php(432): CodeIgniter\CodeIgniter->runController()
#7 /media/dfranco/e0093d2c-8880-4163-b4b5-d7db8fffa87d/Personal/Projects/CodeIgniter/IsucorpReservation/vendor/codeigniter4/framework/system/CodeIgniter.php(333): CodeIgniter\CodeIgniter->handleRequest()
#8 /media/dfranco/e0093d2c-8880-4163-b4b5-d7db8fffa87d/Personal/Projects/CodeIgniter/IsucorpReservation/public/index.php(44): CodeIgniter\CodeIgniter->run()
#9 {main}
CRITICAL - 2021-04-01 08:04:30 --> Undefined variable: contact_types
#0 /media/dfranco/e0093d2c-8880-4163-b4b5-d7db8fffa87d/Personal/Projects/CodeIgniter/IsucorpReservation/app/Views/reservation_create.php(16): CodeIgniter\Debug\Exceptions->errorHandler()
#1 /media/dfranco/e0093d2c-8880-4163-b4b5-d7db8fffa87d/Personal/Projects/CodeIgniter/IsucorpReservation/vendor/codeigniter4/framework/system/View/View.php(220): include('/media/dfranco/...')
#2 /media/dfranco/e0093d2c-8880-4163-b4b5-d7db8fffa87d/Personal/Projects/CodeIgniter/IsucorpReservation/vendor/codeigniter4/framework/system/View/View.php(222): CodeIgniter\View\View->CodeIgniter\View\{closure}()
#3 /media/dfranco/e0093d2c-8880-4163-b4b5-d7db8fffa87d/Personal/Projects/CodeIgniter/IsucorpReservation/vendor/codeigniter4/framework/system/Common.php(1217): CodeIgniter\View\View->render()
#4 /media/dfranco/e0093d2c-8880-4163-b4b5-d7db8fffa87d/Personal/Projects/CodeIgniter/IsucorpReservation/app/Controllers/ReservationController.php(52): view()
#5 /media/dfranco/e0093d2c-8880-4163-b4b5-d7db8fffa87d/Personal/Projects/CodeIgniter/IsucorpReservation/vendor/codeigniter4/framework/system/CodeIgniter.php(936): App\Controllers\ReservationController->store()
#6 /media/dfranco/e0093d2c-8880-4163-b4b5-d7db8fffa87d/Personal/Projects/CodeIgniter/IsucorpReservation/vendor/codeigniter4/framework/system/CodeIgniter.php(432): CodeIgniter\CodeIgniter->runController()
#7 /media/dfranco/e0093d2c-8880-4163-b4b5-d7db8fffa87d/Personal/Projects/CodeIgniter/IsucorpReservation/vendor/codeigniter4/framework/system/CodeIgniter.php(333): CodeIgniter\CodeIgniter->handleRequest()
#8 /media/dfranco/e0093d2c-8880-4163-b4b5-d7db8fffa87d/Personal/Projects/CodeIgniter/IsucorpReservation/public/index.php(44): CodeIgniter\CodeIgniter->run()
#9 {main}
CRITICAL - 2021-04-01 08:04:32 --> Undefined variable: contact_types
#0 /media/dfranco/e0093d2c-8880-4163-b4b5-d7db8fffa87d/Personal/Projects/CodeIgniter/IsucorpReservation/app/Views/reservation_create.php(16): CodeIgniter\Debug\Exceptions->errorHandler()
#1 /media/dfranco/e0093d2c-8880-4163-b4b5-d7db8fffa87d/Personal/Projects/CodeIgniter/IsucorpReservation/vendor/codeigniter4/framework/system/View/View.php(220): include('/media/dfranco/...')
#2 /media/dfranco/e0093d2c-8880-4163-b4b5-d7db8fffa87d/Personal/Projects/CodeIgniter/IsucorpReservation/vendor/codeigniter4/framework/system/View/View.php(222): CodeIgniter\View\View->CodeIgniter\View\{closure}()
#3 /media/dfranco/e0093d2c-8880-4163-b4b5-d7db8fffa87d/Personal/Projects/CodeIgniter/IsucorpReservation/vendor/codeigniter4/framework/system/Common.php(1217): CodeIgniter\View\View->render()
#4 /media/dfranco/e0093d2c-8880-4163-b4b5-d7db8fffa87d/Personal/Projects/CodeIgniter/IsucorpReservation/app/Controllers/ReservationController.php(52): view()
#5 /media/dfranco/e0093d2c-8880-4163-b4b5-d7db8fffa87d/Personal/Projects/CodeIgniter/IsucorpReservation/vendor/codeigniter4/framework/system/CodeIgniter.php(936): App\Controllers\ReservationController->store()
#6 /media/dfranco/e0093d2c-8880-4163-b4b5-d7db8fffa87d/Personal/Projects/CodeIgniter/IsucorpReservation/vendor/codeigniter4/framework/system/CodeIgniter.php(432): CodeIgniter\CodeIgniter->runController()
#7 /media/dfranco/e0093d2c-8880-4163-b4b5-d7db8fffa87d/Personal/Projects/CodeIgniter/IsucorpReservation/vendor/codeigniter4/framework/system/CodeIgniter.php(333): CodeIgniter\CodeIgniter->handleRequest()
#8 /media/dfranco/e0093d2c-8880-4163-b4b5-d7db8fffa87d/Personal/Projects/CodeIgniter/IsucorpReservation/public/index.php(44): CodeIgniter\CodeIgniter->run()
#9 {main}
CRITICAL - 2021-04-01 08:05:04 --> Undefined variable: contact_types
#0 /media/dfranco/e0093d2c-8880-4163-b4b5-d7db8fffa87d/Personal/Projects/CodeIgniter/IsucorpReservation/app/Views/reservation_create.php(16): CodeIgniter\Debug\Exceptions->errorHandler()
#1 /media/dfranco/e0093d2c-8880-4163-b4b5-d7db8fffa87d/Personal/Projects/CodeIgniter/IsucorpReservation/vendor/codeigniter4/framework/system/View/View.php(220): include('/media/dfranco/...')
#2 /media/dfranco/e0093d2c-8880-4163-b4b5-d7db8fffa87d/Personal/Projects/CodeIgniter/IsucorpReservation/vendor/codeigniter4/framework/system/View/View.php(222): CodeIgniter\View\View->CodeIgniter\View\{closure}()
#3 /media/dfranco/e0093d2c-8880-4163-b4b5-d7db8fffa87d/Personal/Projects/CodeIgniter/IsucorpReservation/vendor/codeigniter4/framework/system/Common.php(1217): CodeIgniter\View\View->render()
#4 /media/dfranco/e0093d2c-8880-4163-b4b5-d7db8fffa87d/Personal/Projects/CodeIgniter/IsucorpReservation/app/Controllers/ReservationController.php(52): view()
#5 /media/dfranco/e0093d2c-8880-4163-b4b5-d7db8fffa87d/Personal/Projects/CodeIgniter/IsucorpReservation/vendor/codeigniter4/framework/system/CodeIgniter.php(936): App\Controllers\ReservationController->store()
#6 /media/dfranco/e0093d2c-8880-4163-b4b5-d7db8fffa87d/Personal/Projects/CodeIgniter/IsucorpReservation/vendor/codeigniter4/framework/system/CodeIgniter.php(432): CodeIgniter\CodeIgniter->runController()
#7 /media/dfranco/e0093d2c-8880-4163-b4b5-d7db8fffa87d/Personal/Projects/CodeIgniter/IsucorpReservation/vendor/codeigniter4/framework/system/CodeIgniter.php(333): CodeIgniter\CodeIgniter->handleRequest()
#8 /media/dfranco/e0093d2c-8880-4163-b4b5-d7db8fffa87d/Personal/Projects/CodeIgniter/IsucorpReservation/public/index.php(44): CodeIgniter\CodeIgniter->run()
#9 {main}
CRITICAL - 2021-04-01 08:05:06 --> Undefined variable: contact_types
#0 /media/dfranco/e0093d2c-8880-4163-b4b5-d7db8fffa87d/Personal/Projects/CodeIgniter/IsucorpReservation/app/Views/reservation_create.php(16): CodeIgniter\Debug\Exceptions->errorHandler()
#1 /media/dfranco/e0093d2c-8880-4163-b4b5-d7db8fffa87d/Personal/Projects/CodeIgniter/IsucorpReservation/vendor/codeigniter4/framework/system/View/View.php(220): include('/media/dfranco/...')
#2 /media/dfranco/e0093d2c-8880-4163-b4b5-d7db8fffa87d/Personal/Projects/CodeIgniter/IsucorpReservation/vendor/codeigniter4/framework/system/View/View.php(222): CodeIgniter\View\View->CodeIgniter\View\{closure}()
#3 /media/dfranco/e0093d2c-8880-4163-b4b5-d7db8fffa87d/Personal/Projects/CodeIgniter/IsucorpReservation/vendor/codeigniter4/framework/system/Common.php(1217): CodeIgniter\View\View->render()
#4 /media/dfranco/e0093d2c-8880-4163-b4b5-d7db8fffa87d/Personal/Projects/CodeIgniter/IsucorpReservation/app/Controllers/ReservationController.php(52): view()
#5 /media/dfranco/e0093d2c-8880-4163-b4b5-d7db8fffa87d/Personal/Projects/CodeIgniter/IsucorpReservation/vendor/codeigniter4/framework/system/CodeIgniter.php(936): App\Controllers\ReservationController->store()
#6 /media/dfranco/e0093d2c-8880-4163-b4b5-d7db8fffa87d/Personal/Projects/CodeIgniter/IsucorpReservation/vendor/codeigniter4/framework/system/CodeIgniter.php(432): CodeIgniter\CodeIgniter->runController()
#7 /media/dfranco/e0093d2c-8880-4163-b4b5-d7db8fffa87d/Personal/Projects/CodeIgniter/IsucorpReservation/vendor/codeigniter4/framework/system/CodeIgniter.php(333): CodeIgniter\CodeIgniter->handleRequest()
#8 /media/dfranco/e0093d2c-8880-4163-b4b5-d7db8fffa87d/Personal/Projects/CodeIgniter/IsucorpReservation/public/index.php(44): CodeIgniter\CodeIgniter->run()
#9 {main}
CRITICAL - 2021-04-01 08:06:33 --> Undefined variable: contact_types
#0 /media/dfranco/e0093d2c-8880-4163-b4b5-d7db8fffa87d/Personal/Projects/CodeIgniter/IsucorpReservation/app/Views/reservation_create.php(16): CodeIgniter\Debug\Exceptions->errorHandler()
#1 /media/dfranco/e0093d2c-8880-4163-b4b5-d7db8fffa87d/Personal/Projects/CodeIgniter/IsucorpReservation/vendor/codeigniter4/framework/system/View/View.php(220): include('/media/dfranco/...')
#2 /media/dfranco/e0093d2c-8880-4163-b4b5-d7db8fffa87d/Personal/Projects/CodeIgniter/IsucorpReservation/vendor/codeigniter4/framework/system/View/View.php(222): CodeIgniter\View\View->CodeIgniter\View\{closure}()
#3 /media/dfranco/e0093d2c-8880-4163-b4b5-d7db8fffa87d/Personal/Projects/CodeIgniter/IsucorpReservation/vendor/codeigniter4/framework/system/Common.php(1217): CodeIgniter\View\View->render()
#4 /media/dfranco/e0093d2c-8880-4163-b4b5-d7db8fffa87d/Personal/Projects/CodeIgniter/IsucorpReservation/app/Controllers/ReservationController.php(53): view()
#5 /media/dfranco/e0093d2c-8880-4163-b4b5-d7db8fffa87d/Personal/Projects/CodeIgniter/IsucorpReservation/vendor/codeigniter4/framework/system/CodeIgniter.php(936): App\Controllers\ReservationController->store()
#6 /media/dfranco/e0093d2c-8880-4163-b4b5-d7db8fffa87d/Personal/Projects/CodeIgniter/IsucorpReservation/vendor/codeigniter4/framework/system/CodeIgniter.php(432): CodeIgniter\CodeIgniter->runController()
#7 /media/dfranco/e0093d2c-8880-4163-b4b5-d7db8fffa87d/Personal/Projects/CodeIgniter/IsucorpReservation/vendor/codeigniter4/framework/system/CodeIgniter.php(333): CodeIgniter\CodeIgniter->handleRequest()
#8 /media/dfranco/e0093d2c-8880-4163-b4b5-d7db8fffa87d/Personal/Projects/CodeIgniter/IsucorpReservation/public/index.php(44): CodeIgniter\CodeIgniter->run()
#9 {main}
CRITICAL - 2021-04-01 08:17:24 --> Object of class App\Models\ReservationModel could not be converted to string
#0 /media/dfranco/e0093d2c-8880-4163-b4b5-d7db8fffa87d/Personal/Projects/CodeIgniter/IsucorpReservation/vendor/codeigniter4/framework/system/CodeIgniter.php(936): App\Controllers\ReservationController->store()
#1 /media/dfranco/e0093d2c-8880-4163-b4b5-d7db8fffa87d/Personal/Projects/CodeIgniter/IsucorpReservation/vendor/codeigniter4/framework/system/CodeIgniter.php(432): CodeIgniter\CodeIgniter->runController()
#2 /media/dfranco/e0093d2c-8880-4163-b4b5-d7db8fffa87d/Personal/Projects/CodeIgniter/IsucorpReservation/vendor/codeigniter4/framework/system/CodeIgniter.php(333): CodeIgniter\CodeIgniter->handleRequest()
#3 /media/dfranco/e0093d2c-8880-4163-b4b5-d7db8fffa87d/Personal/Projects/CodeIgniter/IsucorpReservation/public/index.php(44): CodeIgniter\CodeIgniter->run()
#4 {main}
CRITICAL - 2021-04-01 08:17:51 --> Undefined variable: contact_types
#0 /media/dfranco/e0093d2c-8880-4163-b4b5-d7db8fffa87d/Personal/Projects/CodeIgniter/IsucorpReservation/app/Views/reservation_create.php(16): CodeIgniter\Debug\Exceptions->errorHandler()
#1 /media/dfranco/e0093d2c-8880-4163-b4b5-d7db8fffa87d/Personal/Projects/CodeIgniter/IsucorpReservation/vendor/codeigniter4/framework/system/View/View.php(220): include('/media/dfranco/...')
#2 /media/dfranco/e0093d2c-8880-4163-b4b5-d7db8fffa87d/Personal/Projects/CodeIgniter/IsucorpReservation/vendor/codeigniter4/framework/system/View/View.php(222): CodeIgniter\View\View->CodeIgniter\View\{closure}()
#3 /media/dfranco/e0093d2c-8880-4163-b4b5-d7db8fffa87d/Personal/Projects/CodeIgniter/IsucorpReservation/vendor/codeigniter4/framework/system/Common.php(1217): CodeIgniter\View\View->render()
#4 /media/dfranco/e0093d2c-8880-4163-b4b5-d7db8fffa87d/Personal/Projects/CodeIgniter/IsucorpReservation/app/Controllers/ReservationController.php(55): view()
#5 /media/dfranco/e0093d2c-8880-4163-b4b5-d7db8fffa87d/Personal/Projects/CodeIgniter/IsucorpReservation/vendor/codeigniter4/framework/system/CodeIgniter.php(936): App\Controllers\ReservationController->store()
#6 /media/dfranco/e0093d2c-8880-4163-b4b5-d7db8fffa87d/Personal/Projects/CodeIgniter/IsucorpReservation/vendor/codeigniter4/framework/system/CodeIgniter.php(432): CodeIgniter\CodeIgniter->runController()
#7 /media/dfranco/e0093d2c-8880-4163-b4b5-d7db8fffa87d/Personal/Projects/CodeIgniter/IsucorpReservation/vendor/codeigniter4/framework/system/CodeIgniter.php(333): CodeIgniter\CodeIgniter->handleRequest()
#8 /media/dfranco/e0093d2c-8880-4163-b4b5-d7db8fffa87d/Personal/Projects/CodeIgniter/IsucorpReservation/public/index.php(44): CodeIgniter\CodeIgniter->run()
#9 {main}
CRITICAL - 2021-04-01 08:19:37 --> Undefined property: App\Controllers\ReservationController::$ContactType_model
#0 /media/dfranco/e0093d2c-8880-4163-b4b5-d7db8fffa87d/Personal/Projects/CodeIgniter/IsucorpReservation/app/Controllers/ReservationController.php(53): CodeIgniter\Debug\Exceptions->errorHandler()
#1 /media/dfranco/e0093d2c-8880-4163-b4b5-d7db8fffa87d/Personal/Projects/CodeIgniter/IsucorpReservation/vendor/codeigniter4/framework/system/CodeIgniter.php(936): App\Controllers\ReservationController->store()
#2 /media/dfranco/e0093d2c-8880-4163-b4b5-d7db8fffa87d/Personal/Projects/CodeIgniter/IsucorpReservation/vendor/codeigniter4/framework/system/CodeIgniter.php(432): CodeIgniter\CodeIgniter->runController()
#3 /media/dfranco/e0093d2c-8880-4163-b4b5-d7db8fffa87d/Personal/Projects/CodeIgniter/IsucorpReservation/vendor/codeigniter4/framework/system/CodeIgniter.php(333): CodeIgniter\CodeIgniter->handleRequest()
#4 /media/dfranco/e0093d2c-8880-4163-b4b5-d7db8fffa87d/Personal/Projects/CodeIgniter/IsucorpReservation/public/index.php(44): CodeIgniter\CodeIgniter->run()
#5 {main}
CRITICAL - 2021-04-01 08:20:13 --> Undefined property: App\Controllers\ReservationController::$db
#0 /media/dfranco/e0093d2c-8880-4163-b4b5-d7db8fffa87d/Personal/Projects/CodeIgniter/IsucorpReservation/app/Controllers/ReservationController.php(81): CodeIgniter\Debug\Exceptions->errorHandler()
#1 /media/dfranco/e0093d2c-8880-4163-b4b5-d7db8fffa87d/Personal/Projects/CodeIgniter/IsucorpReservation/vendor/codeigniter4/framework/system/CodeIgniter.php(936): App\Controllers\ReservationController->store()
#2 /media/dfranco/e0093d2c-8880-4163-b4b5-d7db8fffa87d/Personal/Projects/CodeIgniter/IsucorpReservation/vendor/codeigniter4/framework/system/CodeIgniter.php(432): CodeIgniter\CodeIgniter->runController()
#3 /media/dfranco/e0093d2c-8880-4163-b4b5-d7db8fffa87d/Personal/Projects/CodeIgniter/IsucorpReservation/vendor/codeigniter4/framework/system/CodeIgniter.php(333): CodeIgniter\CodeIgniter->handleRequest()
#4 /media/dfranco/e0093d2c-8880-4163-b4b5-d7db8fffa87d/Personal/Projects/CodeIgniter/IsucorpReservation/public/index.php(44): CodeIgniter\CodeIgniter->run()
#5 {main}
CRITICAL - 2021-04-01 08:55:55 --> Illegal offset type
#0 /media/dfranco/e0093d2c-8880-4163-b4b5-d7db8fffa87d/Personal/Projects/CodeIgniter/IsucorpReservation/app/Controllers/ReservationController.php(73): CodeIgniter\Debug\Exceptions->errorHandler()
#1 /media/dfranco/e0093d2c-8880-4163-b4b5-d7db8fffa87d/Personal/Projects/CodeIgniter/IsucorpReservation/vendor/codeigniter4/framework/system/CodeIgniter.php(936): App\Controllers\ReservationController->store()
#2 /media/dfranco/e0093d2c-8880-4163-b4b5-d7db8fffa87d/Personal/Projects/CodeIgniter/IsucorpReservation/vendor/codeigniter4/framework/system/CodeIgniter.php(432): CodeIgniter\CodeIgniter->runController()
#3 /media/dfranco/e0093d2c-8880-4163-b4b5-d7db8fffa87d/Personal/Projects/CodeIgniter/IsucorpReservation/vendor/codeigniter4/framework/system/CodeIgniter.php(333): CodeIgniter\CodeIgniter->handleRequest()
#4 /media/dfranco/e0093d2c-8880-4163-b4b5-d7db8fffa87d/Personal/Projects/CodeIgniter/IsucorpReservation/public/index.php(44): CodeIgniter\CodeIgniter->run()
#5 {main}
CRITICAL - 2021-04-01 08:59:52 --> Call to undefined function App\Controllers\now()
#0 /media/dfranco/e0093d2c-8880-4163-b4b5-d7db8fffa87d/Personal/Projects/CodeIgniter/IsucorpReservation/vendor/codeigniter4/framework/system/CodeIgniter.php(936): App\Controllers\ReservationController->store()
#1 /media/dfranco/e0093d2c-8880-4163-b4b5-d7db8fffa87d/Personal/Projects/CodeIgniter/IsucorpReservation/vendor/codeigniter4/framework/system/CodeIgniter.php(432): CodeIgniter\CodeIgniter->runController()
#2 /media/dfranco/e0093d2c-8880-4163-b4b5-d7db8fffa87d/Personal/Projects/CodeIgniter/IsucorpReservation/vendor/codeigniter4/framework/system/CodeIgniter.php(333): CodeIgniter\CodeIgniter->handleRequest()
#3 /media/dfranco/e0093d2c-8880-4163-b4b5-d7db8fffa87d/Personal/Projects/CodeIgniter/IsucorpReservation/public/index.php(44): CodeIgniter\CodeIgniter->run()
#4 {main}
CRITICAL - 2021-04-01 09:00:29 --> Call to undefined function App\Controllers\now()
#0 /media/dfranco/e0093d2c-8880-4163-b4b5-d7db8fffa87d/Personal/Projects/CodeIgniter/IsucorpReservation/vendor/codeigniter4/framework/system/CodeIgniter.php(936): App\Controllers\ReservationController->store()
#1 /media/dfranco/e0093d2c-8880-4163-b4b5-d7db8fffa87d/Personal/Projects/CodeIgniter/IsucorpReservation/vendor/codeigniter4/framework/system/CodeIgniter.php(432): CodeIgniter\CodeIgniter->runController()
#2 /media/dfranco/e0093d2c-8880-4163-b4b5-d7db8fffa87d/Personal/Projects/CodeIgniter/IsucorpReservation/vendor/codeigniter4/framework/system/CodeIgniter.php(333): CodeIgniter\CodeIgniter->handleRequest()
#3 /media/dfranco/e0093d2c-8880-4163-b4b5-d7db8fffa87d/Personal/Projects/CodeIgniter/IsucorpReservation/public/index.php(44): CodeIgniter\CodeIgniter->run()
#4 {main}
CRITICAL - 2021-04-01 09:04:22 --> Class 'App\Controllers\DateTime' not found
#0 /media/dfranco/e0093d2c-8880-4163-b4b5-d7db8fffa87d/Personal/Projects/CodeIgniter/IsucorpReservation/vendor/codeigniter4/framework/system/CodeIgniter.php(936): App\Controllers\ReservationController->store()
#1 /media/dfranco/e0093d2c-8880-4163-b4b5-d7db8fffa87d/Personal/Projects/CodeIgniter/IsucorpReservation/vendor/codeigniter4/framework/system/CodeIgniter.php(432): CodeIgniter\CodeIgniter->runController()
#2 /media/dfranco/e0093d2c-8880-4163-b4b5-d7db8fffa87d/Personal/Projects/CodeIgniter/IsucorpReservation/vendor/codeigniter4/framework/system/CodeIgniter.php(333): CodeIgniter\CodeIgniter->handleRequest()
#3 /media/dfranco/e0093d2c-8880-4163-b4b5-d7db8fffa87d/Personal/Projects/CodeIgniter/IsucorpReservation/public/index.php(44): CodeIgniter\CodeIgniter->run()
#4 {main}
CRITICAL - 2021-04-01 09:05:36 --> Class 'App\Controllers\DateTime' not found
#0 /media/dfranco/e0093d2c-8880-4163-b4b5-d7db8fffa87d/Personal/Projects/CodeIgniter/IsucorpReservation/vendor/codeigniter4/framework/system/CodeIgniter.php(936): App\Controllers\ReservationController->store()
#1 /media/dfranco/e0093d2c-8880-4163-b4b5-d7db8fffa87d/Personal/Projects/CodeIgniter/IsucorpReservation/vendor/codeigniter4/framework/system/CodeIgniter.php(432): CodeIgniter\CodeIgniter->runController()
#2 /media/dfranco/e0093d2c-8880-4163-b4b5-d7db8fffa87d/Personal/Projects/CodeIgniter/IsucorpReservation/vendor/codeigniter4/framework/system/CodeIgniter.php(333): CodeIgniter\CodeIgniter->handleRequest()
#3 /media/dfranco/e0093d2c-8880-4163-b4b5-d7db8fffa87d/Personal/Projects/CodeIgniter/IsucorpReservation/public/index.php(44): CodeIgniter\CodeIgniter->run()
#4 {main}
CRITICAL - 2021-04-01 09:12:52 --> Argument 2 passed to CodeIgniter\Model::insert() must be of the type bool, array given, called in /media/dfranco/e0093d2c-8880-4163-b4b5-d7db8fffa87d/Personal/Projects/CodeIgniter/IsucorpReservation/app/Controllers/ReservationController.php on line 81
#0 /media/dfranco/e0093d2c-8880-4163-b4b5-d7db8fffa87d/Personal/Projects/CodeIgniter/IsucorpReservation/app/Controllers/ReservationController.php(81): CodeIgniter\Model->insert()
#1 /media/dfranco/e0093d2c-8880-4163-b4b5-d7db8fffa87d/Personal/Projects/CodeIgniter/IsucorpReservation/vendor/codeigniter4/framework/system/CodeIgniter.php(936): App\Controllers\ReservationController->store()
#2 /media/dfranco/e0093d2c-8880-4163-b4b5-d7db8fffa87d/Personal/Projects/CodeIgniter/IsucorpReservation/vendor/codeigniter4/framework/system/CodeIgniter.php(432): CodeIgniter\CodeIgniter->runController()
#3 /media/dfranco/e0093d2c-8880-4163-b4b5-d7db8fffa87d/Personal/Projects/CodeIgniter/IsucorpReservation/vendor/codeigniter4/framework/system/CodeIgniter.php(333): CodeIgniter\CodeIgniter->handleRequest()
#4 /media/dfranco/e0093d2c-8880-4163-b4b5-d7db8fffa87d/Personal/Projects/CodeIgniter/IsucorpReservation/public/index.php(44): CodeIgniter\CodeIgniter->run()
#5 {main}
CRITICAL - 2021-04-01 11:39:38 --> Call to undefined method CodeIgniter\HTTP\IncomingRequest::get()
#0 /media/dfranco/e0093d2c-8880-4163-b4b5-d7db8fffa87d/Personal/Projects/CodeIgniter/IsucorpReservation/vendor/codeigniter4/framework/system/CodeIgniter.php(936): App\Controllers\ReservationController->create()
#1 /media/dfranco/e0093d2c-8880-4163-b4b5-d7db8fffa87d/Personal/Projects/CodeIgniter/IsucorpReservation/vendor/codeigniter4/framework/system/CodeIgniter.php(432): CodeIgniter\CodeIgniter->runController()
#2 /media/dfranco/e0093d2c-8880-4163-b4b5-d7db8fffa87d/Personal/Projects/CodeIgniter/IsucorpReservation/vendor/codeigniter4/framework/system/CodeIgniter.php(333): CodeIgniter\CodeIgniter->handleRequest()
#3 /media/dfranco/e0093d2c-8880-4163-b4b5-d7db8fffa87d/Personal/Projects/CodeIgniter/IsucorpReservation/public/index.php(44): CodeIgniter\CodeIgniter->run()
#4 {main}
CRITICAL - 2021-04-01 11:52:00 --> Call to undefined function App\Controllers\now()
#0 /media/dfranco/e0093d2c-8880-4163-b4b5-d7db8fffa87d/Personal/Projects/CodeIgniter/IsucorpReservation/vendor/codeigniter4/framework/system/CodeIgniter.php(936): App\Controllers\ReservationController->store()
#1 /media/dfranco/e0093d2c-8880-4163-b4b5-d7db8fffa87d/Personal/Projects/CodeIgniter/IsucorpReservation/vendor/codeigniter4/framework/system/CodeIgniter.php(432): CodeIgniter\CodeIgniter->runController()
#2 /media/dfranco/e0093d2c-8880-4163-b4b5-d7db8fffa87d/Personal/Projects/CodeIgniter/IsucorpReservation/vendor/codeigniter4/framework/system/CodeIgniter.php(333): CodeIgniter\CodeIgniter->handleRequest()
#3 /media/dfranco/e0093d2c-8880-4163-b4b5-d7db8fffa87d/Personal/Projects/CodeIgniter/IsucorpReservation/public/index.php(44): CodeIgniter\CodeIgniter->run()
#4 {main}
CRITICAL - 2021-04-01 12:03:40 --> Object of class DateTime could not be converted to string
#0 /media/dfranco/e0093d2c-8880-4163-b4b5-d7db8fffa87d/Personal/Projects/CodeIgniter/IsucorpReservation/vendor/codeigniter4/framework/system/Database/Query.php(426): strtr()
#1 /media/dfranco/e0093d2c-8880-4163-b4b5-d7db8fffa87d/Personal/Projects/CodeIgniter/IsucorpReservation/vendor/codeigniter4/framework/system/Database/Query.php(387): CodeIgniter\Database\Query->matchNamedBinds()
#2 /media/dfranco/e0093d2c-8880-4163-b4b5-d7db8fffa87d/Personal/Projects/CodeIgniter/IsucorpReservation/vendor/codeigniter4/framework/system/Database/Query.php(178): CodeIgniter\Database\Query->compileBinds()
#3 /media/dfranco/e0093d2c-8880-4163-b4b5-d7db8fffa87d/Personal/Projects/CodeIgniter/IsucorpReservation/vendor/codeigniter4/framework/system/Database/BaseConnection.php(641): CodeIgniter\Database\Query->getQuery()
#4 /media/dfranco/e0093d2c-8880-4163-b4b5-d7db8fffa87d/Personal/Projects/CodeIgniter/IsucorpReservation/vendor/codeigniter4/framework/system/Database/BaseBuilder.php(2263): CodeIgniter\Database\BaseConnection->query()
#5 /media/dfranco/e0093d2c-8880-4163-b4b5-d7db8fffa87d/Personal/Projects/CodeIgniter/IsucorpReservation/app/Models/ContactModel.php(30): CodeIgniter\Database\BaseBuilder->insert()
#6 /media/dfranco/e0093d2c-8880-4163-b4b5-d7db8fffa87d/Personal/Projects/CodeIgniter/IsucorpReservation/app/Controllers/ReservationController.php(58): App\Models\ContactModel->contact_add()
#7 /media/dfranco/e0093d2c-8880-4163-b4b5-d7db8fffa87d/Personal/Projects/CodeIgniter/IsucorpReservation/vendor/codeigniter4/framework/system/CodeIgniter.php(936): App\Controllers\ReservationController->store()
#8 /media/dfranco/e0093d2c-8880-4163-b4b5-d7db8fffa87d/Personal/Projects/CodeIgniter/IsucorpReservation/vendor/codeigniter4/framework/system/CodeIgniter.php(432): CodeIgniter\CodeIgniter->runController()
#9 /media/dfranco/e0093d2c-8880-4163-b4b5-d7db8fffa87d/Personal/Projects/CodeIgniter/IsucorpReservation/vendor/codeigniter4/framework/system/CodeIgniter.php(333): CodeIgniter\CodeIgniter->handleRequest()
#10 /media/dfranco/e0093d2c-8880-4163-b4b5-d7db8fffa87d/Personal/Projects/CodeIgniter/IsucorpReservation/public/index.php(44): CodeIgniter\CodeIgniter->run()
#11 {main}
CRITICAL - 2021-04-01 12:08:33 --> Object of class DateTime could not be converted to string
#0 /media/dfranco/e0093d2c-8880-4163-b4b5-d7db8fffa87d/Personal/Projects/CodeIgniter/IsucorpReservation/vendor/codeigniter4/framework/system/Database/Query.php(426): strtr()
#1 /media/dfranco/e0093d2c-8880-4163-b4b5-d7db8fffa87d/Personal/Projects/CodeIgniter/IsucorpReservation/vendor/codeigniter4/framework/system/Database/Query.php(387): CodeIgniter\Database\Query->matchNamedBinds()
#2 /media/dfranco/e0093d2c-8880-4163-b4b5-d7db8fffa87d/Personal/Projects/CodeIgniter/IsucorpReservation/vendor/codeigniter4/framework/system/Database/Query.php(178): CodeIgniter\Database\Query->compileBinds()
#3 /media/dfranco/e0093d2c-8880-4163-b4b5-d7db8fffa87d/Personal/Projects/CodeIgniter/IsucorpReservation/vendor/codeigniter4/framework/system/Database/BaseConnection.php(641): CodeIgniter\Database\Query->getQuery()
#4 /media/dfranco/e0093d2c-8880-4163-b4b5-d7db8fffa87d/Personal/Projects/CodeIgniter/IsucorpReservation/vendor/codeigniter4/framework/system/Database/BaseBuilder.php(2263): CodeIgniter\Database\BaseConnection->query()
#5 /media/dfranco/e0093d2c-8880-4163-b4b5-d7db8fffa87d/Personal/Projects/CodeIgniter/IsucorpReservation/app/Models/ContactModel.php(30): CodeIgniter\Database\BaseBuilder->insert()
#6 /media/dfranco/e0093d2c-8880-4163-b4b5-d7db8fffa87d/Personal/Projects/CodeIgniter/IsucorpReservation/app/Controllers/ReservationController.php(59): App\Models\ContactModel->contact_add()
#7 /media/dfranco/e0093d2c-8880-4163-b4b5-d7db8fffa87d/Personal/Projects/CodeIgniter/IsucorpReservation/vendor/codeigniter4/framework/system/CodeIgniter.php(936): App\Controllers\ReservationController->store()
#8 /media/dfranco/e0093d2c-8880-4163-b4b5-d7db8fffa87d/Personal/Projects/CodeIgniter/IsucorpReservation/vendor/codeigniter4/framework/system/CodeIgniter.php(432): CodeIgniter\CodeIgniter->runController()
#9 /media/dfranco/e0093d2c-8880-4163-b4b5-d7db8fffa87d/Personal/Projects/CodeIgniter/IsucorpReservation/vendor/codeigniter4/framework/system/CodeIgniter.php(333): CodeIgniter\CodeIgniter->handleRequest()
#10 /media/dfranco/e0093d2c-8880-4163-b4b5-d7db8fffa87d/Personal/Projects/CodeIgniter/IsucorpReservation/public/index.php(44): CodeIgniter\CodeIgniter->run()
#11 {main}
CRITICAL - 2021-04-01 12:10:18 --> Object of class DateTime could not be converted to string
#0 /media/dfranco/e0093d2c-8880-4163-b4b5-d7db8fffa87d/Personal/Projects/CodeIgniter/IsucorpReservation/vendor/codeigniter4/framework/system/Database/Query.php(426): strtr()
#1 /media/dfranco/e0093d2c-8880-4163-b4b5-d7db8fffa87d/Personal/Projects/CodeIgniter/IsucorpReservation/vendor/codeigniter4/framework/system/Database/Query.php(387): CodeIgniter\Database\Query->matchNamedBinds()
#2 /media/dfranco/e0093d2c-8880-4163-b4b5-d7db8fffa87d/Personal/Projects/CodeIgniter/IsucorpReservation/vendor/codeigniter4/framework/system/Database/Query.php(178): CodeIgniter\Database\Query->compileBinds()
#3 /media/dfranco/e0093d2c-8880-4163-b4b5-d7db8fffa87d/Personal/Projects/CodeIgniter/IsucorpReservation/vendor/codeigniter4/framework/system/Database/BaseConnection.php(641): CodeIgniter\Database\Query->getQuery()
#4 /media/dfranco/e0093d2c-8880-4163-b4b5-d7db8fffa87d/Personal/Projects/CodeIgniter/IsucorpReservation/vendor/codeigniter4/framework/system/Database/BaseBuilder.php(2263): CodeIgniter\Database\BaseConnection->query()
#5 /media/dfranco/e0093d2c-8880-4163-b4b5-d7db8fffa87d/Personal/Projects/CodeIgniter/IsucorpReservation/app/Models/ContactModel.php(31): CodeIgniter\Database\BaseBuilder->insert()
#6 /media/dfranco/e0093d2c-8880-4163-b4b5-d7db8fffa87d/Personal/Projects/CodeIgniter/IsucorpReservation/app/Controllers/ReservationController.php(59): App\Models\ContactModel->contact_add()
#7 /media/dfranco/e0093d2c-8880-4163-b4b5-d7db8fffa87d/Personal/Projects/CodeIgniter/IsucorpReservation/vendor/codeigniter4/framework/system/CodeIgniter.php(936): App\Controllers\ReservationController->store()
#8 /media/dfranco/e0093d2c-8880-4163-b4b5-d7db8fffa87d/Personal/Projects/CodeIgniter/IsucorpReservation/vendor/codeigniter4/framework/system/CodeIgniter.php(432): CodeIgniter\CodeIgniter->runController()
#9 /media/dfranco/e0093d2c-8880-4163-b4b5-d7db8fffa87d/Personal/Projects/CodeIgniter/IsucorpReservation/vendor/codeigniter4/framework/system/CodeIgniter.php(333): CodeIgniter\CodeIgniter->handleRequest()
#10 /media/dfranco/e0093d2c-8880-4163-b4b5-d7db8fffa87d/Personal/Projects/CodeIgniter/IsucorpReservation/public/index.php(44): CodeIgniter\CodeIgniter->run()
#11 {main}
CRITICAL - 2021-04-01 12:12:27 --> Undefined index: date
#0 /media/dfranco/e0093d2c-8880-4163-b4b5-d7db8fffa87d/Personal/Projects/CodeIgniter/IsucorpReservation/app/Models/ContactModel.php(29): CodeIgniter\Debug\Exceptions->errorHandler()
#1 /media/dfranco/e0093d2c-8880-4163-b4b5-d7db8fffa87d/Personal/Projects/CodeIgniter/IsucorpReservation/app/Controllers/ReservationController.php(59): App\Models\ContactModel->contact_add()
#2 /media/dfranco/e0093d2c-8880-4163-b4b5-d7db8fffa87d/Personal/Projects/CodeIgniter/IsucorpReservation/vendor/codeigniter4/framework/system/CodeIgniter.php(936): App\Controllers\ReservationController->store()
#3 /media/dfranco/e0093d2c-8880-4163-b4b5-d7db8fffa87d/Personal/Projects/CodeIgniter/IsucorpReservation/vendor/codeigniter4/framework/system/CodeIgniter.php(432): CodeIgniter\CodeIgniter->runController()
#4 /media/dfranco/e0093d2c-8880-4163-b4b5-d7db8fffa87d/Personal/Projects/CodeIgniter/IsucorpReservation/vendor/codeigniter4/framework/system/CodeIgniter.php(333): CodeIgniter\CodeIgniter->handleRequest()
#5 /media/dfranco/e0093d2c-8880-4163-b4b5-d7db8fffa87d/Personal/Projects/CodeIgniter/IsucorpReservation/public/index.php(44): CodeIgniter\CodeIgniter->run()
#6 {main}
CRITICAL - 2021-04-01 12:13:25 --> DateTime::__construct() expects parameter 1 to be string, object given
#0 /media/dfranco/e0093d2c-8880-4163-b4b5-d7db8fffa87d/Personal/Projects/CodeIgniter/IsucorpReservation/app/Models/ContactModel.php(29): DateTime->__construct()
#1 /media/dfranco/e0093d2c-8880-4163-b4b5-d7db8fffa87d/Personal/Projects/CodeIgniter/IsucorpReservation/app/Controllers/ReservationController.php(59): App\Models\ContactModel->contact_add()
#2 /media/dfranco/e0093d2c-8880-4163-b4b5-d7db8fffa87d/Personal/Projects/CodeIgniter/IsucorpReservation/vendor/codeigniter4/framework/system/CodeIgniter.php(936): App\Controllers\ReservationController->store()
#3 /media/dfranco/e0093d2c-8880-4163-b4b5-d7db8fffa87d/Personal/Projects/CodeIgniter/IsucorpReservation/vendor/codeigniter4/framework/system/CodeIgniter.php(432): CodeIgniter\CodeIgniter->runController()
#4 /media/dfranco/e0093d2c-8880-4163-b4b5-d7db8fffa87d/Personal/Projects/CodeIgniter/IsucorpReservation/vendor/codeigniter4/framework/system/CodeIgniter.php(333): CodeIgniter\CodeIgniter->handleRequest()
#5 /media/dfranco/e0093d2c-8880-4163-b4b5-d7db8fffa87d/Personal/Projects/CodeIgniter/IsucorpReservation/public/index.php(44): CodeIgniter\CodeIgniter->run()
#6 {main}
CRITICAL - 2021-04-01 12:15:24 --> Call to undefined function App\Controllers\now()
#0 /media/dfranco/e0093d2c-8880-4163-b4b5-d7db8fffa87d/Personal/Projects/CodeIgniter/IsucorpReservation/vendor/codeigniter4/framework/system/CodeIgniter.php(936): App\Controllers\ReservationController->store()
#1 /media/dfranco/e0093d2c-8880-4163-b4b5-d7db8fffa87d/Personal/Projects/CodeIgniter/IsucorpReservation/vendor/codeigniter4/framework/system/CodeIgniter.php(432): CodeIgniter\CodeIgniter->runController()
#2 /media/dfranco/e0093d2c-8880-4163-b4b5-d7db8fffa87d/Personal/Projects/CodeIgniter/IsucorpReservation/vendor/codeigniter4/framework/system/CodeIgniter.php(333): CodeIgniter\CodeIgniter->handleRequest()
#3 /media/dfranco/e0093d2c-8880-4163-b4b5-d7db8fffa87d/Personal/Projects/CodeIgniter/IsucorpReservation/public/index.php(44): CodeIgniter\CodeIgniter->run()
#4 {main}
ERROR - 2021-04-01 12:17:55 --> mysqli_sql_exception: Unknown column 'contact_phone' in 'field list' in /media/dfranco/e0093d2c-8880-4163-b4b5-d7db8fffa87d/Personal/Projects/CodeIgniter/IsucorpReservation/vendor/codeigniter4/framework/system/Database/MySQLi/Connection.php:314
Stack trace:
#0 /media/dfranco/e0093d2c-8880-4163-b4b5-d7db8fffa87d/Personal/Projects/CodeIgniter/IsucorpReservation/vendor/codeigniter4/framework/system/Database/MySQLi/Connection.php(314): mysqli->query()
#1 /media/dfranco/e0093d2c-8880-4163-b4b5-d7db8fffa87d/Personal/Projects/CodeIgniter/IsucorpReservation/vendor/codeigniter4/framework/system/Database/BaseConnection.php(713): CodeIgniter\Database\MySQLi\Connection->execute()
#2 /media/dfranco/e0093d2c-8880-4163-b4b5-d7db8fffa87d/Personal/Projects/CodeIgniter/IsucorpReservation/vendor/codeigniter4/framework/system/Database/BaseConnection.php(641): CodeIgniter\Database\BaseConnection->simpleQuery()
#3 /media/dfranco/e0093d2c-8880-4163-b4b5-d7db8fffa87d/Personal/Projects/CodeIgniter/IsucorpReservation/vendor/codeigniter4/framework/system/Database/BaseBuilder.php(2263): CodeIgniter\Database\BaseConnection->query()
#4 /media/dfranco/e0093d2c-8880-4163-b4b5-d7db8fffa87d/Personal/Projects/CodeIgniter/IsucorpReservation/app/Models/ContactModel.php(30): CodeIgniter\Database\BaseBuilder->insert()
#5 /media/dfranco/e0093d2c-8880-4163-b4b5-d7db8fffa87d/Personal/Projects/CodeIgniter/IsucorpReservation/app/Controllers/ReservationController.php(62): App\Models\ContactModel->contact_add()
#6 /media/dfranco/e0093d2c-8880-4163-b4b5-d7db8fffa87d/Personal/Projects/CodeIgniter/IsucorpReservation/vendor/codeigniter4/framework/system/CodeIgniter.php(936): App\Controllers\ReservationController->store()
#7 /media/dfranco/e0093d2c-8880-4163-b4b5-d7db8fffa87d/Personal/Projects/CodeIgniter/IsucorpReservation/vendor/codeigniter4/framework/system/CodeIgniter.php(432): CodeIgniter\CodeIgniter->runController()
#8 /media/dfranco/e0093d2c-8880-4163-b4b5-d7db8fffa87d/Personal/Projects/CodeIgniter/IsucorpReservation/vendor/codeigniter4/framework/system/CodeIgniter.php(333): CodeIgniter\CodeIgniter->handleRequest()
#9 /media/dfranco/e0093d2c-8880-4163-b4b5-d7db8fffa87d/Personal/Projects/CodeIgniter/IsucorpReservation/public/index.php(44): CodeIgniter\CodeIgniter->run()
#10 {main}
CRITICAL - 2021-04-01 12:17:55 --> Unknown column 'contact_phone' in 'field list'
#0 /media/dfranco/e0093d2c-8880-4163-b4b5-d7db8fffa87d/Personal/Projects/CodeIgniter/IsucorpReservation/vendor/codeigniter4/framework/system/Database/MySQLi/Connection.php(314): mysqli->query()
#1 /media/dfranco/e0093d2c-8880-4163-b4b5-d7db8fffa87d/Personal/Projects/CodeIgniter/IsucorpReservation/vendor/codeigniter4/framework/system/Database/BaseConnection.php(713): CodeIgniter\Database\MySQLi\Connection->execute()
#2 /media/dfranco/e0093d2c-8880-4163-b4b5-d7db8fffa87d/Personal/Projects/CodeIgniter/IsucorpReservation/vendor/codeigniter4/framework/system/Database/BaseConnection.php(641): CodeIgniter\Database\BaseConnection->simpleQuery()
#3 /media/dfranco/e0093d2c-8880-4163-b4b5-d7db8fffa87d/Personal/Projects/CodeIgniter/IsucorpReservation/vendor/codeigniter4/framework/system/Database/BaseBuilder.php(2263): CodeIgniter\Database\BaseConnection->query()
#4 /media/dfranco/e0093d2c-8880-4163-b4b5-d7db8fffa87d/Personal/Projects/CodeIgniter/IsucorpReservation/app/Models/ContactModel.php(30): CodeIgniter\Database\BaseBuilder->insert()
#5 /media/dfranco/e0093d2c-8880-4163-b4b5-d7db8fffa87d/Personal/Projects/CodeIgniter/IsucorpReservation/app/Controllers/ReservationController.php(62): App\Models\ContactModel->contact_add()
#6 /media/dfranco/e0093d2c-8880-4163-b4b5-d7db8fffa87d/Personal/Projects/CodeIgniter/IsucorpReservation/vendor/codeigniter4/framework/system/CodeIgniter.php(936): App\Controllers\ReservationController->store()
#7 /media/dfranco/e0093d2c-8880-4163-b4b5-d7db8fffa87d/Personal/Projects/CodeIgniter/IsucorpReservation/vendor/codeigniter4/framework/system/CodeIgniter.php(432): CodeIgniter\CodeIgniter->runController()
#8 /media/dfranco/e0093d2c-8880-4163-b4b5-d7db8fffa87d/Personal/Projects/CodeIgniter/IsucorpReservation/vendor/codeigniter4/framework/system/CodeIgniter.php(333): CodeIgniter\CodeIgniter->handleRequest()
#9 /media/dfranco/e0093d2c-8880-4163-b4b5-d7db8fffa87d/Personal/Projects/CodeIgniter/IsucorpReservation/public/index.php(44): CodeIgniter\CodeIgniter->run()
#10 {main}
ERROR - 2021-04-01 12:18:26 --> mysqli_sql_exception: Unknown column 'contact_phone' in 'field list' in /media/dfranco/e0093d2c-8880-4163-b4b5-d7db8fffa87d/Personal/Projects/CodeIgniter/IsucorpReservation/vendor/codeigniter4/framework/system/Database/MySQLi/Connection.php:314
Stack trace:
#0 /media/dfranco/e0093d2c-8880-4163-b4b5-d7db8fffa87d/Personal/Projects/CodeIgniter/IsucorpReservation/vendor/codeigniter4/framework/system/Database/MySQLi/Connection.php(314): mysqli->query()
#1 /media/dfranco/e0093d2c-8880-4163-b4b5-d7db8fffa87d/Personal/Projects/CodeIgniter/IsucorpReservation/vendor/codeigniter4/framework/system/Database/BaseConnection.php(713): CodeIgniter\Database\MySQLi\Connection->execute()
#2 /media/dfranco/e0093d2c-8880-4163-b4b5-d7db8fffa87d/Personal/Projects/CodeIgniter/IsucorpReservation/vendor/codeigniter4/framework/system/Database/BaseConnection.php(641): CodeIgniter\Database\BaseConnection->simpleQuery()
#3 /media/dfranco/e0093d2c-8880-4163-b4b5-d7db8fffa87d/Personal/Projects/CodeIgniter/IsucorpReservation/vendor/codeigniter4/framework/system/Database/BaseBuilder.php(2263): CodeIgniter\Database\BaseConnection->query()
#4 /media/dfranco/e0093d2c-8880-4163-b4b5-d7db8fffa87d/Personal/Projects/CodeIgniter/IsucorpReservation/app/Models/ContactModel.php(30): CodeIgniter\Database\BaseBuilder->insert()
#5 /media/dfranco/e0093d2c-8880-4163-b4b5-d7db8fffa87d/Personal/Projects/CodeIgniter/IsucorpReservation/app/Controllers/ReservationController.php(62): App\Models\ContactModel->contact_add()
#6 /media/dfranco/e0093d2c-8880-4163-b4b5-d7db8fffa87d/Personal/Projects/CodeIgniter/IsucorpReservation/vendor/codeigniter4/framework/system/CodeIgniter.php(936): App\Controllers\ReservationController->store()
#7 /media/dfranco/e0093d2c-8880-4163-b4b5-d7db8fffa87d/Personal/Projects/CodeIgniter/IsucorpReservation/vendor/codeigniter4/framework/system/CodeIgniter.php(432): CodeIgniter\CodeIgniter->runController()
#8 /media/dfranco/e0093d2c-8880-4163-b4b5-d7db8fffa87d/Personal/Projects/CodeIgniter/IsucorpReservation/vendor/codeigniter4/framework/system/CodeIgniter.php(333): CodeIgniter\CodeIgniter->handleRequest()
#9 /media/dfranco/e0093d2c-8880-4163-b4b5-d7db8fffa87d/Personal/Projects/CodeIgniter/IsucorpReservation/public/index.php(44): CodeIgniter\CodeIgniter->run()
#10 {main}
CRITICAL - 2021-04-01 12:18:26 --> Unknown column 'contact_phone' in 'field list'
#0 /media/dfranco/e0093d2c-8880-4163-b4b5-d7db8fffa87d/Personal/Projects/CodeIgniter/IsucorpReservation/vendor/codeigniter4/framework/system/Database/MySQLi/Connection.php(314): mysqli->query()
#1 /media/dfranco/e0093d2c-8880-4163-b4b5-d7db8fffa87d/Personal/Projects/CodeIgniter/IsucorpReservation/vendor/codeigniter4/framework/system/Database/BaseConnection.php(713): CodeIgniter\Database\MySQLi\Connection->execute()
#2 /media/dfranco/e0093d2c-8880-4163-b4b5-d7db8fffa87d/Personal/Projects/CodeIgniter/IsucorpReservation/vendor/codeigniter4/framework/system/Database/BaseConnection.php(641): CodeIgniter\Database\BaseConnection->simpleQuery()
#3 /media/dfranco/e0093d2c-8880-4163-b4b5-d7db8fffa87d/Personal/Projects/CodeIgniter/IsucorpReservation/vendor/codeigniter4/framework/system/Database/BaseBuilder.php(2263): CodeIgniter\Database\BaseConnection->query()
#4 /media/dfranco/e0093d2c-8880-4163-b4b5-d7db8fffa87d/Personal/Projects/CodeIgniter/IsucorpReservation/app/Models/ContactModel.php(30): CodeIgniter\Database\BaseBuilder->insert()
#5 /media/dfranco/e0093d2c-8880-4163-b4b5-d7db8fffa87d/Personal/Projects/CodeIgniter/IsucorpReservation/app/Controllers/ReservationController.php(62): App\Models\ContactModel->contact_add()
#6 /media/dfranco/e0093d2c-8880-4163-b4b5-d7db8fffa87d/Personal/Projects/CodeIgniter/IsucorpReservation/vendor/codeigniter4/framework/system/CodeIgniter.php(936): App\Controllers\ReservationController->store()
#7 /media/dfranco/e0093d2c-8880-4163-b4b5-d7db8fffa87d/Personal/Projects/CodeIgniter/IsucorpReservation/vendor/codeigniter4/framework/system/CodeIgniter.php(432): CodeIgniter\CodeIgniter->runController()
#8 /media/dfranco/e0093d2c-8880-4163-b4b5-d7db8fffa87d/Personal/Projects/CodeIgniter/IsucorpReservation/vendor/codeigniter4/framework/system/CodeIgniter.php(333): CodeIgniter\CodeIgniter->handleRequest()
#9 /media/dfranco/e0093d2c-8880-4163-b4b5-d7db8fffa87d/Personal/Projects/CodeIgniter/IsucorpReservation/public/index.php(44): CodeIgniter\CodeIgniter->run()
#10 {main}
CRITICAL - 2021-04-01 12:25:45 --> Call to a member function format() on bool
#0 /media/dfranco/e0093d2c-8880-4163-b4b5-d7db8fffa87d/Personal/Projects/CodeIgniter/IsucorpReservation/vendor/codeigniter4/framework/system/CodeIgniter.php(936): App\Controllers\ReservationController->store()
#1 /media/dfranco/e0093d2c-8880-4163-b4b5-d7db8fffa87d/Personal/Projects/CodeIgniter/IsucorpReservation/vendor/codeigniter4/framework/system/CodeIgniter.php(432): CodeIgniter\CodeIgniter->runController()
#2 /media/dfranco/e0093d2c-8880-4163-b4b5-d7db8fffa87d/Personal/Projects/CodeIgniter/IsucorpReservation/vendor/codeigniter4/framework/system/CodeIgniter.php(333): CodeIgniter\CodeIgniter->handleRequest()
#3 /media/dfranco/e0093d2c-8880-4163-b4b5-d7db8fffa87d/Personal/Projects/CodeIgniter/IsucorpReservation/public/index.php(44): CodeIgniter\CodeIgniter->run()
#4 {main}
CRITICAL - 2021-04-01 12:31:20 --> Object of class DateTime could not be converted to string
#0 /media/dfranco/e0093d2c-8880-4163-b4b5-d7db8fffa87d/Personal/Projects/CodeIgniter/IsucorpReservation/vendor/codeigniter4/framework/system/Database/Query.php(426): strtr()
#1 /media/dfranco/e0093d2c-8880-4163-b4b5-d7db8fffa87d/Personal/Projects/CodeIgniter/IsucorpReservation/vendor/codeigniter4/framework/system/Database/Query.php(387): CodeIgniter\Database\Query->matchNamedBinds()
#2 /media/dfranco/e0093d2c-8880-4163-b4b5-d7db8fffa87d/Personal/Projects/CodeIgniter/IsucorpReservation/vendor/codeigniter4/framework/system/Database/Query.php(178): CodeIgniter\Database\Query->compileBinds()
#3 /media/dfranco/e0093d2c-8880-4163-b4b5-d7db8fffa87d/Personal/Projects/CodeIgniter/IsucorpReservation/vendor/codeigniter4/framework/system/Database/BaseConnection.php(641): CodeIgniter\Database\Query->getQuery()
#4 /media/dfranco/e0093d2c-8880-4163-b4b5-d7db8fffa87d/Personal/Projects/CodeIgniter/IsucorpReservation/vendor/codeigniter4/framework/system/Database/BaseBuilder.php(2263): CodeIgniter\Database\BaseConnection->query()
#5 /media/dfranco/e0093d2c-8880-4163-b4b5-d7db8fffa87d/Personal/Projects/CodeIgniter/IsucorpReservation/app/Models/ContactModel.php(30): CodeIgniter\Database\BaseBuilder->insert()
#6 /media/dfranco/e0093d2c-8880-4163-b4b5-d7db8fffa87d/Personal/Projects/CodeIgniter/IsucorpReservation/app/Controllers/ReservationController.php(59): App\Models\ContactModel->contact_add()
#7 /media/dfranco/e0093d2c-8880-4163-b4b5-d7db8fffa87d/Personal/Projects/CodeIgniter/IsucorpReservation/vendor/codeigniter4/framework/system/CodeIgniter.php(936): App\Controllers\ReservationController->store()
#8 /media/dfranco/e0093d2c-8880-4163-b4b5-d7db8fffa87d/Personal/Projects/CodeIgniter/IsucorpReservation/vendor/codeigniter4/framework/system/CodeIgniter.php(432): CodeIgniter\CodeIgniter->runController()
#9 /media/dfranco/e0093d2c-8880-4163-b4b5-d7db8fffa87d/Personal/Projects/CodeIgniter/IsucorpReservation/vendor/codeigniter4/framework/system/CodeIgniter.php(333): CodeIgniter\CodeIgniter->handleRequest()
#10 /media/dfranco/e0093d2c-8880-4163-b4b5-d7db8fffa87d/Personal/Projects/CodeIgniter/IsucorpReservation/public/index.php(44): CodeIgniter\CodeIgniter->run()
#11 {main}
CRITICAL - 2021-04-01 13:02:36 --> Call to a member function findAll() on null
#0 /media/dfranco/e0093d2c-8880-4163-b4b5-d7db8fffa87d/Personal/Projects/CodeIgniter/IsucorpReservation/app/Controllers/ReservationController.php(42): App\Models\ContactTypeModel->get_all_contact_types()
#1 /media/dfranco/e0093d2c-8880-4163-b4b5-d7db8fffa87d/Personal/Projects/CodeIgniter/IsucorpReservation/vendor/codeigniter4/framework/system/CodeIgniter.php(936): App\Controllers\ReservationController->create()
#2 /media/dfranco/e0093d2c-8880-4163-b4b5-d7db8fffa87d/Personal/Projects/CodeIgniter/IsucorpReservation/vendor/codeigniter4/framework/system/CodeIgniter.php(432): CodeIgniter\CodeIgniter->runController()
#3 /media/dfranco/e0093d2c-8880-4163-b4b5-d7db8fffa87d/Personal/Projects/CodeIgniter/IsucorpReservation/vendor/codeigniter4/framework/system/CodeIgniter.php(333): CodeIgniter\CodeIgniter->handleRequest()
#4 /media/dfranco/e0093d2c-8880-4163-b4b5-d7db8fffa87d/Personal/Projects/CodeIgniter/IsucorpReservation/public/index.php(44): CodeIgniter\CodeIgniter->run()
#5 {main}
CRITICAL - 2021-04-01 18:42:27 --> Cannot declare class App\Database\Seeds\ContactSeeder, because the name is already in use
#0 [internal function]: CodeIgniter\Debug\Exceptions->shutdownHandler()
#1 {main}
ERROR - 2021-04-01 18:42:55 --> mysqli_sql_exception: You have an error in your SQL syntax; check the manual that corresponds to your MySQL server version for the right syntax to use near '0, 1, 2) VALUES (('Contact Type 1','First group of contact','2021-04-01 18:42:55' at line 1 in /media/dfranco/e0093d2c-8880-4163-b4b5-d7db8fffa87d/Personal/Projects/CodeIgniter/IsucorpReservation/vendor/codeigniter4/framework/system/Database/MySQLi/Connection.php:314
Stack trace:
#0 /media/dfranco/e0093d2c-8880-4163-b4b5-d7db8fffa87d/Personal/Projects/CodeIgniter/IsucorpReservation/vendor/codeigniter4/framework/system/Database/MySQLi/Connection.php(314): mysqli->query()
#1 /media/dfranco/e0093d2c-8880-4163-b4b5-d7db8fffa87d/Personal/Projects/CodeIgniter/IsucorpReservation/vendor/codeigniter4/framework/system/Database/BaseConnection.php(713): CodeIgniter\Database\MySQLi\Connection->execute()
#2 /media/dfranco/e0093d2c-8880-4163-b4b5-d7db8fffa87d/Personal/Projects/CodeIgniter/IsucorpReservation/vendor/codeigniter4/framework/system/Database/BaseConnection.php(641): CodeIgniter\Database\BaseConnection->simpleQuery()
#3 /media/dfranco/e0093d2c-8880-4163-b4b5-d7db8fffa87d/Personal/Projects/CodeIgniter/IsucorpReservation/vendor/codeigniter4/framework/system/Database/BaseBuilder.php(2263): CodeIgniter\Database\BaseConnection->query()
#4 /media/dfranco/e0093d2c-8880-4163-b4b5-d7db8fffa87d/Personal/Projects/CodeIgniter/IsucorpReservation/app/Database/Seeds/ContactTypeSeeder.php(35): CodeIgniter\Database\BaseBuilder->insert()
#5 /media/dfranco/e0093d2c-8880-4163-b4b5-d7db8fffa87d/Personal/Projects/CodeIgniter/IsucorpReservation/vendor/codeigniter4/framework/system/Database/Seeder.php(171): App\Database\Seeds\ContactTypeSeeder->run()
#6 /media/dfranco/e0093d2c-8880-4163-b4b5-d7db8fffa87d/Personal/Projects/CodeIgniter/IsucorpReservation/vendor/codeigniter4/framework/system/Commands/Database/Seed.php(83): CodeIgniter\Database\Seeder->call()
#7 /media/dfranco/e0093d2c-8880-4163-b4b5-d7db8fffa87d/Personal/Projects/CodeIgniter/IsucorpReservation/vendor/codeigniter4/framework/system/CLI/Commands.php(70): CodeIgniter\Commands\Database\Seed->run()
#8 /media/dfranco/e0093d2c-8880-4163-b4b5-d7db8fffa87d/Personal/Projects/CodeIgniter/IsucorpReservation/vendor/codeigniter4/framework/system/CLI/CommandRunner.php(80): CodeIgniter\CLI\Commands->run()
#9 /media/dfranco/e0093d2c-8880-4163-b4b5-d7db8fffa87d/Personal/Projects/CodeIgniter/IsucorpReservation/vendor/codeigniter4/framework/system/CLI/CommandRunner.php(58): CodeIgniter\CLI\CommandRunner->index()
#10 /media/dfranco/e0093d2c-8880-4163-b4b5-d7db8fffa87d/Personal/Projects/CodeIgniter/IsucorpReservation/vendor/codeigniter4/framework/system/CodeIgniter.php(932): CodeIgniter\CLI\CommandRunner->_remap()
#11 /media/dfranco/e0093d2c-8880-4163-b4b5-d7db8fffa87d/Personal/Projects/CodeIgniter/IsucorpReservation/vendor/codeigniter4/framework/system/CodeIgniter.php(432): CodeIgniter\CodeIgniter->runController()
#12 /media/dfranco/e0093d2c-8880-4163-b4b5-d7db8fffa87d/Personal/Projects/CodeIgniter/IsucorpReservation/vendor/codeigniter4/framework/system/CodeIgniter.php(333): CodeIgniter\CodeIgniter->handleRequest()
#13 /media/dfranco/e0093d2c-8880-4163-b4b5-d7db8fffa87d/Personal/Projects/CodeIgniter/IsucorpReservation/vendor/codeigniter4/framework/system/CLI/Console.php(61): CodeIgniter\CodeIgniter->run()
#14 /media/dfranco/e0093d2c-8880-4163-b4b5-d7db8fffa87d/Personal/Projects/CodeIgniter/IsucorpReservation/spark(66): CodeIgniter\CLI\Console->run()
#15 {main}
ERROR - 2021-04-01 18:43:40 --> mysqli_sql_exception: You have an error in your SQL syntax; check the manual that corresponds to your MySQL server version for the right syntax to use near '0, 1, 2) VALUES (('Contact Type 1','First group of contact','2021-04-01 18:43:40' at line 1 in /media/dfranco/e0093d2c-8880-4163-b4b5-d7db8fffa87d/Personal/Projects/CodeIgniter/IsucorpReservation/vendor/codeigniter4/framework/system/Database/MySQLi/Connection.php:314
Stack trace:
#0 /media/dfranco/e0093d2c-8880-4163-b4b5-d7db8fffa87d/Personal/Projects/CodeIgniter/IsucorpReservation/vendor/codeigniter4/framework/system/Database/MySQLi/Connection.php(314): mysqli->query()
#1 /media/dfranco/e0093d2c-8880-4163-b4b5-d7db8fffa87d/Personal/Projects/CodeIgniter/IsucorpReservation/vendor/codeigniter4/framework/system/Database/BaseConnection.php(713): CodeIgniter\Database\MySQLi\Connection->execute()
#2 /media/dfranco/e0093d2c-8880-4163-b4b5-d7db8fffa87d/Personal/Projects/CodeIgniter/IsucorpReservation/vendor/codeigniter4/framework/system/Database/BaseConnection.php(641): CodeIgniter\Database\BaseConnection->simpleQuery()
#3 /media/dfranco/e0093d2c-8880-4163-b4b5-d7db8fffa87d/Personal/Projects/CodeIgniter/IsucorpReservation/vendor/codeigniter4/framework/system/Database/BaseBuilder.php(2263): CodeIgniter\Database\BaseConnection->query()
#4 /media/dfranco/e0093d2c-8880-4163-b4b5-d7db8fffa87d/Personal/Projects/CodeIgniter/IsucorpReservation/app/Database/Seeds/ContactTypeSeeder.php(35): CodeIgniter\Database\BaseBuilder->insert()
#5 /media/dfranco/e0093d2c-8880-4163-b4b5-d7db8fffa87d/Personal/Projects/CodeIgniter/IsucorpReservation/vendor/codeigniter4/framework/system/Database/Seeder.php(171): App\Database\Seeds\ContactTypeSeeder->run()
#6 /media/dfranco/e0093d2c-8880-4163-b4b5-d7db8fffa87d/Personal/Projects/CodeIgniter/IsucorpReservation/vendor/codeigniter4/framework/system/Commands/Database/Seed.php(83): CodeIgniter\Database\Seeder->call()
#7 /media/dfranco/e0093d2c-8880-4163-b4b5-d7db8fffa87d/Personal/Projects/CodeIgniter/IsucorpReservation/vendor/codeigniter4/framework/system/CLI/Commands.php(70): CodeIgniter\Commands\Database\Seed->run()
#8 /media/dfranco/e0093d2c-8880-4163-b4b5-d7db8fffa87d/Personal/Projects/CodeIgniter/IsucorpReservation/vendor/codeigniter4/framework/system/CLI/CommandRunner.php(80): CodeIgniter\CLI\Commands->run()
#9 /media/dfranco/e0093d2c-8880-4163-b4b5-d7db8fffa87d/Personal/Projects/CodeIgniter/IsucorpReservation/vendor/codeigniter4/framework/system/CLI/CommandRunner.php(58): CodeIgniter\CLI\CommandRunner->index()
#10 /media/dfranco/e0093d2c-8880-4163-b4b5-d7db8fffa87d/Personal/Projects/CodeIgniter/IsucorpReservation/vendor/codeigniter4/framework/system/CodeIgniter.php(932): CodeIgniter\CLI\CommandRunner->_remap()
#11 /media/dfranco/e0093d2c-8880-4163-b4b5-d7db8fffa87d/Personal/Projects/CodeIgniter/IsucorpReservation/vendor/codeigniter4/framework/system/CodeIgniter.php(432): CodeIgniter\CodeIgniter->runController()
#12 /media/dfranco/e0093d2c-8880-4163-b4b5-d7db8fffa87d/Personal/Projects/CodeIgniter/IsucorpReservation/vendor/codeigniter4/framework/system/CodeIgniter.php(333): CodeIgniter\CodeIgniter->handleRequest()
#13 /media/dfranco/e0093d2c-8880-4163-b4b5-d7db8fffa87d/Personal/Projects/CodeIgniter/IsucorpReservation/vendor/codeigniter4/framework/system/CLI/Console.php(61): CodeIgniter\CodeIgniter->run()
#14 /media/dfranco/e0093d2c-8880-4163-b4b5-d7db8fffa87d/Personal/Projects/CodeIgniter/IsucorpReservation/spark(66): CodeIgniter\CLI\Console->run()
#15 {main}
ERROR - 2021-04-01 18:46:15 --> mysqli_sql_exception: You have an error in your SQL syntax; check the manual that corresponds to your MySQL server version for the right syntax to use near '0, 1, 2) VALUES ((1,'Contact Type 1','First group of contact','2021-04-01 18:46:' at line 1 in /media/dfranco/e0093d2c-8880-4163-b4b5-d7db8fffa87d/Personal/Projects/CodeIgniter/IsucorpReservation/vendor/codeigniter4/framework/system/Database/MySQLi/Connection.php:314
Stack trace:
#0 /media/dfranco/e0093d2c-8880-4163-b4b5-d7db8fffa87d/Personal/Projects/CodeIgniter/IsucorpReservation/vendor/codeigniter4/framework/system/Database/MySQLi/Connection.php(314): mysqli->query()
#1 /media/dfranco/e0093d2c-8880-4163-b4b5-d7db8fffa87d/Personal/Projects/CodeIgniter/IsucorpReservation/vendor/codeigniter4/framework/system/Database/BaseConnection.php(713): CodeIgniter\Database\MySQLi\Connection->execute()
#2 /media/dfranco/e0093d2c-8880-4163-b4b5-d7db8fffa87d/Personal/Projects/CodeIgniter/IsucorpReservation/vendor/codeigniter4/framework/system/Database/BaseConnection.php(641): CodeIgniter\Database\BaseConnection->simpleQuery()
#3 /media/dfranco/e0093d2c-8880-4163-b4b5-d7db8fffa87d/Personal/Projects/CodeIgniter/IsucorpReservation/vendor/codeigniter4/framework/system/Database/BaseBuilder.php(2263): CodeIgniter\Database\BaseConnection->query()
#4 /media/dfranco/e0093d2c-8880-4163-b4b5-d7db8fffa87d/Personal/Projects/CodeIgniter/IsucorpReservation/app/Database/Seeds/ContactTypeSeeder.php(38): CodeIgniter\Database\BaseBuilder->insert()
#5 /media/dfranco/e0093d2c-8880-4163-b4b5-d7db8fffa87d/Personal/Projects/CodeIgniter/IsucorpReservation/vendor/codeigniter4/framework/system/Database/Seeder.php(171): App\Database\Seeds\ContactTypeSeeder->run()
#6 /media/dfranco/e0093d2c-8880-4163-b4b5-d7db8fffa87d/Personal/Projects/CodeIgniter/IsucorpReservation/vendor/codeigniter4/framework/system/Commands/Database/Seed.php(83): CodeIgniter\Database\Seeder->call()
#7 /media/dfranco/e0093d2c-8880-4163-b4b5-d7db8fffa87d/Personal/Projects/CodeIgniter/IsucorpReservation/vendor/codeigniter4/framework/system/CLI/Commands.php(70): CodeIgniter\Commands\Database\Seed->run()
#8 /media/dfranco/e0093d2c-8880-4163-b4b5-d7db8fffa87d/Personal/Projects/CodeIgniter/IsucorpReservation/vendor/codeigniter4/framework/system/CLI/CommandRunner.php(80): CodeIgniter\CLI\Commands->run()
#9 /media/dfranco/e0093d2c-8880-4163-b4b5-d7db8fffa87d/Personal/Projects/CodeIgniter/IsucorpReservation/vendor/codeigniter4/framework/system/CLI/CommandRunner.php(58): CodeIgniter\CLI\CommandRunner->index()
#10 /media/dfranco/e0093d2c-8880-4163-b4b5-d7db8fffa87d/Personal/Projects/CodeIgniter/IsucorpReservation/vendor/codeigniter4/framework/system/CodeIgniter.php(932): CodeIgniter\CLI\CommandRunner->_remap()
#11 /media/dfranco/e0093d2c-8880-4163-b4b5-d7db8fffa87d/Personal/Projects/CodeIgniter/IsucorpReservation/vendor/codeigniter4/framework/system/CodeIgniter.php(432): CodeIgniter\CodeIgniter->runController()
#12 /media/dfranco/e0093d2c-8880-4163-b4b5-d7db8fffa87d/Personal/Projects/CodeIgniter/IsucorpReservation/vendor/codeigniter4/framework/system/CodeIgniter.php(333): CodeIgniter\CodeIgniter->handleRequest()
#13 /media/dfranco/e0093d2c-8880-4163-b4b5-d7db8fffa87d/Personal/Projects/CodeIgniter/IsucorpReservation/vendor/codeigniter4/framework/system/CLI/Console.php(61): CodeIgniter\CodeIgniter->run()
#14 /media/dfranco/e0093d2c-8880-4163-b4b5-d7db8fffa87d/Personal/Projects/CodeIgniter/IsucorpReservation/spark(66): CodeIgniter\CLI\Console->run()
#15 {main}
ERROR - 2021-04-01 18:48:32 --> mysqli_sql_exception: You have an error in your SQL syntax; check the manual that corresponds to your MySQL server version for the right syntax to use near '0, 1, 2) VALUES ((1,'Contact Type 1','First group of contact','2021-04-01 18:48:' at line 1 in /media/dfranco/e0093d2c-8880-4163-b4b5-d7db8fffa87d/Personal/Projects/CodeIgniter/IsucorpReservation/vendor/codeigniter4/framework/system/Database/MySQLi/Connection.php:314
Stack trace:
#0 /media/dfranco/e0093d2c-8880-4163-b4b5-d7db8fffa87d/Personal/Projects/CodeIgniter/IsucorpReservation/vendor/codeigniter4/framework/system/Database/MySQLi/Connection.php(314): mysqli->query()
#1 /media/dfranco/e0093d2c-8880-4163-b4b5-d7db8fffa87d/Personal/Projects/CodeIgniter/IsucorpReservation/vendor/codeigniter4/framework/system/Database/BaseConnection.php(713): CodeIgniter\Database\MySQLi\Connection->execute()
#2 /media/dfranco/e0093d2c-8880-4163-b4b5-d7db8fffa87d/Personal/Projects/CodeIgniter/IsucorpReservation/vendor/codeigniter4/framework/system/Database/BaseConnection.php(641): CodeIgniter\Database\BaseConnection->simpleQuery()
#3 /media/dfranco/e0093d2c-8880-4163-b4b5-d7db8fffa87d/Personal/Projects/CodeIgniter/IsucorpReservation/vendor/codeigniter4/framework/system/Database/BaseBuilder.php(2263): CodeIgniter\Database\BaseConnection->query()
#4 /media/dfranco/e0093d2c-8880-4163-b4b5-d7db8fffa87d/Personal/Projects/CodeIgniter/IsucorpReservation/app/Database/Seeds/ContactTypeSeeder.php(38): CodeIgniter\Database\BaseBuilder->insert()
#5 /media/dfranco/e0093d2c-8880-4163-b4b5-d7db8fffa87d/Personal/Projects/CodeIgniter/IsucorpReservation/vendor/codeigniter4/framework/system/Database/Seeder.php(171): App\Database\Seeds\ContactTypeSeeder->run()
#6 /media/dfranco/e0093d2c-8880-4163-b4b5-d7db8fffa87d/Personal/Projects/CodeIgniter/IsucorpReservation/app/Database/Seeds/AllSeeder.php(9): CodeIgniter\Database\Seeder->call()
#7 /media/dfranco/e0093d2c-8880-4163-b4b5-d7db8fffa87d/Personal/Projects/CodeIgniter/IsucorpReservation/vendor/codeigniter4/framework/system/Database/Seeder.php(171): App\Database\Seeds\AllSeeder->run()
#8 /media/dfranco/e0093d2c-8880-4163-b4b5-d7db8fffa87d/Personal/Projects/CodeIgniter/IsucorpReservation/vendor/codeigniter4/framework/system/Commands/Database/Seed.php(83): CodeIgniter\Database\Seeder->call()
#9 /media/dfranco/e0093d2c-8880-4163-b4b5-d7db8fffa87d/Personal/Projects/CodeIgniter/IsucorpReservation/vendor/codeigniter4/framework/system/CLI/Commands.php(70): CodeIgniter\Commands\Database\Seed->run()
#10 /media/dfranco/e0093d2c-8880-4163-b4b5-d7db8fffa87d/Personal/Projects/CodeIgniter/IsucorpReservation/vendor/codeigniter4/framework/system/CLI/CommandRunner.php(80): CodeIgniter\CLI\Commands->run()
#11 /media/dfranco/e0093d2c-8880-4163-b4b5-d7db8fffa87d/Personal/Projects/CodeIgniter/IsucorpReservation/vendor/codeigniter4/framework/system/CLI/CommandRunner.php(58): CodeIgniter\CLI\CommandRunner->index()
#12 /media/dfranco/e0093d2c-8880-4163-b4b5-d7db8fffa87d/Personal/Projects/CodeIgniter/IsucorpReservation/vendor/codeigniter4/framework/system/CodeIgniter.php(932): CodeIgniter\CLI\CommandRunner->_remap()
#13 /media/dfranco/e0093d2c-8880-4163-b4b5-d7db8fffa87d/Personal/Projects/CodeIgniter/IsucorpReservation/vendor/codeigniter4/framework/system/CodeIgniter.php(432): CodeIgniter\CodeIgniter->runController()
#14 /media/dfranco/e0093d2c-8880-4163-b4b5-d7db8fffa87d/Personal/Projects/CodeIgniter/IsucorpReservation/vendor/codeigniter4/framework/system/CodeIgniter.php(333): CodeIgniter\CodeIgniter->handleRequest()
#15 /media/dfranco/e0093d2c-8880-4163-b4b5-d7db8fffa87d/Personal/Projects/CodeIgniter/IsucorpReservation/vendor/codeigniter4/framework/system/CLI/Console.php(61): CodeIgniter\CodeIgniter->run()
#16 /media/dfranco/e0093d2c-8880-4163-b4b5-d7db8fffa87d/Personal/Projects/CodeIgniter/IsucorpReservation/spark(66): CodeIgniter\CLI\Console->run()
#17 {main}
ERROR - 2021-04-01 18:49:52 --> mysqli_sql_exception: Unknown column 'address' in 'field list' in /media/dfranco/e0093d2c-8880-4163-b4b5-d7db8fffa87d/Personal/Projects/CodeIgniter/IsucorpReservation/vendor/codeigniter4/framework/system/Database/MySQLi/Connection.php:314
Stack trace:
#0 /media/dfranco/e0093d2c-8880-4163-b4b5-d7db8fffa87d/Personal/Projects/CodeIgniter/IsucorpReservation/vendor/codeigniter4/framework/system/Database/MySQLi/Connection.php(314): mysqli->query()
#1 /media/dfranco/e0093d2c-8880-4163-b4b5-d7db8fffa87d/Personal/Projects/CodeIgniter/IsucorpReservation/vendor/codeigniter4/framework/system/Database/BaseConnection.php(713): CodeIgniter\Database\MySQLi\Connection->execute()
#2 /media/dfranco/e0093d2c-8880-4163-b4b5-d7db8fffa87d/Personal/Projects/CodeIgniter/IsucorpReservation/vendor/codeigniter4/framework/system/Database/BaseConnection.php(641): CodeIgniter\Database\BaseConnection->simpleQuery()
#3 /media/dfranco/e0093d2c-8880-4163-b4b5-d7db8fffa87d/Personal/Projects/CodeIgniter/IsucorpReservation/vendor/codeigniter4/framework/system/Database/BaseBuilder.php(2107): CodeIgniter\Database\BaseConnection->query()
#4 /media/dfranco/e0093d2c-8880-4163-b4b5-d7db8fffa87d/Personal/Projects/CodeIgniter/IsucorpReservation/app/Database/Seeds/ContactTypeSeeder.php(33): CodeIgniter\Database\BaseBuilder->insertBatch()
#5 /media/dfranco/e0093d2c-8880-4163-b4b5-d7db8fffa87d/Personal/Projects/CodeIgniter/IsucorpReservation/vendor/codeigniter4/framework/system/Database/Seeder.php(171): App\Database\Seeds\ContactTypeSeeder->run()
#6 /media/dfranco/e0093d2c-8880-4163-b4b5-d7db8fffa87d/Personal/Projects/CodeIgniter/IsucorpReservation/app/Database/Seeds/AllSeeder.php(9): CodeIgniter\Database\Seeder->call()
#7 /media/dfranco/e0093d2c-8880-4163-b4b5-d7db8fffa87d/Personal/Projects/CodeIgniter/IsucorpReservation/vendor/codeigniter4/framework/system/Database/Seeder.php(171): App\Database\Seeds\AllSeeder->run()
#8 /media/dfranco/e0093d2c-8880-4163-b4b5-d7db8fffa87d/Personal/Projects/CodeIgniter/IsucorpReservation/vendor/codeigniter4/framework/system/Commands/Database/Seed.php(83): CodeIgniter\Database\Seeder->call()
#9 /media/dfranco/e0093d2c-8880-4163-b4b5-d7db8fffa87d/Personal/Projects/CodeIgniter/IsucorpReservation/vendor/codeigniter4/framework/system/CLI/Commands.php(70): CodeIgniter\Commands\Database\Seed->run()
#10 /media/dfranco/e0093d2c-8880-4163-b4b5-d7db8fffa87d/Personal/Projects/CodeIgniter/IsucorpReservation/vendor/codeigniter4/framework/system/CLI/CommandRunner.php(80): CodeIgniter\CLI\Commands->run()
#11 /media/dfranco/e0093d2c-8880-4163-b4b5-d7db8fffa87d/Personal/Projects/CodeIgniter/IsucorpReservation/vendor/codeigniter4/framework/system/CLI/CommandRunner.php(58): CodeIgniter\CLI\CommandRunner->index()
#12 /media/dfranco/e0093d2c-8880-4163-b4b5-d7db8fffa87d/Personal/Projects/CodeIgniter/IsucorpReservation/vendor/codeigniter4/framework/system/CodeIgniter.php(932): CodeIgniter\CLI\CommandRunner->_remap()
#13 /media/dfranco/e0093d2c-8880-4163-b4b5-d7db8fffa87d/Personal/Projects/CodeIgniter/IsucorpReservation/vendor/codeigniter4/framework/system/CodeIgniter.php(432): CodeIgniter\CodeIgniter->runController()
#14 /media/dfranco/e0093d2c-8880-4163-b4b5-d7db8fffa87d/Personal/Projects/CodeIgniter/IsucorpReservation/vendor/codeigniter4/framework/system/CodeIgniter.php(333): CodeIgniter\CodeIgniter->handleRequest()
#15 /media/dfranco/e0093d2c-8880-4163-b4b5-d7db8fffa87d/Personal/Projects/CodeIgniter/IsucorpReservation/vendor/codeigniter4/framework/system/CLI/Console.php(61): CodeIgniter\CodeIgniter->run()
#16 /media/dfranco/e0093d2c-8880-4163-b4b5-d7db8fffa87d/Personal/Projects/CodeIgniter/IsucorpReservation/spark(66): CodeIgniter\CLI\Console->run()
#17 {main}
ERROR - 2021-04-01 18:53:10 --> mysqli_sql_exception: Unknown column 'description' in 'field list' in /media/dfranco/e0093d2c-8880-4163-b4b5-d7db8fffa87d/Personal/Projects/CodeIgniter/IsucorpReservation/vendor/codeigniter4/framework/system/Database/MySQLi/Connection.php:314
Stack trace:
#0 /media/dfranco/e0093d2c-8880-4163-b4b5-d7db8fffa87d/Personal/Projects/CodeIgniter/IsucorpReservation/vendor/codeigniter4/framework/system/Database/MySQLi/Connection.php(314): mysqli->query()
#1 /media/dfranco/e0093d2c-8880-4163-b4b5-d7db8fffa87d/Personal/Projects/CodeIgniter/IsucorpReservation/vendor/codeigniter4/framework/system/Database/BaseConnection.php(713): CodeIgniter\Database\MySQLi\Connection->execute()
#2 /media/dfranco/e0093d2c-8880-4163-b4b5-d7db8fffa87d/Personal/Projects/CodeIgniter/IsucorpReservation/vendor/codeigniter4/framework/system/Database/BaseConnection.php(641): CodeIgniter\Database\BaseConnection->simpleQuery()
#3 /media/dfranco/e0093d2c-8880-4163-b4b5-d7db8fffa87d/Personal/Projects/CodeIgniter/IsucorpReservation/vendor/codeigniter4/framework/system/Database/BaseBuilder.php(2107): CodeIgniter\Database\BaseConnection->query()
#4 /media/dfranco/e0093d2c-8880-4163-b4b5-d7db8fffa87d/Personal/Projects/CodeIgniter/IsucorpReservation/app/Database/Seeds/ContactTypeSeeder.php(33): CodeIgniter\Database\BaseBuilder->insertBatch()
#5 /media/dfranco/e0093d2c-8880-4163-b4b5-d7db8fffa87d/Personal/Projects/CodeIgniter/IsucorpReservation/vendor/codeigniter4/framework/system/Database/Seeder.php(171): App\Database\Seeds\ContactTypeSeeder->run()
#6 /media/dfranco/e0093d2c-8880-4163-b4b5-d7db8fffa87d/Personal/Projects/CodeIgniter/IsucorpReservation/app/Database/Seeds/AllSeeder.php(9): CodeIgniter\Database\Seeder->call()
#7 /media/dfranco/e0093d2c-8880-4163-b4b5-d7db8fffa87d/Personal/Projects/CodeIgniter/IsucorpReservation/vendor/codeigniter4/framework/system/Database/Seeder.php(171): App\Database\Seeds\AllSeeder->run()
#8 /media/dfranco/e0093d2c-8880-4163-b4b5-d7db8fffa87d/Personal/Projects/CodeIgniter/IsucorpReservation/vendor/codeigniter4/framework/system/Commands/Database/Seed.php(83): CodeIgniter\Database\Seeder->call()
#9 /media/dfranco/e0093d2c-8880-4163-b4b5-d7db8fffa87d/Personal/Projects/CodeIgniter/IsucorpReservation/vendor/codeigniter4/framework/system/CLI/Commands.php(70): CodeIgniter\Commands\Database\Seed->run()
#10 /media/dfranco/e0093d2c-8880-4163-b4b5-d7db8fffa87d/Personal/Projects/CodeIgniter/IsucorpReservation/vendor/codeigniter4/framework/system/CLI/CommandRunner.php(80): CodeIgniter\CLI\Commands->run()
#11 /media/dfranco/e0093d2c-8880-4163-b4b5-d7db8fffa87d/Personal/Projects/CodeIgniter/IsucorpReservation/vendor/codeigniter4/framework/system/CLI/CommandRunner.php(58): CodeIgniter\CLI\CommandRunner->index()
#12 /media/dfranco/e0093d2c-8880-4163-b4b5-d7db8fffa87d/Personal/Projects/CodeIgniter/IsucorpReservation/vendor/codeigniter4/framework/system/CodeIgniter.php(932): CodeIgniter\CLI\CommandRunner->_remap()
#13 /media/dfranco/e0093d2c-8880-4163-b4b5-d7db8fffa87d/Personal/Projects/CodeIgniter/IsucorpReservation/vendor/codeigniter4/framework/system/CodeIgniter.php(432): CodeIgniter\CodeIgniter->runController()
#14 /media/dfranco/e0093d2c-8880-4163-b4b5-d7db8fffa87d/Personal/Projects/CodeIgniter/IsucorpReservation/vendor/codeigniter4/framework/system/CodeIgniter.php(333): CodeIgniter\CodeIgniter->handleRequest()
#15 /media/dfranco/e0093d2c-8880-4163-b4b5-d7db8fffa87d/Personal/Projects/CodeIgniter/IsucorpReservation/vendor/codeigniter4/framework/system/CLI/Console.php(61): CodeIgniter\CodeIgniter->run()
#16 /media/dfranco/e0093d2c-8880-4163-b4b5-d7db8fffa87d/Personal/Projects/CodeIgniter/IsucorpReservation/spark(66): CodeIgniter\CLI\Console->run()
#17 {main}
ERROR - 2021-04-01 20:09:01 --> mysqli_sql_exception: Table 'isucorp_db.contact_type' doesn't exist in /media/dfranco/e0093d2c-8880-4163-b4b5-d7db8fffa87d/Personal/Projects/CodeIgniter/IsucorpReservation/vendor/codeigniter4/framework/system/Database/MySQLi/Connection.php:314
Stack trace:
#0 /media/dfranco/e0093d2c-8880-4163-b4b5-d7db8fffa87d/Personal/Projects/CodeIgniter/IsucorpReservation/vendor/codeigniter4/framework/system/Database/MySQLi/Connection.php(314): mysqli->query()
#1 /media/dfranco/e0093d2c-8880-4163-b4b5-d7db8fffa87d/Personal/Projects/CodeIgniter/IsucorpReservation/vendor/codeigniter4/framework/system/Database/BaseConnection.php(713): CodeIgniter\Database\MySQLi\Connection->execute()
#2 /media/dfranco/e0093d2c-8880-4163-b4b5-d7db8fffa87d/Personal/Projects/CodeIgniter/IsucorpReservation/vendor/codeigniter4/framework/system/Database/BaseConnection.php(641): CodeIgniter\Database\BaseConnection->simpleQuery()
#3 /media/dfranco/e0093d2c-8880-4163-b4b5-d7db8fffa87d/Personal/Projects/CodeIgniter/IsucorpReservation/vendor/codeigniter4/framework/system/Database/BaseBuilder.php(1866): CodeIgniter\Database\BaseConnection->query()
#4 /media/dfranco/e0093d2c-8880-4163-b4b5-d7db8fffa87d/Personal/Projects/CodeIgniter/IsucorpReservation/vendor/codeigniter4/framework/system/Model.php(213): CodeIgniter\Database\BaseBuilder->get()
#5 /media/dfranco/e0093d2c-8880-4163-b4b5-d7db8fffa87d/Personal/Projects/CodeIgniter/IsucorpReservation/vendor/codeigniter4/framework/system/BaseModel.php(583): CodeIgniter\Model->doFindAll()
#6 /media/dfranco/e0093d2c-8880-4163-b4b5-d7db8fffa87d/Personal/Projects/CodeIgniter/IsucorpReservation/app/Controllers/ReservationController.php(46): CodeIgniter\BaseModel->findAll()
#7 /media/dfranco/e0093d2c-8880-4163-b4b5-d7db8fffa87d/Personal/Projects/CodeIgniter/IsucorpReservation/vendor/codeigniter4/framework/system/CodeIgniter.php(936): App\Controllers\ReservationController->create()
#8 /media/dfranco/e0093d2c-8880-4163-b4b5-d7db8fffa87d/Personal/Projects/CodeIgniter/IsucorpReservation/vendor/codeigniter4/framework/system/CodeIgniter.php(432): CodeIgniter\CodeIgniter->runController()
#9 /media/dfranco/e0093d2c-8880-4163-b4b5-d7db8fffa87d/Personal/Projects/CodeIgniter/IsucorpReservation/vendor/codeigniter4/framework/system/CodeIgniter.php(333): CodeIgniter\CodeIgniter->handleRequest()
#10 /media/dfranco/e0093d2c-8880-4163-b4b5-d7db8fffa87d/Personal/Projects/CodeIgniter/IsucorpReservation/public/index.php(44): CodeIgniter\CodeIgniter->run()
#11 {main}
CRITICAL - 2021-04-01 20:09:01 --> Table 'isucorp_db.contact_type' doesn't exist
#0 /media/dfranco/e0093d2c-8880-4163-b4b5-d7db8fffa87d/Personal/Projects/CodeIgniter/IsucorpReservation/vendor/codeigniter4/framework/system/Database/MySQLi/Connection.php(314): mysqli->query()
#1 /media/dfranco/e0093d2c-8880-4163-b4b5-d7db8fffa87d/Personal/Projects/CodeIgniter/IsucorpReservation/vendor/codeigniter4/framework/system/Database/BaseConnection.php(713): CodeIgniter\Database\MySQLi\Connection->execute()
#2 /media/dfranco/e0093d2c-8880-4163-b4b5-d7db8fffa87d/Personal/Projects/CodeIgniter/IsucorpReservation/vendor/codeigniter4/framework/system/Database/BaseConnection.php(641): CodeIgniter\Database\BaseConnection->simpleQuery()
#3 /media/dfranco/e0093d2c-8880-4163-b4b5-d7db8fffa87d/Personal/Projects/CodeIgniter/IsucorpReservation/vendor/codeigniter4/framework/system/Database/BaseBuilder.php(1866): CodeIgniter\Database\BaseConnection->query()
#4 /media/dfranco/e0093d2c-8880-4163-b4b5-d7db8fffa87d/Personal/Projects/CodeIgniter/IsucorpReservation/vendor/codeigniter4/framework/system/Model.php(213): CodeIgniter\Database\BaseBuilder->get()
#5 /media/dfranco/e0093d2c-8880-4163-b4b5-d7db8fffa87d/Personal/Projects/CodeIgniter/IsucorpReservation/vendor/codeigniter4/framework/system/BaseModel.php(583): CodeIgniter\Model->doFindAll()
#6 /media/dfranco/e0093d2c-8880-4163-b4b5-d7db8fffa87d/Personal/Projects/CodeIgniter/IsucorpReservation/app/Controllers/ReservationController.php(46): CodeIgniter\BaseModel->findAll()
#7 /media/dfranco/e0093d2c-8880-4163-b4b5-d7db8fffa87d/Personal/Projects/CodeIgniter/IsucorpReservation/vendor/codeigniter4/framework/system/CodeIgniter.php(936): App\Controllers\ReservationController->create()
#8 /media/dfranco/e0093d2c-8880-4163-b4b5-d7db8fffa87d/Personal/Projects/CodeIgniter/IsucorpReservation/vendor/codeigniter4/framework/system/CodeIgniter.php(432): CodeIgniter\CodeIgniter->runController()
#9 /media/dfranco/e0093d2c-8880-4163-b4b5-d7db8fffa87d/Personal/Projects/CodeIgniter/IsucorpReservation/vendor/codeigniter4/framework/system/CodeIgniter.php(333): CodeIgniter\CodeIgniter->handleRequest()
#10 /media/dfranco/e0093d2c-8880-4163-b4b5-d7db8fffa87d/Personal/Projects/CodeIgniter/IsucorpReservation/public/index.php(44): CodeIgniter\CodeIgniter->run()
#11 {main}
CRITICAL - 2021-04-01 20:17:42 --> Too few arguments to function Doctrine\ORM\EntityManager::getRepository(), 0 passed in /media/dfranco/e0093d2c-8880-4163-b4b5-d7db8fffa87d/Personal/Projects/CodeIgniter/IsucorpReservation/app/Controllers/ReservationController.php on line 28 and exactly 1 expected
#0 /media/dfranco/e0093d2c-8880-4163-b4b5-d7db8fffa87d/Personal/Projects/CodeIgniter/IsucorpReservation/app/Controllers/ReservationController.php(28): Doctrine\ORM\EntityManager->getRepository()
#1 /media/dfranco/e0093d2c-8880-4163-b4b5-d7db8fffa87d/Personal/Projects/CodeIgniter/IsucorpReservation/vendor/codeigniter4/framework/system/CodeIgniter.php(936): App\Controllers\ReservationController->index()
#2 /media/dfranco/e0093d2c-8880-4163-b4b5-d7db8fffa87d/Personal/Projects/CodeIgniter/IsucorpReservation/vendor/codeigniter4/framework/system/CodeIgniter.php(432): CodeIgniter\CodeIgniter->runController()
#3 /media/dfranco/e0093d2c-8880-4163-b4b5-d7db8fffa87d/Personal/Projects/CodeIgniter/IsucorpReservation/vendor/codeigniter4/framework/system/CodeIgniter.php(333): CodeIgniter\CodeIgniter->handleRequest()
#4 /media/dfranco/e0093d2c-8880-4163-b4b5-d7db8fffa87d/Personal/Projects/CodeIgniter/IsucorpReservation/public/index.php(44): CodeIgniter\CodeIgniter->run()
#5 {main}
CRITICAL - 2021-04-01 20:18:15 --> Class 'Reservation' does not exist
#0 /media/dfranco/e0093d2c-8880-4163-b4b5-d7db8fffa87d/Personal/Projects/CodeIgniter/IsucorpReservation/vendor/doctrine/persistence/lib/Doctrine/Persistence/Mapping/RuntimeReflectionService.php(37): Doctrine\Persistence\Mapping\MappingException::nonExistingClass()
#1 /media/dfranco/e0093d2c-8880-4163-b4b5-d7db8fffa87d/Personal/Projects/CodeIgniter/IsucorpReservation/vendor/doctrine/persistence/lib/Doctrine/Persistence/Mapping/AbstractClassMetadataFactory.php(251): Doctrine\Persistence\Mapping\RuntimeReflectionService->getParentClasses()
#2 /media/dfranco/e0093d2c-8880-4163-b4b5-d7db8fffa87d/Personal/Projects/CodeIgniter/IsucorpReservation/vendor/doctrine/persistence/lib/Doctrine/Persistence/Mapping/AbstractClassMetadataFactory.php(284): Doctrine\Persistence\Mapping\AbstractClassMetadataFactory->getParentClasses()
#3 /media/dfranco/e0093d2c-8880-4163-b4b5-d7db8fffa87d/Personal/Projects/CodeIgniter/IsucorpReservation/vendor/doctrine/orm/lib/Doctrine/ORM/Mapping/ClassMetadataFactory.php(80): Doctrine\Persistence\Mapping\AbstractClassMetadataFactory->loadMetadata()
#4 /media/dfranco/e0093d2c-8880-4163-b4b5-d7db8fffa87d/Personal/Projects/CodeIgniter/IsucorpReservation/vendor/doctrine/persistence/lib/Doctrine/Persistence/Mapping/AbstractClassMetadataFactory.php(184): Doctrine\ORM\Mapping\ClassMetadataFactory->loadMetadata()
#5 /media/dfranco/e0093d2c-8880-4163-b4b5-d7db8fffa87d/Personal/Projects/CodeIgniter/IsucorpReservation/vendor/doctrine/orm/lib/Doctrine/ORM/EntityManager.php(293): Doctrine\Persistence\Mapping\AbstractClassMetadataFactory->getMetadataFor()
#6 /media/dfranco/e0093d2c-8880-4163-b4b5-d7db8fffa87d/Personal/Projects/CodeIgniter/IsucorpReservation/vendor/doctrine/orm/lib/Doctrine/ORM/Repository/DefaultRepositoryFactory.php(45): Doctrine\ORM\EntityManager->getClassMetadata()
#7 /media/dfranco/e0093d2c-8880-4163-b4b5-d7db8fffa87d/Personal/Projects/CodeIgniter/IsucorpReservation/vendor/doctrine/orm/lib/Doctrine/ORM/EntityManager.php(758): Doctrine\ORM\Repository\DefaultRepositoryFactory->getRepository()
#8 /media/dfranco/e0093d2c-8880-4163-b4b5-d7db8fffa87d/Personal/Projects/CodeIgniter/IsucorpReservation/app/Controllers/ReservationController.php(28): Doctrine\ORM\EntityManager->getRepository()
#9 /media/dfranco/e0093d2c-8880-4163-b4b5-d7db8fffa87d/Personal/Projects/CodeIgniter/IsucorpReservation/vendor/codeigniter4/framework/system/CodeIgniter.php(936): App\Controllers\ReservationController->index()
#10 /media/dfranco/e0093d2c-8880-4163-b4b5-d7db8fffa87d/Personal/Projects/CodeIgniter/IsucorpReservation/vendor/codeigniter4/framework/system/CodeIgniter.php(432): CodeIgniter\CodeIgniter->runController()
#11 /media/dfranco/e0093d2c-8880-4163-b4b5-d7db8fffa87d/Personal/Projects/CodeIgniter/IsucorpReservation/vendor/codeigniter4/framework/system/CodeIgniter.php(333): CodeIgniter\CodeIgniter->handleRequest()
#12 /media/dfranco/e0093d2c-8880-4163-b4b5-d7db8fffa87d/Personal/Projects/CodeIgniter/IsucorpReservation/public/index.php(44): CodeIgniter\CodeIgniter->run()
#13 {main}
CRITICAL - 2021-04-01 20:19:50 --> Class 'Models\Entities\Reservation' does not exist
#0 /media/dfranco/e0093d2c-8880-4163-b4b5-d7db8fffa87d/Personal/Projects/CodeIgniter/IsucorpReservation/vendor/doctrine/persistence/lib/Doctrine/Persistence/Mapping/RuntimeReflectionService.php(37): Doctrine\Persistence\Mapping\MappingException::nonExistingClass()
#1 /media/dfranco/e0093d2c-8880-4163-b4b5-d7db8fffa87d/Personal/Projects/CodeIgniter/IsucorpReservation/vendor/doctrine/persistence/lib/Doctrine/Persistence/Mapping/AbstractClassMetadataFactory.php(251): Doctrine\Persistence\Mapping\RuntimeReflectionService->getParentClasses()
#2 /media/dfranco/e0093d2c-8880-4163-b4b5-d7db8fffa87d/Personal/Projects/CodeIgniter/IsucorpReservation/vendor/doctrine/persistence/lib/Doctrine/Persistence/Mapping/AbstractClassMetadataFactory.php(284): Doctrine\Persistence\Mapping\AbstractClassMetadataFactory->getParentClasses()
#3 /media/dfranco/e0093d2c-8880-4163-b4b5-d7db8fffa87d/Personal/Projects/CodeIgniter/IsucorpReservation/vendor/doctrine/orm/lib/Doctrine/ORM/Mapping/ClassMetadataFactory.php(80): Doctrine\Persistence\Mapping\AbstractClassMetadataFactory->loadMetadata()
#4 /media/dfranco/e0093d2c-8880-4163-b4b5-d7db8fffa87d/Personal/Projects/CodeIgniter/IsucorpReservation/vendor/doctrine/persistence/lib/Doctrine/Persistence/Mapping/AbstractClassMetadataFactory.php(184): Doctrine\ORM\Mapping\ClassMetadataFactory->loadMetadata()
#5 /media/dfranco/e0093d2c-8880-4163-b4b5-d7db8fffa87d/Personal/Projects/CodeIgniter/IsucorpReservation/vendor/doctrine/orm/lib/Doctrine/ORM/EntityManager.php(293): Doctrine\Persistence\Mapping\AbstractClassMetadataFactory->getMetadataFor()
#6 /media/dfranco/e0093d2c-8880-4163-b4b5-d7db8fffa87d/Personal/Projects/CodeIgniter/IsucorpReservation/vendor/doctrine/orm/lib/Doctrine/ORM/Repository/DefaultRepositoryFactory.php(45): Doctrine\ORM\EntityManager->getClassMetadata()
#7 /media/dfranco/e0093d2c-8880-4163-b4b5-d7db8fffa87d/Personal/Projects/CodeIgniter/IsucorpReservation/vendor/doctrine/orm/lib/Doctrine/ORM/EntityManager.php(758): Doctrine\ORM\Repository\DefaultRepositoryFactory->getRepository()
#8 /media/dfranco/e0093d2c-8880-4163-b4b5-d7db8fffa87d/Personal/Projects/CodeIgniter/IsucorpReservation/app/Controllers/ReservationController.php(28): Doctrine\ORM\EntityManager->getRepository()
#9 /media/dfranco/e0093d2c-8880-4163-b4b5-d7db8fffa87d/Personal/Projects/CodeIgniter/IsucorpReservation/vendor/codeigniter4/framework/system/CodeIgniter.php(936): App\Controllers\ReservationController->index()
#10 /media/dfranco/e0093d2c-8880-4163-b4b5-d7db8fffa87d/Personal/Projects/CodeIgniter/IsucorpReservation/vendor/codeigniter4/framework/system/CodeIgniter.php(432): CodeIgniter\CodeIgniter->runController()
#11 /media/dfranco/e0093d2c-8880-4163-b4b5-d7db8fffa87d/Personal/Projects/CodeIgniter/IsucorpReservation/vendor/codeigniter4/framework/system/CodeIgniter.php(333): CodeIgniter\CodeIgniter->handleRequest()
#12 /media/dfranco/e0093d2c-8880-4163-b4b5-d7db8fffa87d/Personal/Projects/CodeIgniter/IsucorpReservation/public/index.php(44): CodeIgniter\CodeIgniter->run()
#13 {main}
CRITICAL - 2021-04-01 20:19:52 --> Class 'Models\Entities\Reservation' does not exist
#0 /media/dfranco/e0093d2c-8880-4163-b4b5-d7db8fffa87d/Personal/Projects/CodeIgniter/IsucorpReservation/vendor/doctrine/persistence/lib/Doctrine/Persistence/Mapping/RuntimeReflectionService.php(37): Doctrine\Persistence\Mapping\MappingException::nonExistingClass()
#1 /media/dfranco/e0093d2c-8880-4163-b4b5-d7db8fffa87d/Personal/Projects/CodeIgniter/IsucorpReservation/vendor/doctrine/persistence/lib/Doctrine/Persistence/Mapping/AbstractClassMetadataFactory.php(251): Doctrine\Persistence\Mapping\RuntimeReflectionService->getParentClasses()
#2 /media/dfranco/e0093d2c-8880-4163-b4b5-d7db8fffa87d/Personal/Projects/CodeIgniter/IsucorpReservation/vendor/doctrine/persistence/lib/Doctrine/Persistence/Mapping/AbstractClassMetadataFactory.php(284): Doctrine\Persistence\Mapping\AbstractClassMetadataFactory->getParentClasses()
#3 /media/dfranco/e0093d2c-8880-4163-b4b5-d7db8fffa87d/Personal/Projects/CodeIgniter/IsucorpReservation/vendor/doctrine/orm/lib/Doctrine/ORM/Mapping/ClassMetadataFactory.php(80): Doctrine\Persistence\Mapping\AbstractClassMetadataFactory->loadMetadata()
#4 /media/dfranco/e0093d2c-8880-4163-b4b5-d7db8fffa87d/Personal/Projects/CodeIgniter/IsucorpReservation/vendor/doctrine/persistence/lib/Doctrine/Persistence/Mapping/AbstractClassMetadataFactory.php(184): Doctrine\ORM\Mapping\ClassMetadataFactory->loadMetadata()
#5 /media/dfranco/e0093d2c-8880-4163-b4b5-d7db8fffa87d/Personal/Projects/CodeIgniter/IsucorpReservation/vendor/doctrine/orm/lib/Doctrine/ORM/EntityManager.php(293): Doctrine\Persistence\Mapping\AbstractClassMetadataFactory->getMetadataFor()
#6 /media/dfranco/e0093d2c-8880-4163-b4b5-d7db8fffa87d/Personal/Projects/CodeIgniter/IsucorpReservation/vendor/doctrine/orm/lib/Doctrine/ORM/Repository/DefaultRepositoryFactory.php(45): Doctrine\ORM\EntityManager->getClassMetadata()
#7 /media/dfranco/e0093d2c-8880-4163-b4b5-d7db8fffa87d/Personal/Projects/CodeIgniter/IsucorpReservation/vendor/doctrine/orm/lib/Doctrine/ORM/EntityManager.php(758): Doctrine\ORM\Repository\DefaultRepositoryFactory->getRepository()
#8 /media/dfranco/e0093d2c-8880-4163-b4b5-d7db8fffa87d/Personal/Projects/CodeIgniter/IsucorpReservation/app/Controllers/ReservationController.php(28): Doctrine\ORM\EntityManager->getRepository()
#9 /media/dfranco/e0093d2c-8880-4163-b4b5-d7db8fffa87d/Personal/Projects/CodeIgniter/IsucorpReservation/vendor/codeigniter4/framework/system/CodeIgniter.php(936): App\Controllers\ReservationController->index()
#10 /media/dfranco/e0093d2c-8880-4163-b4b5-d7db8fffa87d/Personal/Projects/CodeIgniter/IsucorpReservation/vendor/codeigniter4/framework/system/CodeIgniter.php(432): CodeIgniter\CodeIgniter->runController()
#11 /media/dfranco/e0093d2c-8880-4163-b4b5-d7db8fffa87d/Personal/Projects/CodeIgniter/IsucorpReservation/vendor/codeigniter4/framework/system/CodeIgniter.php(333): CodeIgniter\CodeIgniter->handleRequest()
#12 /media/dfranco/e0093d2c-8880-4163-b4b5-d7db8fffa87d/Personal/Projects/CodeIgniter/IsucorpReservation/public/index.php(44): CodeIgniter\CodeIgniter->run()
#13 {main}
CRITICAL - 2021-04-01 20:19:52 --> Class 'Models\Entities\Reservation' does not exist
#0 /media/dfranco/e0093d2c-8880-4163-b4b5-d7db8fffa87d/Personal/Projects/CodeIgniter/IsucorpReservation/vendor/doctrine/persistence/lib/Doctrine/Persistence/Mapping/RuntimeReflectionService.php(37): Doctrine\Persistence\Mapping\MappingException::nonExistingClass()
#1 /media/dfranco/e0093d2c-8880-4163-b4b5-d7db8fffa87d/Personal/Projects/CodeIgniter/IsucorpReservation/vendor/doctrine/persistence/lib/Doctrine/Persistence/Mapping/AbstractClassMetadataFactory.php(251): Doctrine\Persistence\Mapping\RuntimeReflectionService->getParentClasses()
#2 /media/dfranco/e0093d2c-8880-4163-b4b5-d7db8fffa87d/Personal/Projects/CodeIgniter/IsucorpReservation/vendor/doctrine/persistence/lib/Doctrine/Persistence/Mapping/AbstractClassMetadataFactory.php(284): Doctrine\Persistence\Mapping\AbstractClassMetadataFactory->getParentClasses()
#3 /media/dfranco/e0093d2c-8880-4163-b4b5-d7db8fffa87d/Personal/Projects/CodeIgniter/IsucorpReservation/vendor/doctrine/orm/lib/Doctrine/ORM/Mapping/ClassMetadataFactory.php(80): Doctrine\Persistence\Mapping\AbstractClassMetadataFactory->loadMetadata()
#4 /media/dfranco/e0093d2c-8880-4163-b4b5-d7db8fffa87d/Personal/Projects/CodeIgniter/IsucorpReservation/vendor/doctrine/persistence/lib/Doctrine/Persistence/Mapping/AbstractClassMetadataFactory.php(184): Doctrine\ORM\Mapping\ClassMetadataFactory->loadMetadata()
#5 /media/dfranco/e0093d2c-8880-4163-b4b5-d7db8fffa87d/Personal/Projects/CodeIgniter/IsucorpReservation/vendor/doctrine/orm/lib/Doctrine/ORM/EntityManager.php(293): Doctrine\Persistence\Mapping\AbstractClassMetadataFactory->getMetadataFor()
#6 /media/dfranco/e0093d2c-8880-4163-b4b5-d7db8fffa87d/Personal/Projects/CodeIgniter/IsucorpReservation/vendor/doctrine/orm/lib/Doctrine/ORM/Repository/DefaultRepositoryFactory.php(45): Doctrine\ORM\EntityManager->getClassMetadata()
#7 /media/dfranco/e0093d2c-8880-4163-b4b5-d7db8fffa87d/Personal/Projects/CodeIgniter/IsucorpReservation/vendor/doctrine/orm/lib/Doctrine/ORM/EntityManager.php(758): Doctrine\ORM\Repository\DefaultRepositoryFactory->getRepository()
#8 /media/dfranco/e0093d2c-8880-4163-b4b5-d7db8fffa87d/Personal/Projects/CodeIgniter/IsucorpReservation/app/Controllers/ReservationController.php(28): Doctrine\ORM\EntityManager->getRepository()
#9 /media/dfranco/e0093d2c-8880-4163-b4b5-d7db8fffa87d/Personal/Projects/CodeIgniter/IsucorpReservation/vendor/codeigniter4/framework/system/CodeIgniter.php(936): App\Controllers\ReservationController->index()
#10 /media/dfranco/e0093d2c-8880-4163-b4b5-d7db8fffa87d/Personal/Projects/CodeIgniter/IsucorpReservation/vendor/codeigniter4/framework/system/CodeIgniter.php(432): CodeIgniter\CodeIgniter->runController()
#11 /media/dfranco/e0093d2c-8880-4163-b4b5-d7db8fffa87d/Personal/Projects/CodeIgniter/IsucorpReservation/vendor/codeigniter4/framework/system/CodeIgniter.php(333): CodeIgniter\CodeIgniter->handleRequest()
#12 /media/dfranco/e0093d2c-8880-4163-b4b5-d7db8fffa87d/Personal/Projects/CodeIgniter/IsucorpReservation/public/index.php(44): CodeIgniter\CodeIgniter->run()
#13 {main}
