ERROR - 2021-04-02 05:04:55 --> mysqli_sql_exception: Table 'isucorp_db.reservation' doesn't exist in /media/dfranco/e0093d2c-8880-4163-b4b5-d7db8fffa87d/Personal/Projects/CodeIgniter/IsucorpReservation/vendor/codeigniter4/framework/system/Database/MySQLi/Connection.php:314
Stack trace:
#0 /media/dfranco/e0093d2c-8880-4163-b4b5-d7db8fffa87d/Personal/Projects/CodeIgniter/IsucorpReservation/vendor/codeigniter4/framework/system/Database/MySQLi/Connection.php(314): mysqli->query()
#1 /media/dfranco/e0093d2c-8880-4163-b4b5-d7db8fffa87d/Personal/Projects/CodeIgniter/IsucorpReservation/vendor/codeigniter4/framework/system/Database/BaseConnection.php(713): CodeIgniter\Database\MySQLi\Connection->execute()
#2 /media/dfranco/e0093d2c-8880-4163-b4b5-d7db8fffa87d/Personal/Projects/CodeIgniter/IsucorpReservation/vendor/codeigniter4/framework/system/Database/BaseConnection.php(641): CodeIgniter\Database\BaseConnection->simpleQuery()
#3 /media/dfranco/e0093d2c-8880-4163-b4b5-d7db8fffa87d/Personal/Projects/CodeIgniter/IsucorpReservation/app/Models/ReservationModel.php(19): CodeIgniter\Database\BaseConnection->query()
#4 /media/dfranco/e0093d2c-8880-4163-b4b5-d7db8fffa87d/Personal/Projects/CodeIgniter/IsucorpReservation/app/Controllers/ReservationController.php(24): App\Models\ReservationModel->get_all_reservations()
#5 /media/dfranco/e0093d2c-8880-4163-b4b5-d7db8fffa87d/Personal/Projects/CodeIgniter/IsucorpReservation/vendor/codeigniter4/framework/system/CodeIgniter.php(936): App\Controllers\ReservationController->index()
#6 /media/dfranco/e0093d2c-8880-4163-b4b5-d7db8fffa87d/Personal/Projects/CodeIgniter/IsucorpReservation/vendor/codeigniter4/framework/system/CodeIgniter.php(432): CodeIgniter\CodeIgniter->runController()
#7 /media/dfranco/e0093d2c-8880-4163-b4b5-d7db8fffa87d/Personal/Projects/CodeIgniter/IsucorpReservation/vendor/codeigniter4/framework/system/CodeIgniter.php(333): CodeIgniter\CodeIgniter->handleRequest()
#8 /media/dfranco/e0093d2c-8880-4163-b4b5-d7db8fffa87d/Personal/Projects/CodeIgniter/IsucorpReservation/public/index.php(44): CodeIgniter\CodeIgniter->run()
#9 {main}
CRITICAL - 2021-04-02 05:04:55 --> Table 'isucorp_db.reservation' doesn't exist
#0 /media/dfranco/e0093d2c-8880-4163-b4b5-d7db8fffa87d/Personal/Projects/CodeIgniter/IsucorpReservation/vendor/codeigniter4/framework/system/Database/MySQLi/Connection.php(314): mysqli->query()
#1 /media/dfranco/e0093d2c-8880-4163-b4b5-d7db8fffa87d/Personal/Projects/CodeIgniter/IsucorpReservation/vendor/codeigniter4/framework/system/Database/BaseConnection.php(713): CodeIgniter\Database\MySQLi\Connection->execute()
#2 /media/dfranco/e0093d2c-8880-4163-b4b5-d7db8fffa87d/Personal/Projects/CodeIgniter/IsucorpReservation/vendor/codeigniter4/framework/system/Database/BaseConnection.php(641): CodeIgniter\Database\BaseConnection->simpleQuery()
#3 /media/dfranco/e0093d2c-8880-4163-b4b5-d7db8fffa87d/Personal/Projects/CodeIgniter/IsucorpReservation/app/Models/ReservationModel.php(19): CodeIgniter\Database\BaseConnection->query()
#4 /media/dfranco/e0093d2c-8880-4163-b4b5-d7db8fffa87d/Personal/Projects/CodeIgniter/IsucorpReservation/app/Controllers/ReservationController.php(24): App\Models\ReservationModel->get_all_reservations()
#5 /media/dfranco/e0093d2c-8880-4163-b4b5-d7db8fffa87d/Personal/Projects/CodeIgniter/IsucorpReservation/vendor/codeigniter4/framework/system/CodeIgniter.php(936): App\Controllers\ReservationController->index()
#6 /media/dfranco/e0093d2c-8880-4163-b4b5-d7db8fffa87d/Personal/Projects/CodeIgniter/IsucorpReservation/vendor/codeigniter4/framework/system/CodeIgniter.php(432): CodeIgniter\CodeIgniter->runController()
#7 /media/dfranco/e0093d2c-8880-4163-b4b5-d7db8fffa87d/Personal/Projects/CodeIgniter/IsucorpReservation/vendor/codeigniter4/framework/system/CodeIgniter.php(333): CodeIgniter\CodeIgniter->handleRequest()
#8 /media/dfranco/e0093d2c-8880-4163-b4b5-d7db8fffa87d/Personal/Projects/CodeIgniter/IsucorpReservation/public/index.php(44): CodeIgniter\CodeIgniter->run()
#9 {main}
ERROR - 2021-04-02 05:06:33 --> mysqli_sql_exception: Table 'isucorp_db.reservation' doesn't exist in /media/dfranco/e0093d2c-8880-4163-b4b5-d7db8fffa87d/Personal/Projects/CodeIgniter/IsucorpReservation/vendor/codeigniter4/framework/system/Database/MySQLi/Connection.php:314
Stack trace:
#0 /media/dfranco/e0093d2c-8880-4163-b4b5-d7db8fffa87d/Personal/Projects/CodeIgniter/IsucorpReservation/vendor/codeigniter4/framework/system/Database/MySQLi/Connection.php(314): mysqli->query()
#1 /media/dfranco/e0093d2c-8880-4163-b4b5-d7db8fffa87d/Personal/Projects/CodeIgniter/IsucorpReservation/vendor/codeigniter4/framework/system/Database/BaseConnection.php(713): CodeIgniter\Database\MySQLi\Connection->execute()
#2 /media/dfranco/e0093d2c-8880-4163-b4b5-d7db8fffa87d/Personal/Projects/CodeIgniter/IsucorpReservation/vendor/codeigniter4/framework/system/Database/BaseConnection.php(641): CodeIgniter\Database\BaseConnection->simpleQuery()
#3 /media/dfranco/e0093d2c-8880-4163-b4b5-d7db8fffa87d/Personal/Projects/CodeIgniter/IsucorpReservation/app/Models/ReservationModel.php(19): CodeIgniter\Database\BaseConnection->query()
#4 /media/dfranco/e0093d2c-8880-4163-b4b5-d7db8fffa87d/Personal/Projects/CodeIgniter/IsucorpReservation/app/Controllers/ReservationController.php(24): App\Models\ReservationModel->get_all_reservations()
#5 /media/dfranco/e0093d2c-8880-4163-b4b5-d7db8fffa87d/Personal/Projects/CodeIgniter/IsucorpReservation/vendor/codeigniter4/framework/system/CodeIgniter.php(936): App\Controllers\ReservationController->index()
#6 /media/dfranco/e0093d2c-8880-4163-b4b5-d7db8fffa87d/Personal/Projects/CodeIgniter/IsucorpReservation/vendor/codeigniter4/framework/system/CodeIgniter.php(432): CodeIgniter\CodeIgniter->runController()
#7 /media/dfranco/e0093d2c-8880-4163-b4b5-d7db8fffa87d/Personal/Projects/CodeIgniter/IsucorpReservation/vendor/codeigniter4/framework/system/CodeIgniter.php(333): CodeIgniter\CodeIgniter->handleRequest()
#8 /media/dfranco/e0093d2c-8880-4163-b4b5-d7db8fffa87d/Personal/Projects/CodeIgniter/IsucorpReservation/public/index.php(44): CodeIgniter\CodeIgniter->run()
#9 {main}
CRITICAL - 2021-04-02 05:06:33 --> Table 'isucorp_db.reservation' doesn't exist
#0 /media/dfranco/e0093d2c-8880-4163-b4b5-d7db8fffa87d/Personal/Projects/CodeIgniter/IsucorpReservation/vendor/codeigniter4/framework/system/Database/MySQLi/Connection.php(314): mysqli->query()
#1 /media/dfranco/e0093d2c-8880-4163-b4b5-d7db8fffa87d/Personal/Projects/CodeIgniter/IsucorpReservation/vendor/codeigniter4/framework/system/Database/BaseConnection.php(713): CodeIgniter\Database\MySQLi\Connection->execute()
#2 /media/dfranco/e0093d2c-8880-4163-b4b5-d7db8fffa87d/Personal/Projects/CodeIgniter/IsucorpReservation/vendor/codeigniter4/framework/system/Database/BaseConnection.php(641): CodeIgniter\Database\BaseConnection->simpleQuery()
#3 /media/dfranco/e0093d2c-8880-4163-b4b5-d7db8fffa87d/Personal/Projects/CodeIgniter/IsucorpReservation/app/Models/ReservationModel.php(19): CodeIgniter\Database\BaseConnection->query()
#4 /media/dfranco/e0093d2c-8880-4163-b4b5-d7db8fffa87d/Personal/Projects/CodeIgniter/IsucorpReservation/app/Controllers/ReservationController.php(24): App\Models\ReservationModel->get_all_reservations()
#5 /media/dfranco/e0093d2c-8880-4163-b4b5-d7db8fffa87d/Personal/Projects/CodeIgniter/IsucorpReservation/vendor/codeigniter4/framework/system/CodeIgniter.php(936): App\Controllers\ReservationController->index()
#6 /media/dfranco/e0093d2c-8880-4163-b4b5-d7db8fffa87d/Personal/Projects/CodeIgniter/IsucorpReservation/vendor/codeigniter4/framework/system/CodeIgniter.php(432): CodeIgniter\CodeIgniter->runController()
#7 /media/dfranco/e0093d2c-8880-4163-b4b5-d7db8fffa87d/Personal/Projects/CodeIgniter/IsucorpReservation/vendor/codeigniter4/framework/system/CodeIgniter.php(333): CodeIgniter\CodeIgniter->handleRequest()
#8 /media/dfranco/e0093d2c-8880-4163-b4b5-d7db8fffa87d/Personal/Projects/CodeIgniter/IsucorpReservation/public/index.php(44): CodeIgniter\CodeIgniter->run()
#9 {main}
CRITICAL - 2021-04-02 05:10:03 --> Undefined property: stdClass::$date
#0 /media/dfranco/e0093d2c-8880-4163-b4b5-d7db8fffa87d/Personal/Projects/CodeIgniter/IsucorpReservation/app/Views/reservation_list.php(49): CodeIgniter\Debug\Exceptions->errorHandler()
#1 /media/dfranco/e0093d2c-8880-4163-b4b5-d7db8fffa87d/Personal/Projects/CodeIgniter/IsucorpReservation/vendor/codeigniter4/framework/system/View/View.php(220): include('/media/dfranco/...')
#2 /media/dfranco/e0093d2c-8880-4163-b4b5-d7db8fffa87d/Personal/Projects/CodeIgniter/IsucorpReservation/vendor/codeigniter4/framework/system/View/View.php(222): CodeIgniter\View\View->CodeIgniter\View\{closure}()
#3 /media/dfranco/e0093d2c-8880-4163-b4b5-d7db8fffa87d/Personal/Projects/CodeIgniter/IsucorpReservation/vendor/codeigniter4/framework/system/Common.php(1217): CodeIgniter\View\View->render()
#4 /media/dfranco/e0093d2c-8880-4163-b4b5-d7db8fffa87d/Personal/Projects/CodeIgniter/IsucorpReservation/app/Controllers/ReservationController.php(26): view()
#5 /media/dfranco/e0093d2c-8880-4163-b4b5-d7db8fffa87d/Personal/Projects/CodeIgniter/IsucorpReservation/vendor/codeigniter4/framework/system/CodeIgniter.php(936): App\Controllers\ReservationController->index()
#6 /media/dfranco/e0093d2c-8880-4163-b4b5-d7db8fffa87d/Personal/Projects/CodeIgniter/IsucorpReservation/vendor/codeigniter4/framework/system/CodeIgniter.php(432): CodeIgniter\CodeIgniter->runController()
#7 /media/dfranco/e0093d2c-8880-4163-b4b5-d7db8fffa87d/Personal/Projects/CodeIgniter/IsucorpReservation/vendor/codeigniter4/framework/system/CodeIgniter.php(333): CodeIgniter\CodeIgniter->handleRequest()
#8 /media/dfranco/e0093d2c-8880-4163-b4b5-d7db8fffa87d/Personal/Projects/CodeIgniter/IsucorpReservation/public/index.php(44): CodeIgniter\CodeIgniter->run()
#9 {main}
CRITICAL - 2021-04-02 05:15:49 --> Undefined property: stdClass::$date
#0 /media/dfranco/e0093d2c-8880-4163-b4b5-d7db8fffa87d/Personal/Projects/CodeIgniter/IsucorpReservation/app/Views/reservation_list.php(49): CodeIgniter\Debug\Exceptions->errorHandler()
#1 /media/dfranco/e0093d2c-8880-4163-b4b5-d7db8fffa87d/Personal/Projects/CodeIgniter/IsucorpReservation/vendor/codeigniter4/framework/system/View/View.php(220): include('/media/dfranco/...')
#2 /media/dfranco/e0093d2c-8880-4163-b4b5-d7db8fffa87d/Personal/Projects/CodeIgniter/IsucorpReservation/vendor/codeigniter4/framework/system/View/View.php(222): CodeIgniter\View\View->CodeIgniter\View\{closure}()
#3 /media/dfranco/e0093d2c-8880-4163-b4b5-d7db8fffa87d/Personal/Projects/CodeIgniter/IsucorpReservation/vendor/codeigniter4/framework/system/Common.php(1217): CodeIgniter\View\View->render()
#4 /media/dfranco/e0093d2c-8880-4163-b4b5-d7db8fffa87d/Personal/Projects/CodeIgniter/IsucorpReservation/app/Controllers/ReservationController.php(26): view()
#5 /media/dfranco/e0093d2c-8880-4163-b4b5-d7db8fffa87d/Personal/Projects/CodeIgniter/IsucorpReservation/vendor/codeigniter4/framework/system/CodeIgniter.php(936): App\Controllers\ReservationController->index()
#6 /media/dfranco/e0093d2c-8880-4163-b4b5-d7db8fffa87d/Personal/Projects/CodeIgniter/IsucorpReservation/vendor/codeigniter4/framework/system/CodeIgniter.php(432): CodeIgniter\CodeIgniter->runController()
#7 /media/dfranco/e0093d2c-8880-4163-b4b5-d7db8fffa87d/Personal/Projects/CodeIgniter/IsucorpReservation/vendor/codeigniter4/framework/system/CodeIgniter.php(333): CodeIgniter\CodeIgniter->handleRequest()
#8 /media/dfranco/e0093d2c-8880-4163-b4b5-d7db8fffa87d/Personal/Projects/CodeIgniter/IsucorpReservation/public/index.php(44): CodeIgniter\CodeIgniter->run()
#9 {main}
CRITICAL - 2021-04-02 05:23:02 --> Undefined property: stdClass::$hour
#0 /media/dfranco/e0093d2c-8880-4163-b4b5-d7db8fffa87d/Personal/Projects/CodeIgniter/IsucorpReservation/app/Views/reservation_list.php(49): CodeIgniter\Debug\Exceptions->errorHandler()
#1 /media/dfranco/e0093d2c-8880-4163-b4b5-d7db8fffa87d/Personal/Projects/CodeIgniter/IsucorpReservation/vendor/codeigniter4/framework/system/View/View.php(220): include('/media/dfranco/...')
#2 /media/dfranco/e0093d2c-8880-4163-b4b5-d7db8fffa87d/Personal/Projects/CodeIgniter/IsucorpReservation/vendor/codeigniter4/framework/system/View/View.php(222): CodeIgniter\View\View->CodeIgniter\View\{closure}()
#3 /media/dfranco/e0093d2c-8880-4163-b4b5-d7db8fffa87d/Personal/Projects/CodeIgniter/IsucorpReservation/vendor/codeigniter4/framework/system/Common.php(1217): CodeIgniter\View\View->render()
#4 /media/dfranco/e0093d2c-8880-4163-b4b5-d7db8fffa87d/Personal/Projects/CodeIgniter/IsucorpReservation/app/Controllers/ReservationController.php(26): view()
#5 /media/dfranco/e0093d2c-8880-4163-b4b5-d7db8fffa87d/Personal/Projects/CodeIgniter/IsucorpReservation/vendor/codeigniter4/framework/system/CodeIgniter.php(936): App\Controllers\ReservationController->index()
#6 /media/dfranco/e0093d2c-8880-4163-b4b5-d7db8fffa87d/Personal/Projects/CodeIgniter/IsucorpReservation/vendor/codeigniter4/framework/system/CodeIgniter.php(432): CodeIgniter\CodeIgniter->runController()
#7 /media/dfranco/e0093d2c-8880-4163-b4b5-d7db8fffa87d/Personal/Projects/CodeIgniter/IsucorpReservation/vendor/codeigniter4/framework/system/CodeIgniter.php(333): CodeIgniter\CodeIgniter->handleRequest()
#8 /media/dfranco/e0093d2c-8880-4163-b4b5-d7db8fffa87d/Personal/Projects/CodeIgniter/IsucorpReservation/public/index.php(44): CodeIgniter\CodeIgniter->run()
#9 {main}
CRITICAL - 2021-04-02 05:23:24 --> Undefined property: stdClass::$dest_rating
#0 /media/dfranco/e0093d2c-8880-4163-b4b5-d7db8fffa87d/Personal/Projects/CodeIgniter/IsucorpReservation/app/Views/reservation_list.php(50): CodeIgniter\Debug\Exceptions->errorHandler()
#1 /media/dfranco/e0093d2c-8880-4163-b4b5-d7db8fffa87d/Personal/Projects/CodeIgniter/IsucorpReservation/vendor/codeigniter4/framework/system/View/View.php(220): include('/media/dfranco/...')
#2 /media/dfranco/e0093d2c-8880-4163-b4b5-d7db8fffa87d/Personal/Projects/CodeIgniter/IsucorpReservation/vendor/codeigniter4/framework/system/View/View.php(222): CodeIgniter\View\View->CodeIgniter\View\{closure}()
#3 /media/dfranco/e0093d2c-8880-4163-b4b5-d7db8fffa87d/Personal/Projects/CodeIgniter/IsucorpReservation/vendor/codeigniter4/framework/system/Common.php(1217): CodeIgniter\View\View->render()
#4 /media/dfranco/e0093d2c-8880-4163-b4b5-d7db8fffa87d/Personal/Projects/CodeIgniter/IsucorpReservation/app/Controllers/ReservationController.php(26): view()
#5 /media/dfranco/e0093d2c-8880-4163-b4b5-d7db8fffa87d/Personal/Projects/CodeIgniter/IsucorpReservation/vendor/codeigniter4/framework/system/CodeIgniter.php(936): App\Controllers\ReservationController->index()
#6 /media/dfranco/e0093d2c-8880-4163-b4b5-d7db8fffa87d/Personal/Projects/CodeIgniter/IsucorpReservation/vendor/codeigniter4/framework/system/CodeIgniter.php(432): CodeIgniter\CodeIgniter->runController()
#7 /media/dfranco/e0093d2c-8880-4163-b4b5-d7db8fffa87d/Personal/Projects/CodeIgniter/IsucorpReservation/vendor/codeigniter4/framework/system/CodeIgniter.php(333): CodeIgniter\CodeIgniter->handleRequest()
#8 /media/dfranco/e0093d2c-8880-4163-b4b5-d7db8fffa87d/Personal/Projects/CodeIgniter/IsucorpReservation/public/index.php(44): CodeIgniter\CodeIgniter->run()
#9 {main}
CRITICAL - 2021-04-02 05:34:55 --> Undefined property: stdClass::$dest_rating
#0 /media/dfranco/e0093d2c-8880-4163-b4b5-d7db8fffa87d/Personal/Projects/CodeIgniter/IsucorpReservation/app/Views/reservation_list.php(50): CodeIgniter\Debug\Exceptions->errorHandler()
#1 /media/dfranco/e0093d2c-8880-4163-b4b5-d7db8fffa87d/Personal/Projects/CodeIgniter/IsucorpReservation/vendor/codeigniter4/framework/system/View/View.php(220): include('/media/dfranco/...')
#2 /media/dfranco/e0093d2c-8880-4163-b4b5-d7db8fffa87d/Personal/Projects/CodeIgniter/IsucorpReservation/vendor/codeigniter4/framework/system/View/View.php(222): CodeIgniter\View\View->CodeIgniter\View\{closure}()
#3 /media/dfranco/e0093d2c-8880-4163-b4b5-d7db8fffa87d/Personal/Projects/CodeIgniter/IsucorpReservation/vendor/codeigniter4/framework/system/Common.php(1217): CodeIgniter\View\View->render()
#4 /media/dfranco/e0093d2c-8880-4163-b4b5-d7db8fffa87d/Personal/Projects/CodeIgniter/IsucorpReservation/app/Controllers/ReservationController.php(26): view()
#5 /media/dfranco/e0093d2c-8880-4163-b4b5-d7db8fffa87d/Personal/Projects/CodeIgniter/IsucorpReservation/vendor/codeigniter4/framework/system/CodeIgniter.php(936): App\Controllers\ReservationController->index()
#6 /media/dfranco/e0093d2c-8880-4163-b4b5-d7db8fffa87d/Personal/Projects/CodeIgniter/IsucorpReservation/vendor/codeigniter4/framework/system/CodeIgniter.php(432): CodeIgniter\CodeIgniter->runController()
#7 /media/dfranco/e0093d2c-8880-4163-b4b5-d7db8fffa87d/Personal/Projects/CodeIgniter/IsucorpReservation/vendor/codeigniter4/framework/system/CodeIgniter.php(333): CodeIgniter\CodeIgniter->handleRequest()
#8 /media/dfranco/e0093d2c-8880-4163-b4b5-d7db8fffa87d/Personal/Projects/CodeIgniter/IsucorpReservation/public/index.php(44): CodeIgniter\CodeIgniter->run()
#9 {main}
CRITICAL - 2021-04-02 05:35:13 --> Undefined property: stdClass::$id
#0 /media/dfranco/e0093d2c-8880-4163-b4b5-d7db8fffa87d/Personal/Projects/CodeIgniter/IsucorpReservation/app/Views/reservation_list.php(64): CodeIgniter\Debug\Exceptions->errorHandler()
#1 /media/dfranco/e0093d2c-8880-4163-b4b5-d7db8fffa87d/Personal/Projects/CodeIgniter/IsucorpReservation/vendor/codeigniter4/framework/system/View/View.php(220): include('/media/dfranco/...')
#2 /media/dfranco/e0093d2c-8880-4163-b4b5-d7db8fffa87d/Personal/Projects/CodeIgniter/IsucorpReservation/vendor/codeigniter4/framework/system/View/View.php(222): CodeIgniter\View\View->CodeIgniter\View\{closure}()
#3 /media/dfranco/e0093d2c-8880-4163-b4b5-d7db8fffa87d/Personal/Projects/CodeIgniter/IsucorpReservation/vendor/codeigniter4/framework/system/Common.php(1217): CodeIgniter\View\View->render()
#4 /media/dfranco/e0093d2c-8880-4163-b4b5-d7db8fffa87d/Personal/Projects/CodeIgniter/IsucorpReservation/app/Controllers/ReservationController.php(26): view()
#5 /media/dfranco/e0093d2c-8880-4163-b4b5-d7db8fffa87d/Personal/Projects/CodeIgniter/IsucorpReservation/vendor/codeigniter4/framework/system/CodeIgniter.php(936): App\Controllers\ReservationController->index()
#6 /media/dfranco/e0093d2c-8880-4163-b4b5-d7db8fffa87d/Personal/Projects/CodeIgniter/IsucorpReservation/vendor/codeigniter4/framework/system/CodeIgniter.php(432): CodeIgniter\CodeIgniter->runController()
#7 /media/dfranco/e0093d2c-8880-4163-b4b5-d7db8fffa87d/Personal/Projects/CodeIgniter/IsucorpReservation/vendor/codeigniter4/framework/system/CodeIgniter.php(333): CodeIgniter\CodeIgniter->handleRequest()
#8 /media/dfranco/e0093d2c-8880-4163-b4b5-d7db8fffa87d/Personal/Projects/CodeIgniter/IsucorpReservation/public/index.php(44): CodeIgniter\CodeIgniter->run()
#9 {main}
CRITICAL - 2021-04-02 07:36:57 --> Undefined variable: reservations
#0 /media/dfranco/e0093d2c-8880-4163-b4b5-d7db8fffa87d/Personal/Projects/CodeIgniter/IsucorpReservation/app/Views/test.php(35): CodeIgniter\Debug\Exceptions->errorHandler()
#1 /media/dfranco/e0093d2c-8880-4163-b4b5-d7db8fffa87d/Personal/Projects/CodeIgniter/IsucorpReservation/vendor/codeigniter4/framework/system/View/View.php(220): include('/media/dfranco/...')
#2 /media/dfranco/e0093d2c-8880-4163-b4b5-d7db8fffa87d/Personal/Projects/CodeIgniter/IsucorpReservation/vendor/codeigniter4/framework/system/View/View.php(222): CodeIgniter\View\View->CodeIgniter\View\{closure}()
#3 /media/dfranco/e0093d2c-8880-4163-b4b5-d7db8fffa87d/Personal/Projects/CodeIgniter/IsucorpReservation/vendor/codeigniter4/framework/system/Common.php(1217): CodeIgniter\View\View->render()
#4 /media/dfranco/e0093d2c-8880-4163-b4b5-d7db8fffa87d/Personal/Projects/CodeIgniter/IsucorpReservation/app/Controllers/ReservationController.php(26): view()
#5 /media/dfranco/e0093d2c-8880-4163-b4b5-d7db8fffa87d/Personal/Projects/CodeIgniter/IsucorpReservation/vendor/codeigniter4/framework/system/CodeIgniter.php(936): App\Controllers\ReservationController->index()
#6 /media/dfranco/e0093d2c-8880-4163-b4b5-d7db8fffa87d/Personal/Projects/CodeIgniter/IsucorpReservation/vendor/codeigniter4/framework/system/CodeIgniter.php(432): CodeIgniter\CodeIgniter->runController()
#7 /media/dfranco/e0093d2c-8880-4163-b4b5-d7db8fffa87d/Personal/Projects/CodeIgniter/IsucorpReservation/vendor/codeigniter4/framework/system/CodeIgniter.php(333): CodeIgniter\CodeIgniter->handleRequest()
#8 /media/dfranco/e0093d2c-8880-4163-b4b5-d7db8fffa87d/Personal/Projects/CodeIgniter/IsucorpReservation/public/index.php(44): CodeIgniter\CodeIgniter->run()
#9 {main}
CRITICAL - 2021-04-02 07:56:44 --> Undefined variable: data
#0 /media/dfranco/e0093d2c-8880-4163-b4b5-d7db8fffa87d/Personal/Projects/CodeIgniter/IsucorpReservation/app/Views/test.php(35): CodeIgniter\Debug\Exceptions->errorHandler()
#1 /media/dfranco/e0093d2c-8880-4163-b4b5-d7db8fffa87d/Personal/Projects/CodeIgniter/IsucorpReservation/vendor/codeigniter4/framework/system/View/View.php(220): include('/media/dfranco/...')
#2 /media/dfranco/e0093d2c-8880-4163-b4b5-d7db8fffa87d/Personal/Projects/CodeIgniter/IsucorpReservation/vendor/codeigniter4/framework/system/View/View.php(222): CodeIgniter\View\View->CodeIgniter\View\{closure}()
#3 /media/dfranco/e0093d2c-8880-4163-b4b5-d7db8fffa87d/Personal/Projects/CodeIgniter/IsucorpReservation/vendor/codeigniter4/framework/system/Common.php(1217): CodeIgniter\View\View->render()
#4 /media/dfranco/e0093d2c-8880-4163-b4b5-d7db8fffa87d/Personal/Projects/CodeIgniter/IsucorpReservation/app/Controllers/ReservationController.php(26): view()
#5 /media/dfranco/e0093d2c-8880-4163-b4b5-d7db8fffa87d/Personal/Projects/CodeIgniter/IsucorpReservation/vendor/codeigniter4/framework/system/CodeIgniter.php(936): App\Controllers\ReservationController->index()
#6 /media/dfranco/e0093d2c-8880-4163-b4b5-d7db8fffa87d/Personal/Projects/CodeIgniter/IsucorpReservation/vendor/codeigniter4/framework/system/CodeIgniter.php(432): CodeIgniter\CodeIgniter->runController()
#7 /media/dfranco/e0093d2c-8880-4163-b4b5-d7db8fffa87d/Personal/Projects/CodeIgniter/IsucorpReservation/vendor/codeigniter4/framework/system/CodeIgniter.php(333): CodeIgniter\CodeIgniter->handleRequest()
#8 /media/dfranco/e0093d2c-8880-4163-b4b5-d7db8fffa87d/Personal/Projects/CodeIgniter/IsucorpReservation/public/index.php(44): CodeIgniter\CodeIgniter->run()
#9 {main}
CRITICAL - 2021-04-02 07:57:15 --> Undefined variable: data
#0 /media/dfranco/e0093d2c-8880-4163-b4b5-d7db8fffa87d/Personal/Projects/CodeIgniter/IsucorpReservation/app/Views/test.php(35): CodeIgniter\Debug\Exceptions->errorHandler()
#1 /media/dfranco/e0093d2c-8880-4163-b4b5-d7db8fffa87d/Personal/Projects/CodeIgniter/IsucorpReservation/vendor/codeigniter4/framework/system/View/View.php(220): include('/media/dfranco/...')
#2 /media/dfranco/e0093d2c-8880-4163-b4b5-d7db8fffa87d/Personal/Projects/CodeIgniter/IsucorpReservation/vendor/codeigniter4/framework/system/View/View.php(222): CodeIgniter\View\View->CodeIgniter\View\{closure}()
#3 /media/dfranco/e0093d2c-8880-4163-b4b5-d7db8fffa87d/Personal/Projects/CodeIgniter/IsucorpReservation/vendor/codeigniter4/framework/system/Common.php(1217): CodeIgniter\View\View->render()
#4 /media/dfranco/e0093d2c-8880-4163-b4b5-d7db8fffa87d/Personal/Projects/CodeIgniter/IsucorpReservation/app/Controllers/ReservationController.php(26): view()
#5 /media/dfranco/e0093d2c-8880-4163-b4b5-d7db8fffa87d/Personal/Projects/CodeIgniter/IsucorpReservation/vendor/codeigniter4/framework/system/CodeIgniter.php(936): App\Controllers\ReservationController->index()
#6 /media/dfranco/e0093d2c-8880-4163-b4b5-d7db8fffa87d/Personal/Projects/CodeIgniter/IsucorpReservation/vendor/codeigniter4/framework/system/CodeIgniter.php(432): CodeIgniter\CodeIgniter->runController()
#7 /media/dfranco/e0093d2c-8880-4163-b4b5-d7db8fffa87d/Personal/Projects/CodeIgniter/IsucorpReservation/vendor/codeigniter4/framework/system/CodeIgniter.php(333): CodeIgniter\CodeIgniter->handleRequest()
#8 /media/dfranco/e0093d2c-8880-4163-b4b5-d7db8fffa87d/Personal/Projects/CodeIgniter/IsucorpReservation/public/index.php(44): CodeIgniter\CodeIgniter->run()
#9 {main}
CRITICAL - 2021-04-02 07:57:24 --> Undefined variable: result
#0 /media/dfranco/e0093d2c-8880-4163-b4b5-d7db8fffa87d/Personal/Projects/CodeIgniter/IsucorpReservation/app/Views/test.php(35): CodeIgniter\Debug\Exceptions->errorHandler()
#1 /media/dfranco/e0093d2c-8880-4163-b4b5-d7db8fffa87d/Personal/Projects/CodeIgniter/IsucorpReservation/vendor/codeigniter4/framework/system/View/View.php(220): include('/media/dfranco/...')
#2 /media/dfranco/e0093d2c-8880-4163-b4b5-d7db8fffa87d/Personal/Projects/CodeIgniter/IsucorpReservation/vendor/codeigniter4/framework/system/View/View.php(222): CodeIgniter\View\View->CodeIgniter\View\{closure}()
#3 /media/dfranco/e0093d2c-8880-4163-b4b5-d7db8fffa87d/Personal/Projects/CodeIgniter/IsucorpReservation/vendor/codeigniter4/framework/system/Common.php(1217): CodeIgniter\View\View->render()
#4 /media/dfranco/e0093d2c-8880-4163-b4b5-d7db8fffa87d/Personal/Projects/CodeIgniter/IsucorpReservation/app/Controllers/ReservationController.php(26): view()
#5 /media/dfranco/e0093d2c-8880-4163-b4b5-d7db8fffa87d/Personal/Projects/CodeIgniter/IsucorpReservation/vendor/codeigniter4/framework/system/CodeIgniter.php(936): App\Controllers\ReservationController->index()
#6 /media/dfranco/e0093d2c-8880-4163-b4b5-d7db8fffa87d/Personal/Projects/CodeIgniter/IsucorpReservation/vendor/codeigniter4/framework/system/CodeIgniter.php(432): CodeIgniter\CodeIgniter->runController()
#7 /media/dfranco/e0093d2c-8880-4163-b4b5-d7db8fffa87d/Personal/Projects/CodeIgniter/IsucorpReservation/vendor/codeigniter4/framework/system/CodeIgniter.php(333): CodeIgniter\CodeIgniter->handleRequest()
#8 /media/dfranco/e0093d2c-8880-4163-b4b5-d7db8fffa87d/Personal/Projects/CodeIgniter/IsucorpReservation/public/index.php(44): CodeIgniter\CodeIgniter->run()
#9 {main}
CRITICAL - 2021-04-02 07:57:35 --> Undefined variable: result
#0 /media/dfranco/e0093d2c-8880-4163-b4b5-d7db8fffa87d/Personal/Projects/CodeIgniter/IsucorpReservation/app/Views/test.php(35): CodeIgniter\Debug\Exceptions->errorHandler()
#1 /media/dfranco/e0093d2c-8880-4163-b4b5-d7db8fffa87d/Personal/Projects/CodeIgniter/IsucorpReservation/vendor/codeigniter4/framework/system/View/View.php(220): include('/media/dfranco/...')
#2 /media/dfranco/e0093d2c-8880-4163-b4b5-d7db8fffa87d/Personal/Projects/CodeIgniter/IsucorpReservation/vendor/codeigniter4/framework/system/View/View.php(222): CodeIgniter\View\View->CodeIgniter\View\{closure}()
#3 /media/dfranco/e0093d2c-8880-4163-b4b5-d7db8fffa87d/Personal/Projects/CodeIgniter/IsucorpReservation/vendor/codeigniter4/framework/system/Common.php(1217): CodeIgniter\View\View->render()
#4 /media/dfranco/e0093d2c-8880-4163-b4b5-d7db8fffa87d/Personal/Projects/CodeIgniter/IsucorpReservation/app/Controllers/ReservationController.php(26): view()
#5 /media/dfranco/e0093d2c-8880-4163-b4b5-d7db8fffa87d/Personal/Projects/CodeIgniter/IsucorpReservation/vendor/codeigniter4/framework/system/CodeIgniter.php(936): App\Controllers\ReservationController->index()
#6 /media/dfranco/e0093d2c-8880-4163-b4b5-d7db8fffa87d/Personal/Projects/CodeIgniter/IsucorpReservation/vendor/codeigniter4/framework/system/CodeIgniter.php(432): CodeIgniter\CodeIgniter->runController()
#7 /media/dfranco/e0093d2c-8880-4163-b4b5-d7db8fffa87d/Personal/Projects/CodeIgniter/IsucorpReservation/vendor/codeigniter4/framework/system/CodeIgniter.php(333): CodeIgniter\CodeIgniter->handleRequest()
#8 /media/dfranco/e0093d2c-8880-4163-b4b5-d7db8fffa87d/Personal/Projects/CodeIgniter/IsucorpReservation/public/index.php(44): CodeIgniter\CodeIgniter->run()
#9 {main}
CRITICAL - 2021-04-02 19:40:01 --> Undefined variable: data
#0 /media/dfranco/e0093d2c-8880-4163-b4b5-d7db8fffa87d/Personal/Projects/CodeIgniter/IsucorpReservation/app/Views/test.php(35): CodeIgniter\Debug\Exceptions->errorHandler()
#1 /media/dfranco/e0093d2c-8880-4163-b4b5-d7db8fffa87d/Personal/Projects/CodeIgniter/IsucorpReservation/vendor/codeigniter4/framework/system/View/View.php(220): include('/media/dfranco/...')
#2 /media/dfranco/e0093d2c-8880-4163-b4b5-d7db8fffa87d/Personal/Projects/CodeIgniter/IsucorpReservation/vendor/codeigniter4/framework/system/View/View.php(222): CodeIgniter\View\View->CodeIgniter\View\{closure}()
#3 /media/dfranco/e0093d2c-8880-4163-b4b5-d7db8fffa87d/Personal/Projects/CodeIgniter/IsucorpReservation/vendor/codeigniter4/framework/system/Common.php(1217): CodeIgniter\View\View->render()
#4 /media/dfranco/e0093d2c-8880-4163-b4b5-d7db8fffa87d/Personal/Projects/CodeIgniter/IsucorpReservation/app/Controllers/ReservationController.php(26): view()
#5 /media/dfranco/e0093d2c-8880-4163-b4b5-d7db8fffa87d/Personal/Projects/CodeIgniter/IsucorpReservation/vendor/codeigniter4/framework/system/CodeIgniter.php(936): App\Controllers\ReservationController->index()
#6 /media/dfranco/e0093d2c-8880-4163-b4b5-d7db8fffa87d/Personal/Projects/CodeIgniter/IsucorpReservation/vendor/codeigniter4/framework/system/CodeIgniter.php(432): CodeIgniter\CodeIgniter->runController()
#7 /media/dfranco/e0093d2c-8880-4163-b4b5-d7db8fffa87d/Personal/Projects/CodeIgniter/IsucorpReservation/vendor/codeigniter4/framework/system/CodeIgniter.php(333): CodeIgniter\CodeIgniter->handleRequest()
#8 /media/dfranco/e0093d2c-8880-4163-b4b5-d7db8fffa87d/Personal/Projects/CodeIgniter/IsucorpReservation/public/index.php(44): CodeIgniter\CodeIgniter->run()
#9 {main}
ERROR - 2021-04-02 20:12:00 --> mysqli_sql_exception: Table 'isucorp_db.contact_type' doesn't exist in /media/dfranco/e0093d2c-8880-4163-b4b5-d7db8fffa87d/Personal/Projects/CodeIgniter/IsucorpReservation/vendor/codeigniter4/framework/system/Database/MySQLi/Connection.php:314
Stack trace:
#0 /media/dfranco/e0093d2c-8880-4163-b4b5-d7db8fffa87d/Personal/Projects/CodeIgniter/IsucorpReservation/vendor/codeigniter4/framework/system/Database/MySQLi/Connection.php(314): mysqli->query()
#1 /media/dfranco/e0093d2c-8880-4163-b4b5-d7db8fffa87d/Personal/Projects/CodeIgniter/IsucorpReservation/vendor/codeigniter4/framework/system/Database/BaseConnection.php(713): CodeIgniter\Database\MySQLi\Connection->execute()
#2 /media/dfranco/e0093d2c-8880-4163-b4b5-d7db8fffa87d/Personal/Projects/CodeIgniter/IsucorpReservation/vendor/codeigniter4/framework/system/Database/BaseConnection.php(641): CodeIgniter\Database\BaseConnection->simpleQuery()
#3 /media/dfranco/e0093d2c-8880-4163-b4b5-d7db8fffa87d/Personal/Projects/CodeIgniter/IsucorpReservation/vendor/codeigniter4/framework/system/Database/BaseBuilder.php(1866): CodeIgniter\Database\BaseConnection->query()
#4 /media/dfranco/e0093d2c-8880-4163-b4b5-d7db8fffa87d/Personal/Projects/CodeIgniter/IsucorpReservation/vendor/codeigniter4/framework/system/Model.php(213): CodeIgniter\Database\BaseBuilder->get()
#5 /media/dfranco/e0093d2c-8880-4163-b4b5-d7db8fffa87d/Personal/Projects/CodeIgniter/IsucorpReservation/vendor/codeigniter4/framework/system/BaseModel.php(583): CodeIgniter\Model->doFindAll()
#6 /media/dfranco/e0093d2c-8880-4163-b4b5-d7db8fffa87d/Personal/Projects/CodeIgniter/IsucorpReservation/app/Controllers/ReservationController.php(47): CodeIgniter\BaseModel->findAll()
#7 /media/dfranco/e0093d2c-8880-4163-b4b5-d7db8fffa87d/Personal/Projects/CodeIgniter/IsucorpReservation/vendor/codeigniter4/framework/system/CodeIgniter.php(936): App\Controllers\ReservationController->create()
#8 /media/dfranco/e0093d2c-8880-4163-b4b5-d7db8fffa87d/Personal/Projects/CodeIgniter/IsucorpReservation/vendor/codeigniter4/framework/system/CodeIgniter.php(432): CodeIgniter\CodeIgniter->runController()
#9 /media/dfranco/e0093d2c-8880-4163-b4b5-d7db8fffa87d/Personal/Projects/CodeIgniter/IsucorpReservation/vendor/codeigniter4/framework/system/CodeIgniter.php(333): CodeIgniter\CodeIgniter->handleRequest()
#10 /media/dfranco/e0093d2c-8880-4163-b4b5-d7db8fffa87d/Personal/Projects/CodeIgniter/IsucorpReservation/public/index.php(44): CodeIgniter\CodeIgniter->run()
#11 {main}
CRITICAL - 2021-04-02 20:12:00 --> Table 'isucorp_db.contact_type' doesn't exist
#0 /media/dfranco/e0093d2c-8880-4163-b4b5-d7db8fffa87d/Personal/Projects/CodeIgniter/IsucorpReservation/vendor/codeigniter4/framework/system/Database/MySQLi/Connection.php(314): mysqli->query()
#1 /media/dfranco/e0093d2c-8880-4163-b4b5-d7db8fffa87d/Personal/Projects/CodeIgniter/IsucorpReservation/vendor/codeigniter4/framework/system/Database/BaseConnection.php(713): CodeIgniter\Database\MySQLi\Connection->execute()
#2 /media/dfranco/e0093d2c-8880-4163-b4b5-d7db8fffa87d/Personal/Projects/CodeIgniter/IsucorpReservation/vendor/codeigniter4/framework/system/Database/BaseConnection.php(641): CodeIgniter\Database\BaseConnection->simpleQuery()
#3 /media/dfranco/e0093d2c-8880-4163-b4b5-d7db8fffa87d/Personal/Projects/CodeIgniter/IsucorpReservation/vendor/codeigniter4/framework/system/Database/BaseBuilder.php(1866): CodeIgniter\Database\BaseConnection->query()
#4 /media/dfranco/e0093d2c-8880-4163-b4b5-d7db8fffa87d/Personal/Projects/CodeIgniter/IsucorpReservation/vendor/codeigniter4/framework/system/Model.php(213): CodeIgniter\Database\BaseBuilder->get()
#5 /media/dfranco/e0093d2c-8880-4163-b4b5-d7db8fffa87d/Personal/Projects/CodeIgniter/IsucorpReservation/vendor/codeigniter4/framework/system/BaseModel.php(583): CodeIgniter\Model->doFindAll()
#6 /media/dfranco/e0093d2c-8880-4163-b4b5-d7db8fffa87d/Personal/Projects/CodeIgniter/IsucorpReservation/app/Controllers/ReservationController.php(47): CodeIgniter\BaseModel->findAll()
#7 /media/dfranco/e0093d2c-8880-4163-b4b5-d7db8fffa87d/Personal/Projects/CodeIgniter/IsucorpReservation/vendor/codeigniter4/framework/system/CodeIgniter.php(936): App\Controllers\ReservationController->create()
#8 /media/dfranco/e0093d2c-8880-4163-b4b5-d7db8fffa87d/Personal/Projects/CodeIgniter/IsucorpReservation/vendor/codeigniter4/framework/system/CodeIgniter.php(432): CodeIgniter\CodeIgniter->runController()
#9 /media/dfranco/e0093d2c-8880-4163-b4b5-d7db8fffa87d/Personal/Projects/CodeIgniter/IsucorpReservation/vendor/codeigniter4/framework/system/CodeIgniter.php(333): CodeIgniter\CodeIgniter->handleRequest()
#10 /media/dfranco/e0093d2c-8880-4163-b4b5-d7db8fffa87d/Personal/Projects/CodeIgniter/IsucorpReservation/public/index.php(44): CodeIgniter\CodeIgniter->run()
#11 {main}
CRITICAL - 2021-04-02 20:12:16 --> Undefined variable: contacts
#0 /media/dfranco/e0093d2c-8880-4163-b4b5-d7db8fffa87d/Personal/Projects/CodeIgniter/IsucorpReservation/app/Views/contact.php(21): CodeIgniter\Debug\Exceptions->errorHandler()
#1 /media/dfranco/e0093d2c-8880-4163-b4b5-d7db8fffa87d/Personal/Projects/CodeIgniter/IsucorpReservation/vendor/codeigniter4/framework/system/View/View.php(220): include('/media/dfranco/...')
#2 /media/dfranco/e0093d2c-8880-4163-b4b5-d7db8fffa87d/Personal/Projects/CodeIgniter/IsucorpReservation/vendor/codeigniter4/framework/system/View/View.php(222): CodeIgniter\View\View->CodeIgniter\View\{closure}()
#3 /media/dfranco/e0093d2c-8880-4163-b4b5-d7db8fffa87d/Personal/Projects/CodeIgniter/IsucorpReservation/vendor/codeigniter4/framework/system/Common.php(1217): CodeIgniter\View\View->render()
#4 /media/dfranco/e0093d2c-8880-4163-b4b5-d7db8fffa87d/Personal/Projects/CodeIgniter/IsucorpReservation/app/Controllers/ReservationController.php(26): view()
#5 /media/dfranco/e0093d2c-8880-4163-b4b5-d7db8fffa87d/Personal/Projects/CodeIgniter/IsucorpReservation/vendor/codeigniter4/framework/system/CodeIgniter.php(936): App\Controllers\ReservationController->index()
#6 /media/dfranco/e0093d2c-8880-4163-b4b5-d7db8fffa87d/Personal/Projects/CodeIgniter/IsucorpReservation/vendor/codeigniter4/framework/system/CodeIgniter.php(432): CodeIgniter\CodeIgniter->runController()
#7 /media/dfranco/e0093d2c-8880-4163-b4b5-d7db8fffa87d/Personal/Projects/CodeIgniter/IsucorpReservation/vendor/codeigniter4/framework/system/CodeIgniter.php(333): CodeIgniter\CodeIgniter->handleRequest()
#8 /media/dfranco/e0093d2c-8880-4163-b4b5-d7db8fffa87d/Personal/Projects/CodeIgniter/IsucorpReservation/public/index.php(44): CodeIgniter\CodeIgniter->run()
#9 {main}
CRITICAL - 2021-04-02 20:17:25 --> Undefined variable: contacts
#0 /media/dfranco/e0093d2c-8880-4163-b4b5-d7db8fffa87d/Personal/Projects/CodeIgniter/IsucorpReservation/app/Views/contact.php(21): CodeIgniter\Debug\Exceptions->errorHandler()
#1 /media/dfranco/e0093d2c-8880-4163-b4b5-d7db8fffa87d/Personal/Projects/CodeIgniter/IsucorpReservation/vendor/codeigniter4/framework/system/View/View.php(220): include('/media/dfranco/...')
#2 /media/dfranco/e0093d2c-8880-4163-b4b5-d7db8fffa87d/Personal/Projects/CodeIgniter/IsucorpReservation/vendor/codeigniter4/framework/system/View/View.php(222): CodeIgniter\View\View->CodeIgniter\View\{closure}()
#3 /media/dfranco/e0093d2c-8880-4163-b4b5-d7db8fffa87d/Personal/Projects/CodeIgniter/IsucorpReservation/vendor/codeigniter4/framework/system/Common.php(1217): CodeIgniter\View\View->render()
#4 /media/dfranco/e0093d2c-8880-4163-b4b5-d7db8fffa87d/Personal/Projects/CodeIgniter/IsucorpReservation/app/Controllers/ContactController.php(12): view()
#5 /media/dfranco/e0093d2c-8880-4163-b4b5-d7db8fffa87d/Personal/Projects/CodeIgniter/IsucorpReservation/vendor/codeigniter4/framework/system/CodeIgniter.php(936): App\Controllers\ContactController->index()
#6 /media/dfranco/e0093d2c-8880-4163-b4b5-d7db8fffa87d/Personal/Projects/CodeIgniter/IsucorpReservation/vendor/codeigniter4/framework/system/CodeIgniter.php(432): CodeIgniter\CodeIgniter->runController()
#7 /media/dfranco/e0093d2c-8880-4163-b4b5-d7db8fffa87d/Personal/Projects/CodeIgniter/IsucorpReservation/vendor/codeigniter4/framework/system/CodeIgniter.php(333): CodeIgniter\CodeIgniter->handleRequest()
#8 /media/dfranco/e0093d2c-8880-4163-b4b5-d7db8fffa87d/Personal/Projects/CodeIgniter/IsucorpReservation/public/index.php(44): CodeIgniter\CodeIgniter->run()
#9 {main}
