CRITICAL - 2021-03-31 10:58:13 --> Invalid file: home.php
#0 /media/dfranco/e0093d2c-8880-4163-b4b5-d7db8fffa87d/Personal/Projects/CodeIgniter/IsucorpReservation/vendor/codeigniter4/framework/system/View/View.php(203): CodeIgniter\Exceptions\FrameworkException::forInvalidFile()
#1 /media/dfranco/e0093d2c-8880-4163-b4b5-d7db8fffa87d/Personal/Projects/CodeIgniter/IsucorpReservation/vendor/codeigniter4/framework/system/Common.php(1217): CodeIgniter\View\View->render()
#2 /media/dfranco/e0093d2c-8880-4163-b4b5-d7db8fffa87d/Personal/Projects/CodeIgniter/IsucorpReservation/app/Controllers/ContactController.php(16): view()
#3 /media/dfranco/e0093d2c-8880-4163-b4b5-d7db8fffa87d/Personal/Projects/CodeIgniter/IsucorpReservation/vendor/codeigniter4/framework/system/CodeIgniter.php(936): App\Controllers\ContactController->index()
#4 /media/dfranco/e0093d2c-8880-4163-b4b5-d7db8fffa87d/Personal/Projects/CodeIgniter/IsucorpReservation/vendor/codeigniter4/framework/system/CodeIgniter.php(432): CodeIgniter\CodeIgniter->runController()
#5 /media/dfranco/e0093d2c-8880-4163-b4b5-d7db8fffa87d/Personal/Projects/CodeIgniter/IsucorpReservation/vendor/codeigniter4/framework/system/CodeIgniter.php(333): CodeIgniter\CodeIgniter->handleRequest()
#6 /media/dfranco/e0093d2c-8880-4163-b4b5-d7db8fffa87d/Personal/Projects/CodeIgniter/IsucorpReservation/public/index.php(44): CodeIgniter\CodeIgniter->run()
#7 {main}
CRITICAL - 2021-03-31 11:20:03 --> json_encode() expects parameter 2 to be int, array given
#0 [internal function]: CodeIgniter\Debug\Exceptions->errorHandler()
#1 /media/dfranco/e0093d2c-8880-4163-b4b5-d7db8fffa87d/Personal/Projects/CodeIgniter/IsucorpReservation/app/Controllers/ReservationController.php(25): json_encode()
#2 /media/dfranco/e0093d2c-8880-4163-b4b5-d7db8fffa87d/Personal/Projects/CodeIgniter/IsucorpReservation/vendor/codeigniter4/framework/system/CodeIgniter.php(936): App\Controllers\ReservationController->sortByDataTable()
#3 /media/dfranco/e0093d2c-8880-4163-b4b5-d7db8fffa87d/Personal/Projects/CodeIgniter/IsucorpReservation/vendor/codeigniter4/framework/system/CodeIgniter.php(432): CodeIgniter\CodeIgniter->runController()
#4 /media/dfranco/e0093d2c-8880-4163-b4b5-d7db8fffa87d/Personal/Projects/CodeIgniter/IsucorpReservation/vendor/codeigniter4/framework/system/CodeIgniter.php(333): CodeIgniter\CodeIgniter->handleRequest()
#5 /media/dfranco/e0093d2c-8880-4163-b4b5-d7db8fffa87d/Personal/Projects/CodeIgniter/IsucorpReservation/public/index.php(44): CodeIgniter\CodeIgniter->run()
#6 {main}
CRITICAL - 2021-03-31 12:34:26 --> Cannot use object of type stdClass as array
#0 /media/dfranco/e0093d2c-8880-4163-b4b5-d7db8fffa87d/Personal/Projects/CodeIgniter/IsucorpReservation/vendor/codeigniter4/framework/system/CodeIgniter.php(936): App\Controllers\ReservationController->sortByDataTable()
#1 /media/dfranco/e0093d2c-8880-4163-b4b5-d7db8fffa87d/Personal/Projects/CodeIgniter/IsucorpReservation/vendor/codeigniter4/framework/system/CodeIgniter.php(432): CodeIgniter\CodeIgniter->runController()
#2 /media/dfranco/e0093d2c-8880-4163-b4b5-d7db8fffa87d/Personal/Projects/CodeIgniter/IsucorpReservation/vendor/codeigniter4/framework/system/CodeIgniter.php(333): CodeIgniter\CodeIgniter->handleRequest()
#3 /media/dfranco/e0093d2c-8880-4163-b4b5-d7db8fffa87d/Personal/Projects/CodeIgniter/IsucorpReservation/public/index.php(44): CodeIgniter\CodeIgniter->run()
#4 {main}
CRITICAL - 2021-03-31 12:35:55 --> Cannot use object of type stdClass as array
#0 /media/dfranco/e0093d2c-8880-4163-b4b5-d7db8fffa87d/Personal/Projects/CodeIgniter/IsucorpReservation/vendor/codeigniter4/framework/system/CodeIgniter.php(936): App\Controllers\ReservationController->sortByDataTable()
#1 /media/dfranco/e0093d2c-8880-4163-b4b5-d7db8fffa87d/Personal/Projects/CodeIgniter/IsucorpReservation/vendor/codeigniter4/framework/system/CodeIgniter.php(432): CodeIgniter\CodeIgniter->runController()
#2 /media/dfranco/e0093d2c-8880-4163-b4b5-d7db8fffa87d/Personal/Projects/CodeIgniter/IsucorpReservation/vendor/codeigniter4/framework/system/CodeIgniter.php(333): CodeIgniter\CodeIgniter->handleRequest()
#3 /media/dfranco/e0093d2c-8880-4163-b4b5-d7db8fffa87d/Personal/Projects/CodeIgniter/IsucorpReservation/public/index.php(44): CodeIgniter\CodeIgniter->run()
#4 {main}
CRITICAL - 2021-03-31 12:38:56 --> Cannot use object of type stdClass as array
#0 /media/dfranco/e0093d2c-8880-4163-b4b5-d7db8fffa87d/Personal/Projects/CodeIgniter/IsucorpReservation/vendor/codeigniter4/framework/system/CodeIgniter.php(936): App\Controllers\ReservationController->sortByDataTable()
#1 /media/dfranco/e0093d2c-8880-4163-b4b5-d7db8fffa87d/Personal/Projects/CodeIgniter/IsucorpReservation/vendor/codeigniter4/framework/system/CodeIgniter.php(432): CodeIgniter\CodeIgniter->runController()
#2 /media/dfranco/e0093d2c-8880-4163-b4b5-d7db8fffa87d/Personal/Projects/CodeIgniter/IsucorpReservation/vendor/codeigniter4/framework/system/CodeIgniter.php(333): CodeIgniter\CodeIgniter->handleRequest()
#3 /media/dfranco/e0093d2c-8880-4163-b4b5-d7db8fffa87d/Personal/Projects/CodeIgniter/IsucorpReservation/public/index.php(44): CodeIgniter\CodeIgniter->run()
#4 {main}
CRITICAL - 2021-03-31 12:38:59 --> Cannot use object of type stdClass as array
#0 /media/dfranco/e0093d2c-8880-4163-b4b5-d7db8fffa87d/Personal/Projects/CodeIgniter/IsucorpReservation/vendor/codeigniter4/framework/system/CodeIgniter.php(936): App\Controllers\ReservationController->sortByDataTable()
#1 /media/dfranco/e0093d2c-8880-4163-b4b5-d7db8fffa87d/Personal/Projects/CodeIgniter/IsucorpReservation/vendor/codeigniter4/framework/system/CodeIgniter.php(432): CodeIgniter\CodeIgniter->runController()
#2 /media/dfranco/e0093d2c-8880-4163-b4b5-d7db8fffa87d/Personal/Projects/CodeIgniter/IsucorpReservation/vendor/codeigniter4/framework/system/CodeIgniter.php(333): CodeIgniter\CodeIgniter->handleRequest()
#3 /media/dfranco/e0093d2c-8880-4163-b4b5-d7db8fffa87d/Personal/Projects/CodeIgniter/IsucorpReservation/public/index.php(44): CodeIgniter\CodeIgniter->run()
#4 {main}
CRITICAL - 2021-03-31 12:39:00 --> Cannot use object of type stdClass as array
#0 /media/dfranco/e0093d2c-8880-4163-b4b5-d7db8fffa87d/Personal/Projects/CodeIgniter/IsucorpReservation/vendor/codeigniter4/framework/system/CodeIgniter.php(936): App\Controllers\ReservationController->sortByDataTable()
#1 /media/dfranco/e0093d2c-8880-4163-b4b5-d7db8fffa87d/Personal/Projects/CodeIgniter/IsucorpReservation/vendor/codeigniter4/framework/system/CodeIgniter.php(432): CodeIgniter\CodeIgniter->runController()
#2 /media/dfranco/e0093d2c-8880-4163-b4b5-d7db8fffa87d/Personal/Projects/CodeIgniter/IsucorpReservation/vendor/codeigniter4/framework/system/CodeIgniter.php(333): CodeIgniter\CodeIgniter->handleRequest()
#3 /media/dfranco/e0093d2c-8880-4163-b4b5-d7db8fffa87d/Personal/Projects/CodeIgniter/IsucorpReservation/public/index.php(44): CodeIgniter\CodeIgniter->run()
#4 {main}
CRITICAL - 2021-03-31 12:40:21 --> Cannot use object of type stdClass as array
#0 /media/dfranco/e0093d2c-8880-4163-b4b5-d7db8fffa87d/Personal/Projects/CodeIgniter/IsucorpReservation/vendor/codeigniter4/framework/system/CodeIgniter.php(936): App\Controllers\ReservationController->sortByDataTable()
#1 /media/dfranco/e0093d2c-8880-4163-b4b5-d7db8fffa87d/Personal/Projects/CodeIgniter/IsucorpReservation/vendor/codeigniter4/framework/system/CodeIgniter.php(432): CodeIgniter\CodeIgniter->runController()
#2 /media/dfranco/e0093d2c-8880-4163-b4b5-d7db8fffa87d/Personal/Projects/CodeIgniter/IsucorpReservation/vendor/codeigniter4/framework/system/CodeIgniter.php(333): CodeIgniter\CodeIgniter->handleRequest()
#3 /media/dfranco/e0093d2c-8880-4163-b4b5-d7db8fffa87d/Personal/Projects/CodeIgniter/IsucorpReservation/public/index.php(44): CodeIgniter\CodeIgniter->run()
#4 {main}
CRITICAL - 2021-03-31 12:41:30 --> Cannot use object of type stdClass as array
#0 /media/dfranco/e0093d2c-8880-4163-b4b5-d7db8fffa87d/Personal/Projects/CodeIgniter/IsucorpReservation/vendor/codeigniter4/framework/system/CodeIgniter.php(936): App\Controllers\ReservationController->sortByDataTable()
#1 /media/dfranco/e0093d2c-8880-4163-b4b5-d7db8fffa87d/Personal/Projects/CodeIgniter/IsucorpReservation/vendor/codeigniter4/framework/system/CodeIgniter.php(432): CodeIgniter\CodeIgniter->runController()
#2 /media/dfranco/e0093d2c-8880-4163-b4b5-d7db8fffa87d/Personal/Projects/CodeIgniter/IsucorpReservation/vendor/codeigniter4/framework/system/CodeIgniter.php(333): CodeIgniter\CodeIgniter->handleRequest()
#3 /media/dfranco/e0093d2c-8880-4163-b4b5-d7db8fffa87d/Personal/Projects/CodeIgniter/IsucorpReservation/public/index.php(44): CodeIgniter\CodeIgniter->run()
#4 {main}
CRITICAL - 2021-03-31 12:41:51 --> Cannot use object of type stdClass as array
#0 /media/dfranco/e0093d2c-8880-4163-b4b5-d7db8fffa87d/Personal/Projects/CodeIgniter/IsucorpReservation/vendor/codeigniter4/framework/system/CodeIgniter.php(936): App\Controllers\ReservationController->sortByDataTable()
#1 /media/dfranco/e0093d2c-8880-4163-b4b5-d7db8fffa87d/Personal/Projects/CodeIgniter/IsucorpReservation/vendor/codeigniter4/framework/system/CodeIgniter.php(432): CodeIgniter\CodeIgniter->runController()
#2 /media/dfranco/e0093d2c-8880-4163-b4b5-d7db8fffa87d/Personal/Projects/CodeIgniter/IsucorpReservation/vendor/codeigniter4/framework/system/CodeIgniter.php(333): CodeIgniter\CodeIgniter->handleRequest()
#3 /media/dfranco/e0093d2c-8880-4163-b4b5-d7db8fffa87d/Personal/Projects/CodeIgniter/IsucorpReservation/public/index.php(44): CodeIgniter\CodeIgniter->run()
#4 {main}
CRITICAL - 2021-03-31 12:42:08 --> Cannot use object of type stdClass as array
#0 /media/dfranco/e0093d2c-8880-4163-b4b5-d7db8fffa87d/Personal/Projects/CodeIgniter/IsucorpReservation/vendor/codeigniter4/framework/system/CodeIgniter.php(936): App\Controllers\ReservationController->sortByDataTable()
#1 /media/dfranco/e0093d2c-8880-4163-b4b5-d7db8fffa87d/Personal/Projects/CodeIgniter/IsucorpReservation/vendor/codeigniter4/framework/system/CodeIgniter.php(432): CodeIgniter\CodeIgniter->runController()
#2 /media/dfranco/e0093d2c-8880-4163-b4b5-d7db8fffa87d/Personal/Projects/CodeIgniter/IsucorpReservation/vendor/codeigniter4/framework/system/CodeIgniter.php(333): CodeIgniter\CodeIgniter->handleRequest()
#3 /media/dfranco/e0093d2c-8880-4163-b4b5-d7db8fffa87d/Personal/Projects/CodeIgniter/IsucorpReservation/public/index.php(44): CodeIgniter\CodeIgniter->run()
#4 {main}
CRITICAL - 2021-03-31 12:42:13 --> Cannot use object of type stdClass as array
#0 /media/dfranco/e0093d2c-8880-4163-b4b5-d7db8fffa87d/Personal/Projects/CodeIgniter/IsucorpReservation/vendor/codeigniter4/framework/system/CodeIgniter.php(936): App\Controllers\ReservationController->sortByDataTable()
#1 /media/dfranco/e0093d2c-8880-4163-b4b5-d7db8fffa87d/Personal/Projects/CodeIgniter/IsucorpReservation/vendor/codeigniter4/framework/system/CodeIgniter.php(432): CodeIgniter\CodeIgniter->runController()
#2 /media/dfranco/e0093d2c-8880-4163-b4b5-d7db8fffa87d/Personal/Projects/CodeIgniter/IsucorpReservation/vendor/codeigniter4/framework/system/CodeIgniter.php(333): CodeIgniter\CodeIgniter->handleRequest()
#3 /media/dfranco/e0093d2c-8880-4163-b4b5-d7db8fffa87d/Personal/Projects/CodeIgniter/IsucorpReservation/public/index.php(44): CodeIgniter\CodeIgniter->run()
#4 {main}
CRITICAL - 2021-03-31 12:44:39 --> Cannot use object of type stdClass as array
#0 /media/dfranco/e0093d2c-8880-4163-b4b5-d7db8fffa87d/Personal/Projects/CodeIgniter/IsucorpReservation/vendor/codeigniter4/framework/system/CodeIgniter.php(936): App\Controllers\ReservationController->sortByDataTable()
#1 /media/dfranco/e0093d2c-8880-4163-b4b5-d7db8fffa87d/Personal/Projects/CodeIgniter/IsucorpReservation/vendor/codeigniter4/framework/system/CodeIgniter.php(432): CodeIgniter\CodeIgniter->runController()
#2 /media/dfranco/e0093d2c-8880-4163-b4b5-d7db8fffa87d/Personal/Projects/CodeIgniter/IsucorpReservation/vendor/codeigniter4/framework/system/CodeIgniter.php(333): CodeIgniter\CodeIgniter->handleRequest()
#3 /media/dfranco/e0093d2c-8880-4163-b4b5-d7db8fffa87d/Personal/Projects/CodeIgniter/IsucorpReservation/public/index.php(44): CodeIgniter\CodeIgniter->run()
#4 {main}
CRITICAL - 2021-03-31 13:15:01 --> Undefined property: stdClass::$addfavorites
#0 /media/dfranco/e0093d2c-8880-4163-b4b5-d7db8fffa87d/Personal/Projects/CodeIgniter/IsucorpReservation/app/Views/reservation_list.php(43): CodeIgniter\Debug\Exceptions->errorHandler()
#1 /media/dfranco/e0093d2c-8880-4163-b4b5-d7db8fffa87d/Personal/Projects/CodeIgniter/IsucorpReservation/vendor/codeigniter4/framework/system/View/View.php(220): include('/media/dfranco/...')
#2 /media/dfranco/e0093d2c-8880-4163-b4b5-d7db8fffa87d/Personal/Projects/CodeIgniter/IsucorpReservation/vendor/codeigniter4/framework/system/View/View.php(222): CodeIgniter\View\View->CodeIgniter\View\{closure}()
#3 /media/dfranco/e0093d2c-8880-4163-b4b5-d7db8fffa87d/Personal/Projects/CodeIgniter/IsucorpReservation/vendor/codeigniter4/framework/system/Common.php(1217): CodeIgniter\View\View->render()
#4 /media/dfranco/e0093d2c-8880-4163-b4b5-d7db8fffa87d/Personal/Projects/CodeIgniter/IsucorpReservation/app/Controllers/ReservationController.php(21): view()
#5 /media/dfranco/e0093d2c-8880-4163-b4b5-d7db8fffa87d/Personal/Projects/CodeIgniter/IsucorpReservation/vendor/codeigniter4/framework/system/CodeIgniter.php(936): App\Controllers\ReservationController->index()
#6 /media/dfranco/e0093d2c-8880-4163-b4b5-d7db8fffa87d/Personal/Projects/CodeIgniter/IsucorpReservation/vendor/codeigniter4/framework/system/CodeIgniter.php(432): CodeIgniter\CodeIgniter->runController()
#7 /media/dfranco/e0093d2c-8880-4163-b4b5-d7db8fffa87d/Personal/Projects/CodeIgniter/IsucorpReservation/vendor/codeigniter4/framework/system/CodeIgniter.php(333): CodeIgniter\CodeIgniter->handleRequest()
#8 /media/dfranco/e0093d2c-8880-4163-b4b5-d7db8fffa87d/Personal/Projects/CodeIgniter/IsucorpReservation/public/index.php(44): CodeIgniter\CodeIgniter->run()
#9 {main}
ERROR - 2021-03-31 15:16:49 --> mysqli_sql_exception: Column 'name' cannot be null in /media/dfranco/e0093d2c-8880-4163-b4b5-d7db8fffa87d/Personal/Projects/CodeIgniter/IsucorpReservation/vendor/codeigniter4/framework/system/Database/MySQLi/Connection.php:314
Stack trace:
#0 /media/dfranco/e0093d2c-8880-4163-b4b5-d7db8fffa87d/Personal/Projects/CodeIgniter/IsucorpReservation/vendor/codeigniter4/framework/system/Database/MySQLi/Connection.php(314): mysqli->query()
#1 /media/dfranco/e0093d2c-8880-4163-b4b5-d7db8fffa87d/Personal/Projects/CodeIgniter/IsucorpReservation/vendor/codeigniter4/framework/system/Database/BaseConnection.php(713): CodeIgniter\Database\MySQLi\Connection->execute()
#2 /media/dfranco/e0093d2c-8880-4163-b4b5-d7db8fffa87d/Personal/Projects/CodeIgniter/IsucorpReservation/vendor/codeigniter4/framework/system/Database/BaseConnection.php(641): CodeIgniter\Database\BaseConnection->simpleQuery()
#3 /media/dfranco/e0093d2c-8880-4163-b4b5-d7db8fffa87d/Personal/Projects/CodeIgniter/IsucorpReservation/vendor/codeigniter4/framework/system/Database/BaseBuilder.php(2263): CodeIgniter\Database\BaseConnection->query()
#4 /media/dfranco/e0093d2c-8880-4163-b4b5-d7db8fffa87d/Personal/Projects/CodeIgniter/IsucorpReservation/app/Models/ReservationModel.php(35): CodeIgniter\Database\BaseBuilder->insert()
#5 /media/dfranco/e0093d2c-8880-4163-b4b5-d7db8fffa87d/Personal/Projects/CodeIgniter/IsucorpReservation/app/Controllers/ReservationController.php(41): App\Models\ReservationModel->resercation_add()
#6 /media/dfranco/e0093d2c-8880-4163-b4b5-d7db8fffa87d/Personal/Projects/CodeIgniter/IsucorpReservation/vendor/codeigniter4/framework/system/CodeIgniter.php(936): App\Controllers\ReservationController->createReservation()
#7 /media/dfranco/e0093d2c-8880-4163-b4b5-d7db8fffa87d/Personal/Projects/CodeIgniter/IsucorpReservation/vendor/codeigniter4/framework/system/CodeIgniter.php(432): CodeIgniter\CodeIgniter->runController()
#8 /media/dfranco/e0093d2c-8880-4163-b4b5-d7db8fffa87d/Personal/Projects/CodeIgniter/IsucorpReservation/vendor/codeigniter4/framework/system/CodeIgniter.php(333): CodeIgniter\CodeIgniter->handleRequest()
#9 /media/dfranco/e0093d2c-8880-4163-b4b5-d7db8fffa87d/Personal/Projects/CodeIgniter/IsucorpReservation/public/index.php(44): CodeIgniter\CodeIgniter->run()
#10 {main}
CRITICAL - 2021-03-31 15:16:49 --> Column 'name' cannot be null
#0 /media/dfranco/e0093d2c-8880-4163-b4b5-d7db8fffa87d/Personal/Projects/CodeIgniter/IsucorpReservation/vendor/codeigniter4/framework/system/Database/MySQLi/Connection.php(314): mysqli->query()
#1 /media/dfranco/e0093d2c-8880-4163-b4b5-d7db8fffa87d/Personal/Projects/CodeIgniter/IsucorpReservation/vendor/codeigniter4/framework/system/Database/BaseConnection.php(713): CodeIgniter\Database\MySQLi\Connection->execute()
#2 /media/dfranco/e0093d2c-8880-4163-b4b5-d7db8fffa87d/Personal/Projects/CodeIgniter/IsucorpReservation/vendor/codeigniter4/framework/system/Database/BaseConnection.php(641): CodeIgniter\Database\BaseConnection->simpleQuery()
#3 /media/dfranco/e0093d2c-8880-4163-b4b5-d7db8fffa87d/Personal/Projects/CodeIgniter/IsucorpReservation/vendor/codeigniter4/framework/system/Database/BaseBuilder.php(2263): CodeIgniter\Database\BaseConnection->query()
#4 /media/dfranco/e0093d2c-8880-4163-b4b5-d7db8fffa87d/Personal/Projects/CodeIgniter/IsucorpReservation/app/Models/ReservationModel.php(35): CodeIgniter\Database\BaseBuilder->insert()
#5 /media/dfranco/e0093d2c-8880-4163-b4b5-d7db8fffa87d/Personal/Projects/CodeIgniter/IsucorpReservation/app/Controllers/ReservationController.php(41): App\Models\ReservationModel->resercation_add()
#6 /media/dfranco/e0093d2c-8880-4163-b4b5-d7db8fffa87d/Personal/Projects/CodeIgniter/IsucorpReservation/vendor/codeigniter4/framework/system/CodeIgniter.php(936): App\Controllers\ReservationController->createReservation()
#7 /media/dfranco/e0093d2c-8880-4163-b4b5-d7db8fffa87d/Personal/Projects/CodeIgniter/IsucorpReservation/vendor/codeigniter4/framework/system/CodeIgniter.php(432): CodeIgniter\CodeIgniter->runController()
#8 /media/dfranco/e0093d2c-8880-4163-b4b5-d7db8fffa87d/Personal/Projects/CodeIgniter/IsucorpReservation/vendor/codeigniter4/framework/system/CodeIgniter.php(333): CodeIgniter\CodeIgniter->handleRequest()
#9 /media/dfranco/e0093d2c-8880-4163-b4b5-d7db8fffa87d/Personal/Projects/CodeIgniter/IsucorpReservation/public/index.php(44): CodeIgniter\CodeIgniter->run()
#10 {main}
