CRITICAL - 2021-04-05 00:20:57 --> Too few arguments to function CodeIgniter\Controller::validate(), 0 passed in /media/dfranco/e0093d2c-8880-4163-b4b5-d7db8fffa87d/Personal/Projects/CodeIgniter/IsucorpReservation/app/Controllers/ContactController.php on line 84 and at least 1 expected
#0 /media/dfranco/e0093d2c-8880-4163-b4b5-d7db8fffa87d/Personal/Projects/CodeIgniter/IsucorpReservation/app/Controllers/ContactController.php(84): CodeIgniter\Controller->validate()
#1 /media/dfranco/e0093d2c-8880-4163-b4b5-d7db8fffa87d/Personal/Projects/CodeIgniter/IsucorpReservation/vendor/codeigniter4/framework/system/CodeIgniter.php(936): App\Controllers\ContactController->store()
#2 /media/dfranco/e0093d2c-8880-4163-b4b5-d7db8fffa87d/Personal/Projects/CodeIgniter/IsucorpReservation/vendor/codeigniter4/framework/system/CodeIgniter.php(432): CodeIgniter\CodeIgniter->runController()
#3 /media/dfranco/e0093d2c-8880-4163-b4b5-d7db8fffa87d/Personal/Projects/CodeIgniter/IsucorpReservation/vendor/codeigniter4/framework/system/CodeIgniter.php(333): CodeIgniter\CodeIgniter->handleRequest()
#4 /media/dfranco/e0093d2c-8880-4163-b4b5-d7db8fffa87d/Personal/Projects/CodeIgniter/IsucorpReservation/public/index.php(44): CodeIgniter\CodeIgniter->run()
#5 {main}
CRITICAL - 2021-04-05 01:34:28 --> Undefined property: CodeIgniter\View\View::$validator
#0 /media/dfranco/e0093d2c-8880-4163-b4b5-d7db8fffa87d/Personal/Projects/CodeIgniter/IsucorpReservation/app/Views/contact_create.php(21): CodeIgniter\Debug\Exceptions->errorHandler()
#1 /media/dfranco/e0093d2c-8880-4163-b4b5-d7db8fffa87d/Personal/Projects/CodeIgniter/IsucorpReservation/vendor/codeigniter4/framework/system/View/View.php(220): include('/media/dfranco/...')
#2 /media/dfranco/e0093d2c-8880-4163-b4b5-d7db8fffa87d/Personal/Projects/CodeIgniter/IsucorpReservation/vendor/codeigniter4/framework/system/View/View.php(222): CodeIgniter\View\View->CodeIgniter\View\{closure}()
#3 /media/dfranco/e0093d2c-8880-4163-b4b5-d7db8fffa87d/Personal/Projects/CodeIgniter/IsucorpReservation/vendor/codeigniter4/framework/system/Common.php(1217): CodeIgniter\View\View->render()
#4 /media/dfranco/e0093d2c-8880-4163-b4b5-d7db8fffa87d/Personal/Projects/CodeIgniter/IsucorpReservation/app/Controllers/ContactController.php(75): view()
#5 /media/dfranco/e0093d2c-8880-4163-b4b5-d7db8fffa87d/Personal/Projects/CodeIgniter/IsucorpReservation/vendor/codeigniter4/framework/system/CodeIgniter.php(936): App\Controllers\ContactController->create()
#6 /media/dfranco/e0093d2c-8880-4163-b4b5-d7db8fffa87d/Personal/Projects/CodeIgniter/IsucorpReservation/vendor/codeigniter4/framework/system/CodeIgniter.php(432): CodeIgniter\CodeIgniter->runController()
#7 /media/dfranco/e0093d2c-8880-4163-b4b5-d7db8fffa87d/Personal/Projects/CodeIgniter/IsucorpReservation/vendor/codeigniter4/framework/system/CodeIgniter.php(333): CodeIgniter\CodeIgniter->handleRequest()
#8 /media/dfranco/e0093d2c-8880-4163-b4b5-d7db8fffa87d/Personal/Projects/CodeIgniter/IsucorpReservation/public/index.php(44): CodeIgniter\CodeIgniter->run()
#9 {main}
CRITICAL - 2021-04-05 01:36:55 --> Call to undefined function form_open()
#0 /media/dfranco/e0093d2c-8880-4163-b4b5-d7db8fffa87d/Personal/Projects/CodeIgniter/IsucorpReservation/vendor/codeigniter4/framework/system/View/View.php(220): include()
#1 /media/dfranco/e0093d2c-8880-4163-b4b5-d7db8fffa87d/Personal/Projects/CodeIgniter/IsucorpReservation/vendor/codeigniter4/framework/system/View/View.php(222): CodeIgniter\View\View->CodeIgniter\View\{closure}()
#2 /media/dfranco/e0093d2c-8880-4163-b4b5-d7db8fffa87d/Personal/Projects/CodeIgniter/IsucorpReservation/vendor/codeigniter4/framework/system/Common.php(1217): CodeIgniter\View\View->render()
#3 /media/dfranco/e0093d2c-8880-4163-b4b5-d7db8fffa87d/Personal/Projects/CodeIgniter/IsucorpReservation/app/Controllers/ContactController.php(77): view()
#4 /media/dfranco/e0093d2c-8880-4163-b4b5-d7db8fffa87d/Personal/Projects/CodeIgniter/IsucorpReservation/vendor/codeigniter4/framework/system/CodeIgniter.php(936): App\Controllers\ContactController->create()
#5 /media/dfranco/e0093d2c-8880-4163-b4b5-d7db8fffa87d/Personal/Projects/CodeIgniter/IsucorpReservation/vendor/codeigniter4/framework/system/CodeIgniter.php(432): CodeIgniter\CodeIgniter->runController()
#6 /media/dfranco/e0093d2c-8880-4163-b4b5-d7db8fffa87d/Personal/Projects/CodeIgniter/IsucorpReservation/vendor/codeigniter4/framework/system/CodeIgniter.php(333): CodeIgniter\CodeIgniter->handleRequest()
#7 /media/dfranco/e0093d2c-8880-4163-b4b5-d7db8fffa87d/Personal/Projects/CodeIgniter/IsucorpReservation/public/index.php(44): CodeIgniter\CodeIgniter->run()
#8 {main}
CRITICAL - 2021-04-05 01:41:23 --> preg_match(): Compilation failed: missing terminating ] for character class at offset 51
#0 [internal function]: CodeIgniter\Debug\Exceptions->errorHandler()
#1 /media/dfranco/e0093d2c-8880-4163-b4b5-d7db8fffa87d/Personal/Projects/CodeIgniter/IsucorpReservation/vendor/codeigniter4/framework/system/Validation/FormatRules.php(208): preg_match()
#2 /media/dfranco/e0093d2c-8880-4163-b4b5-d7db8fffa87d/Personal/Projects/CodeIgniter/IsucorpReservation/vendor/codeigniter4/framework/system/Validation/Validation.php(306): CodeIgniter\Validation\FormatRules->regex_match()
#3 /media/dfranco/e0093d2c-8880-4163-b4b5-d7db8fffa87d/Personal/Projects/CodeIgniter/IsucorpReservation/vendor/codeigniter4/framework/system/Validation/Validation.php(164): CodeIgniter\Validation\Validation->processRules()
#4 /media/dfranco/e0093d2c-8880-4163-b4b5-d7db8fffa87d/Personal/Projects/CodeIgniter/IsucorpReservation/app/Controllers/ContactController.php(122): CodeIgniter\Validation\Validation->run()
#5 /media/dfranco/e0093d2c-8880-4163-b4b5-d7db8fffa87d/Personal/Projects/CodeIgniter/IsucorpReservation/vendor/codeigniter4/framework/system/CodeIgniter.php(936): App\Controllers\ContactController->store()
#6 /media/dfranco/e0093d2c-8880-4163-b4b5-d7db8fffa87d/Personal/Projects/CodeIgniter/IsucorpReservation/vendor/codeigniter4/framework/system/CodeIgniter.php(432): CodeIgniter\CodeIgniter->runController()
#7 /media/dfranco/e0093d2c-8880-4163-b4b5-d7db8fffa87d/Personal/Projects/CodeIgniter/IsucorpReservation/vendor/codeigniter4/framework/system/CodeIgniter.php(333): CodeIgniter\CodeIgniter->handleRequest()
#8 /media/dfranco/e0093d2c-8880-4163-b4b5-d7db8fffa87d/Personal/Projects/CodeIgniter/IsucorpReservation/public/index.php(44): CodeIgniter\CodeIgniter->run()
#9 {main}
CRITICAL - 2021-04-05 01:42:57 --> required|regex_match no es una regla de validación válida.
#0 /media/dfranco/e0093d2c-8880-4163-b4b5-d7db8fffa87d/Personal/Projects/CodeIgniter/IsucorpReservation/vendor/codeigniter4/framework/system/Validation/Validation.php(314): CodeIgniter\Validation\Exceptions\ValidationException::forRuleNotFound()
#1 /media/dfranco/e0093d2c-8880-4163-b4b5-d7db8fffa87d/Personal/Projects/CodeIgniter/IsucorpReservation/vendor/codeigniter4/framework/system/Validation/Validation.php(164): CodeIgniter\Validation\Validation->processRules()
#2 /media/dfranco/e0093d2c-8880-4163-b4b5-d7db8fffa87d/Personal/Projects/CodeIgniter/IsucorpReservation/app/Controllers/ContactController.php(122): CodeIgniter\Validation\Validation->run()
#3 /media/dfranco/e0093d2c-8880-4163-b4b5-d7db8fffa87d/Personal/Projects/CodeIgniter/IsucorpReservation/vendor/codeigniter4/framework/system/CodeIgniter.php(936): App\Controllers\ContactController->store()
#4 /media/dfranco/e0093d2c-8880-4163-b4b5-d7db8fffa87d/Personal/Projects/CodeIgniter/IsucorpReservation/vendor/codeigniter4/framework/system/CodeIgniter.php(432): CodeIgniter\CodeIgniter->runController()
#5 /media/dfranco/e0093d2c-8880-4163-b4b5-d7db8fffa87d/Personal/Projects/CodeIgniter/IsucorpReservation/vendor/codeigniter4/framework/system/CodeIgniter.php(333): CodeIgniter\CodeIgniter->handleRequest()
#6 /media/dfranco/e0093d2c-8880-4163-b4b5-d7db8fffa87d/Personal/Projects/CodeIgniter/IsucorpReservation/public/index.php(44): CodeIgniter\CodeIgniter->run()
#7 {main}
CRITICAL - 2021-04-05 02:32:18 --> Cannot access protected property CodeIgniter\Validation\Validation::$errors
#0 /media/dfranco/e0093d2c-8880-4163-b4b5-d7db8fffa87d/Personal/Projects/CodeIgniter/IsucorpReservation/vendor/codeigniter4/framework/system/CodeIgniter.php(936): App\Controllers\ContactController->store()
#1 /media/dfranco/e0093d2c-8880-4163-b4b5-d7db8fffa87d/Personal/Projects/CodeIgniter/IsucorpReservation/vendor/codeigniter4/framework/system/CodeIgniter.php(432): CodeIgniter\CodeIgniter->runController()
#2 /media/dfranco/e0093d2c-8880-4163-b4b5-d7db8fffa87d/Personal/Projects/CodeIgniter/IsucorpReservation/vendor/codeigniter4/framework/system/CodeIgniter.php(333): CodeIgniter\CodeIgniter->handleRequest()
#3 /media/dfranco/e0093d2c-8880-4163-b4b5-d7db8fffa87d/Personal/Projects/CodeIgniter/IsucorpReservation/public/index.php(44): CodeIgniter\CodeIgniter->run()
#4 {main}
CRITICAL - 2021-04-05 02:33:13 --> Cannot access protected property CodeIgniter\Validation\Validation::$errors
#0 /media/dfranco/e0093d2c-8880-4163-b4b5-d7db8fffa87d/Personal/Projects/CodeIgniter/IsucorpReservation/vendor/codeigniter4/framework/system/CodeIgniter.php(936): App\Controllers\ContactController->store()
#1 /media/dfranco/e0093d2c-8880-4163-b4b5-d7db8fffa87d/Personal/Projects/CodeIgniter/IsucorpReservation/vendor/codeigniter4/framework/system/CodeIgniter.php(432): CodeIgniter\CodeIgniter->runController()
#2 /media/dfranco/e0093d2c-8880-4163-b4b5-d7db8fffa87d/Personal/Projects/CodeIgniter/IsucorpReservation/vendor/codeigniter4/framework/system/CodeIgniter.php(333): CodeIgniter\CodeIgniter->handleRequest()
#3 /media/dfranco/e0093d2c-8880-4163-b4b5-d7db8fffa87d/Personal/Projects/CodeIgniter/IsucorpReservation/public/index.php(44): CodeIgniter\CodeIgniter->run()
#4 {main}
CRITICAL - 2021-04-05 02:34:26 --> Undefined property: CodeIgniter\View\View::$session
#0 /media/dfranco/e0093d2c-8880-4163-b4b5-d7db8fffa87d/Personal/Projects/CodeIgniter/IsucorpReservation/app/Views/contact_create.php(24): CodeIgniter\Debug\Exceptions->errorHandler()
#1 /media/dfranco/e0093d2c-8880-4163-b4b5-d7db8fffa87d/Personal/Projects/CodeIgniter/IsucorpReservation/vendor/codeigniter4/framework/system/View/View.php(220): include('/media/dfranco/...')
#2 /media/dfranco/e0093d2c-8880-4163-b4b5-d7db8fffa87d/Personal/Projects/CodeIgniter/IsucorpReservation/vendor/codeigniter4/framework/system/View/View.php(222): CodeIgniter\View\View->CodeIgniter\View\{closure}()
#3 /media/dfranco/e0093d2c-8880-4163-b4b5-d7db8fffa87d/Personal/Projects/CodeIgniter/IsucorpReservation/vendor/codeigniter4/framework/system/Common.php(1217): CodeIgniter\View\View->render()
#4 /media/dfranco/e0093d2c-8880-4163-b4b5-d7db8fffa87d/Personal/Projects/CodeIgniter/IsucorpReservation/app/Controllers/ContactController.php(78): view()
#5 /media/dfranco/e0093d2c-8880-4163-b4b5-d7db8fffa87d/Personal/Projects/CodeIgniter/IsucorpReservation/vendor/codeigniter4/framework/system/CodeIgniter.php(936): App\Controllers\ContactController->create()
#6 /media/dfranco/e0093d2c-8880-4163-b4b5-d7db8fffa87d/Personal/Projects/CodeIgniter/IsucorpReservation/vendor/codeigniter4/framework/system/CodeIgniter.php(432): CodeIgniter\CodeIgniter->runController()
#7 /media/dfranco/e0093d2c-8880-4163-b4b5-d7db8fffa87d/Personal/Projects/CodeIgniter/IsucorpReservation/vendor/codeigniter4/framework/system/CodeIgniter.php(333): CodeIgniter\CodeIgniter->handleRequest()
#8 /media/dfranco/e0093d2c-8880-4163-b4b5-d7db8fffa87d/Personal/Projects/CodeIgniter/IsucorpReservation/public/index.php(44): CodeIgniter\CodeIgniter->run()
#9 {main}
CRITICAL - 2021-04-05 02:34:28 --> Undefined property: CodeIgniter\View\View::$session
#0 /media/dfranco/e0093d2c-8880-4163-b4b5-d7db8fffa87d/Personal/Projects/CodeIgniter/IsucorpReservation/app/Views/contact_create.php(24): CodeIgniter\Debug\Exceptions->errorHandler()
#1 /media/dfranco/e0093d2c-8880-4163-b4b5-d7db8fffa87d/Personal/Projects/CodeIgniter/IsucorpReservation/vendor/codeigniter4/framework/system/View/View.php(220): include('/media/dfranco/...')
#2 /media/dfranco/e0093d2c-8880-4163-b4b5-d7db8fffa87d/Personal/Projects/CodeIgniter/IsucorpReservation/vendor/codeigniter4/framework/system/View/View.php(222): CodeIgniter\View\View->CodeIgniter\View\{closure}()
#3 /media/dfranco/e0093d2c-8880-4163-b4b5-d7db8fffa87d/Personal/Projects/CodeIgniter/IsucorpReservation/vendor/codeigniter4/framework/system/Common.php(1217): CodeIgniter\View\View->render()
#4 /media/dfranco/e0093d2c-8880-4163-b4b5-d7db8fffa87d/Personal/Projects/CodeIgniter/IsucorpReservation/app/Controllers/ContactController.php(78): view()
#5 /media/dfranco/e0093d2c-8880-4163-b4b5-d7db8fffa87d/Personal/Projects/CodeIgniter/IsucorpReservation/vendor/codeigniter4/framework/system/CodeIgniter.php(936): App\Controllers\ContactController->create()
#6 /media/dfranco/e0093d2c-8880-4163-b4b5-d7db8fffa87d/Personal/Projects/CodeIgniter/IsucorpReservation/vendor/codeigniter4/framework/system/CodeIgniter.php(432): CodeIgniter\CodeIgniter->runController()
#7 /media/dfranco/e0093d2c-8880-4163-b4b5-d7db8fffa87d/Personal/Projects/CodeIgniter/IsucorpReservation/vendor/codeigniter4/framework/system/CodeIgniter.php(333): CodeIgniter\CodeIgniter->handleRequest()
#8 /media/dfranco/e0093d2c-8880-4163-b4b5-d7db8fffa87d/Personal/Projects/CodeIgniter/IsucorpReservation/public/index.php(44): CodeIgniter\CodeIgniter->run()
#9 {main}
CRITICAL - 2021-04-05 02:34:29 --> Undefined property: CodeIgniter\View\View::$session
#0 /media/dfranco/e0093d2c-8880-4163-b4b5-d7db8fffa87d/Personal/Projects/CodeIgniter/IsucorpReservation/app/Views/contact_create.php(24): CodeIgniter\Debug\Exceptions->errorHandler()
#1 /media/dfranco/e0093d2c-8880-4163-b4b5-d7db8fffa87d/Personal/Projects/CodeIgniter/IsucorpReservation/vendor/codeigniter4/framework/system/View/View.php(220): include('/media/dfranco/...')
#2 /media/dfranco/e0093d2c-8880-4163-b4b5-d7db8fffa87d/Personal/Projects/CodeIgniter/IsucorpReservation/vendor/codeigniter4/framework/system/View/View.php(222): CodeIgniter\View\View->CodeIgniter\View\{closure}()
#3 /media/dfranco/e0093d2c-8880-4163-b4b5-d7db8fffa87d/Personal/Projects/CodeIgniter/IsucorpReservation/vendor/codeigniter4/framework/system/Common.php(1217): CodeIgniter\View\View->render()
#4 /media/dfranco/e0093d2c-8880-4163-b4b5-d7db8fffa87d/Personal/Projects/CodeIgniter/IsucorpReservation/app/Controllers/ContactController.php(78): view()
#5 /media/dfranco/e0093d2c-8880-4163-b4b5-d7db8fffa87d/Personal/Projects/CodeIgniter/IsucorpReservation/vendor/codeigniter4/framework/system/CodeIgniter.php(936): App\Controllers\ContactController->create()
#6 /media/dfranco/e0093d2c-8880-4163-b4b5-d7db8fffa87d/Personal/Projects/CodeIgniter/IsucorpReservation/vendor/codeigniter4/framework/system/CodeIgniter.php(432): CodeIgniter\CodeIgniter->runController()
#7 /media/dfranco/e0093d2c-8880-4163-b4b5-d7db8fffa87d/Personal/Projects/CodeIgniter/IsucorpReservation/vendor/codeigniter4/framework/system/CodeIgniter.php(333): CodeIgniter\CodeIgniter->handleRequest()
#8 /media/dfranco/e0093d2c-8880-4163-b4b5-d7db8fffa87d/Personal/Projects/CodeIgniter/IsucorpReservation/public/index.php(44): CodeIgniter\CodeIgniter->run()
#9 {main}
CRITICAL - 2021-04-05 02:35:08 --> Undefined property: CodeIgniter\View\View::$session
#0 /media/dfranco/e0093d2c-8880-4163-b4b5-d7db8fffa87d/Personal/Projects/CodeIgniter/IsucorpReservation/app/Views/contact_create.php(24): CodeIgniter\Debug\Exceptions->errorHandler()
#1 /media/dfranco/e0093d2c-8880-4163-b4b5-d7db8fffa87d/Personal/Projects/CodeIgniter/IsucorpReservation/vendor/codeigniter4/framework/system/View/View.php(220): include('/media/dfranco/...')
#2 /media/dfranco/e0093d2c-8880-4163-b4b5-d7db8fffa87d/Personal/Projects/CodeIgniter/IsucorpReservation/vendor/codeigniter4/framework/system/View/View.php(222): CodeIgniter\View\View->CodeIgniter\View\{closure}()
#3 /media/dfranco/e0093d2c-8880-4163-b4b5-d7db8fffa87d/Personal/Projects/CodeIgniter/IsucorpReservation/vendor/codeigniter4/framework/system/Common.php(1217): CodeIgniter\View\View->render()
#4 /media/dfranco/e0093d2c-8880-4163-b4b5-d7db8fffa87d/Personal/Projects/CodeIgniter/IsucorpReservation/app/Controllers/ContactController.php(78): view()
#5 /media/dfranco/e0093d2c-8880-4163-b4b5-d7db8fffa87d/Personal/Projects/CodeIgniter/IsucorpReservation/vendor/codeigniter4/framework/system/CodeIgniter.php(936): App\Controllers\ContactController->create()
#6 /media/dfranco/e0093d2c-8880-4163-b4b5-d7db8fffa87d/Personal/Projects/CodeIgniter/IsucorpReservation/vendor/codeigniter4/framework/system/CodeIgniter.php(432): CodeIgniter\CodeIgniter->runController()
#7 /media/dfranco/e0093d2c-8880-4163-b4b5-d7db8fffa87d/Personal/Projects/CodeIgniter/IsucorpReservation/vendor/codeigniter4/framework/system/CodeIgniter.php(333): CodeIgniter\CodeIgniter->handleRequest()
#8 /media/dfranco/e0093d2c-8880-4163-b4b5-d7db8fffa87d/Personal/Projects/CodeIgniter/IsucorpReservation/public/index.php(44): CodeIgniter\CodeIgniter->run()
#9 {main}
CRITICAL - 2021-04-05 02:35:10 --> Undefined property: CodeIgniter\View\View::$session
#0 /media/dfranco/e0093d2c-8880-4163-b4b5-d7db8fffa87d/Personal/Projects/CodeIgniter/IsucorpReservation/app/Views/contact_create.php(24): CodeIgniter\Debug\Exceptions->errorHandler()
#1 /media/dfranco/e0093d2c-8880-4163-b4b5-d7db8fffa87d/Personal/Projects/CodeIgniter/IsucorpReservation/vendor/codeigniter4/framework/system/View/View.php(220): include('/media/dfranco/...')
#2 /media/dfranco/e0093d2c-8880-4163-b4b5-d7db8fffa87d/Personal/Projects/CodeIgniter/IsucorpReservation/vendor/codeigniter4/framework/system/View/View.php(222): CodeIgniter\View\View->CodeIgniter\View\{closure}()
#3 /media/dfranco/e0093d2c-8880-4163-b4b5-d7db8fffa87d/Personal/Projects/CodeIgniter/IsucorpReservation/vendor/codeigniter4/framework/system/Common.php(1217): CodeIgniter\View\View->render()
#4 /media/dfranco/e0093d2c-8880-4163-b4b5-d7db8fffa87d/Personal/Projects/CodeIgniter/IsucorpReservation/app/Controllers/ContactController.php(78): view()
#5 /media/dfranco/e0093d2c-8880-4163-b4b5-d7db8fffa87d/Personal/Projects/CodeIgniter/IsucorpReservation/vendor/codeigniter4/framework/system/CodeIgniter.php(936): App\Controllers\ContactController->create()
#6 /media/dfranco/e0093d2c-8880-4163-b4b5-d7db8fffa87d/Personal/Projects/CodeIgniter/IsucorpReservation/vendor/codeigniter4/framework/system/CodeIgniter.php(432): CodeIgniter\CodeIgniter->runController()
#7 /media/dfranco/e0093d2c-8880-4163-b4b5-d7db8fffa87d/Personal/Projects/CodeIgniter/IsucorpReservation/vendor/codeigniter4/framework/system/CodeIgniter.php(333): CodeIgniter\CodeIgniter->handleRequest()
#8 /media/dfranco/e0093d2c-8880-4163-b4b5-d7db8fffa87d/Personal/Projects/CodeIgniter/IsucorpReservation/public/index.php(44): CodeIgniter\CodeIgniter->run()
#9 {main}
CRITICAL - 2021-04-05 02:40:24 --> Undefined property: CodeIgniter\View\View::$session
#0 /media/dfranco/e0093d2c-8880-4163-b4b5-d7db8fffa87d/Personal/Projects/CodeIgniter/IsucorpReservation/app/Views/contact_create.php(24): CodeIgniter\Debug\Exceptions->errorHandler()
#1 /media/dfranco/e0093d2c-8880-4163-b4b5-d7db8fffa87d/Personal/Projects/CodeIgniter/IsucorpReservation/vendor/codeigniter4/framework/system/View/View.php(220): include('/media/dfranco/...')
#2 /media/dfranco/e0093d2c-8880-4163-b4b5-d7db8fffa87d/Personal/Projects/CodeIgniter/IsucorpReservation/vendor/codeigniter4/framework/system/View/View.php(222): CodeIgniter\View\View->CodeIgniter\View\{closure}()
#3 /media/dfranco/e0093d2c-8880-4163-b4b5-d7db8fffa87d/Personal/Projects/CodeIgniter/IsucorpReservation/vendor/codeigniter4/framework/system/Common.php(1217): CodeIgniter\View\View->render()
#4 /media/dfranco/e0093d2c-8880-4163-b4b5-d7db8fffa87d/Personal/Projects/CodeIgniter/IsucorpReservation/app/Controllers/ContactController.php(78): view()
#5 /media/dfranco/e0093d2c-8880-4163-b4b5-d7db8fffa87d/Personal/Projects/CodeIgniter/IsucorpReservation/vendor/codeigniter4/framework/system/CodeIgniter.php(936): App\Controllers\ContactController->create()
#6 /media/dfranco/e0093d2c-8880-4163-b4b5-d7db8fffa87d/Personal/Projects/CodeIgniter/IsucorpReservation/vendor/codeigniter4/framework/system/CodeIgniter.php(432): CodeIgniter\CodeIgniter->runController()
#7 /media/dfranco/e0093d2c-8880-4163-b4b5-d7db8fffa87d/Personal/Projects/CodeIgniter/IsucorpReservation/vendor/codeigniter4/framework/system/CodeIgniter.php(333): CodeIgniter\CodeIgniter->handleRequest()
#8 /media/dfranco/e0093d2c-8880-4163-b4b5-d7db8fffa87d/Personal/Projects/CodeIgniter/IsucorpReservation/public/index.php(44): CodeIgniter\CodeIgniter->run()
#9 {main}
CRITICAL - 2021-04-05 02:43:40 --> Undefined variable: session
#0 /media/dfranco/e0093d2c-8880-4163-b4b5-d7db8fffa87d/Personal/Projects/CodeIgniter/IsucorpReservation/app/Views/contact_create.php(24): CodeIgniter\Debug\Exceptions->errorHandler()
#1 /media/dfranco/e0093d2c-8880-4163-b4b5-d7db8fffa87d/Personal/Projects/CodeIgniter/IsucorpReservation/vendor/codeigniter4/framework/system/View/View.php(220): include('/media/dfranco/...')
#2 /media/dfranco/e0093d2c-8880-4163-b4b5-d7db8fffa87d/Personal/Projects/CodeIgniter/IsucorpReservation/vendor/codeigniter4/framework/system/View/View.php(222): CodeIgniter\View\View->CodeIgniter\View\{closure}()
#3 /media/dfranco/e0093d2c-8880-4163-b4b5-d7db8fffa87d/Personal/Projects/CodeIgniter/IsucorpReservation/vendor/codeigniter4/framework/system/Common.php(1217): CodeIgniter\View\View->render()
#4 /media/dfranco/e0093d2c-8880-4163-b4b5-d7db8fffa87d/Personal/Projects/CodeIgniter/IsucorpReservation/app/Controllers/ContactController.php(78): view()
#5 /media/dfranco/e0093d2c-8880-4163-b4b5-d7db8fffa87d/Personal/Projects/CodeIgniter/IsucorpReservation/vendor/codeigniter4/framework/system/CodeIgniter.php(936): App\Controllers\ContactController->create()
#6 /media/dfranco/e0093d2c-8880-4163-b4b5-d7db8fffa87d/Personal/Projects/CodeIgniter/IsucorpReservation/vendor/codeigniter4/framework/system/CodeIgniter.php(432): CodeIgniter\CodeIgniter->runController()
#7 /media/dfranco/e0093d2c-8880-4163-b4b5-d7db8fffa87d/Personal/Projects/CodeIgniter/IsucorpReservation/vendor/codeigniter4/framework/system/CodeIgniter.php(333): CodeIgniter\CodeIgniter->handleRequest()
#8 /media/dfranco/e0093d2c-8880-4163-b4b5-d7db8fffa87d/Personal/Projects/CodeIgniter/IsucorpReservation/public/index.php(44): CodeIgniter\CodeIgniter->run()
#9 {main}
CRITICAL - 2021-04-05 02:46:51 --> Undefined index: errors
#0 /media/dfranco/e0093d2c-8880-4163-b4b5-d7db8fffa87d/Personal/Projects/CodeIgniter/IsucorpReservation/app/Views/contact_create.php(24): CodeIgniter\Debug\Exceptions->errorHandler()
#1 /media/dfranco/e0093d2c-8880-4163-b4b5-d7db8fffa87d/Personal/Projects/CodeIgniter/IsucorpReservation/vendor/codeigniter4/framework/system/View/View.php(220): include('/media/dfranco/...')
#2 /media/dfranco/e0093d2c-8880-4163-b4b5-d7db8fffa87d/Personal/Projects/CodeIgniter/IsucorpReservation/vendor/codeigniter4/framework/system/View/View.php(222): CodeIgniter\View\View->CodeIgniter\View\{closure}()
#3 /media/dfranco/e0093d2c-8880-4163-b4b5-d7db8fffa87d/Personal/Projects/CodeIgniter/IsucorpReservation/vendor/codeigniter4/framework/system/Common.php(1217): CodeIgniter\View\View->render()
#4 /media/dfranco/e0093d2c-8880-4163-b4b5-d7db8fffa87d/Personal/Projects/CodeIgniter/IsucorpReservation/app/Controllers/ContactController.php(78): view()
#5 /media/dfranco/e0093d2c-8880-4163-b4b5-d7db8fffa87d/Personal/Projects/CodeIgniter/IsucorpReservation/vendor/codeigniter4/framework/system/CodeIgniter.php(936): App\Controllers\ContactController->create()
#6 /media/dfranco/e0093d2c-8880-4163-b4b5-d7db8fffa87d/Personal/Projects/CodeIgniter/IsucorpReservation/vendor/codeigniter4/framework/system/CodeIgniter.php(432): CodeIgniter\CodeIgniter->runController()
#7 /media/dfranco/e0093d2c-8880-4163-b4b5-d7db8fffa87d/Personal/Projects/CodeIgniter/IsucorpReservation/vendor/codeigniter4/framework/system/CodeIgniter.php(333): CodeIgniter\CodeIgniter->handleRequest()
#8 /media/dfranco/e0093d2c-8880-4163-b4b5-d7db8fffa87d/Personal/Projects/CodeIgniter/IsucorpReservation/public/index.php(44): CodeIgniter\CodeIgniter->run()
#9 {main}
CRITICAL - 2021-04-05 02:49:13 --> syntax error, unexpected ';', expecting ')'
#0 /media/dfranco/e0093d2c-8880-4163-b4b5-d7db8fffa87d/Personal/Projects/CodeIgniter/IsucorpReservation/vendor/codeigniter4/framework/system/Autoloader/Autoloader.php(265): CodeIgniter\Autoloader\Autoloader->includeFile()
#1 /media/dfranco/e0093d2c-8880-4163-b4b5-d7db8fffa87d/Personal/Projects/CodeIgniter/IsucorpReservation/vendor/codeigniter4/framework/system/Autoloader/Autoloader.php(228): CodeIgniter\Autoloader\Autoloader->loadInNamespace()
#2 [internal function]: CodeIgniter\Autoloader\Autoloader->loadClass()
#3 [internal function]: spl_autoload_call()
#4 /media/dfranco/e0093d2c-8880-4163-b4b5-d7db8fffa87d/Personal/Projects/CodeIgniter/IsucorpReservation/vendor/codeigniter4/framework/system/CodeIgniter.php(893): class_exists()
#5 /media/dfranco/e0093d2c-8880-4163-b4b5-d7db8fffa87d/Personal/Projects/CodeIgniter/IsucorpReservation/vendor/codeigniter4/framework/system/CodeIgniter.php(417): CodeIgniter\CodeIgniter->startController()
#6 /media/dfranco/e0093d2c-8880-4163-b4b5-d7db8fffa87d/Personal/Projects/CodeIgniter/IsucorpReservation/vendor/codeigniter4/framework/system/CodeIgniter.php(333): CodeIgniter\CodeIgniter->handleRequest()
#7 /media/dfranco/e0093d2c-8880-4163-b4b5-d7db8fffa87d/Personal/Projects/CodeIgniter/IsucorpReservation/public/index.php(44): CodeIgniter\CodeIgniter->run()
#8 {main}
CRITICAL - 2021-04-05 02:49:20 --> Undefined variable: input
#0 /media/dfranco/e0093d2c-8880-4163-b4b5-d7db8fffa87d/Personal/Projects/CodeIgniter/IsucorpReservation/app/Controllers/ContactController.php(121): CodeIgniter\Debug\Exceptions->errorHandler()
#1 /media/dfranco/e0093d2c-8880-4163-b4b5-d7db8fffa87d/Personal/Projects/CodeIgniter/IsucorpReservation/vendor/codeigniter4/framework/system/CodeIgniter.php(936): App\Controllers\ContactController->store()
#2 /media/dfranco/e0093d2c-8880-4163-b4b5-d7db8fffa87d/Personal/Projects/CodeIgniter/IsucorpReservation/vendor/codeigniter4/framework/system/CodeIgniter.php(432): CodeIgniter\CodeIgniter->runController()
#3 /media/dfranco/e0093d2c-8880-4163-b4b5-d7db8fffa87d/Personal/Projects/CodeIgniter/IsucorpReservation/vendor/codeigniter4/framework/system/CodeIgniter.php(333): CodeIgniter\CodeIgniter->handleRequest()
#4 /media/dfranco/e0093d2c-8880-4163-b4b5-d7db8fffa87d/Personal/Projects/CodeIgniter/IsucorpReservation/public/index.php(44): CodeIgniter\CodeIgniter->run()
#5 {main}
CRITICAL - 2021-04-05 02:52:18 --> Could not convert PHP value '' of type 'boolean' to type 'datetime'. Expected one of the following types: null, DateTime
#0 /media/dfranco/e0093d2c-8880-4163-b4b5-d7db8fffa87d/Personal/Projects/CodeIgniter/IsucorpReservation/vendor/doctrine/dbal/lib/Doctrine/DBAL/Types/DateTimeType.php(45): Doctrine\DBAL\Types\ConversionException::conversionFailedInvalidType()
#1 /media/dfranco/e0093d2c-8880-4163-b4b5-d7db8fffa87d/Personal/Projects/CodeIgniter/IsucorpReservation/vendor/doctrine/dbal/lib/Doctrine/DBAL/Statement.php(110): Doctrine\DBAL\Types\DateTimeType->convertToDatabaseValue()
#2 /media/dfranco/e0093d2c-8880-4163-b4b5-d7db8fffa87d/Personal/Projects/CodeIgniter/IsucorpReservation/vendor/doctrine/orm/lib/Doctrine/ORM/Persisters/Entity/BasicEntityPersister.php(283): Doctrine\DBAL\Statement->bindValue()
#3 /media/dfranco/e0093d2c-8880-4163-b4b5-d7db8fffa87d/Personal/Projects/CodeIgniter/IsucorpReservation/vendor/doctrine/orm/lib/Doctrine/ORM/UnitOfWork.php(1122): Doctrine\ORM\Persisters\Entity\BasicEntityPersister->executeInserts()
#4 /media/dfranco/e0093d2c-8880-4163-b4b5-d7db8fffa87d/Personal/Projects/CodeIgniter/IsucorpReservation/vendor/doctrine/orm/lib/Doctrine/ORM/UnitOfWork.php(420): Doctrine\ORM\UnitOfWork->executeInserts()
#5 /media/dfranco/e0093d2c-8880-4163-b4b5-d7db8fffa87d/Personal/Projects/CodeIgniter/IsucorpReservation/vendor/doctrine/orm/lib/Doctrine/ORM/EntityManager.php(376): Doctrine\ORM\UnitOfWork->commit()
#6 /media/dfranco/e0093d2c-8880-4163-b4b5-d7db8fffa87d/Personal/Projects/CodeIgniter/IsucorpReservation/app/Models/ContactModel.php(71): Doctrine\ORM\EntityManager->flush()
#7 /media/dfranco/e0093d2c-8880-4163-b4b5-d7db8fffa87d/Personal/Projects/CodeIgniter/IsucorpReservation/app/Controllers/ContactController.php(137): App\Models\ContactModel->addContact()
#8 /media/dfranco/e0093d2c-8880-4163-b4b5-d7db8fffa87d/Personal/Projects/CodeIgniter/IsucorpReservation/vendor/codeigniter4/framework/system/CodeIgniter.php(936): App\Controllers\ContactController->store()
#9 /media/dfranco/e0093d2c-8880-4163-b4b5-d7db8fffa87d/Personal/Projects/CodeIgniter/IsucorpReservation/vendor/codeigniter4/framework/system/CodeIgniter.php(432): CodeIgniter\CodeIgniter->runController()
#10 /media/dfranco/e0093d2c-8880-4163-b4b5-d7db8fffa87d/Personal/Projects/CodeIgniter/IsucorpReservation/vendor/codeigniter4/framework/system/CodeIgniter.php(333): CodeIgniter\CodeIgniter->handleRequest()
#11 /media/dfranco/e0093d2c-8880-4163-b4b5-d7db8fffa87d/Personal/Projects/CodeIgniter/IsucorpReservation/public/index.php(44): CodeIgniter\CodeIgniter->run()
#12 {main}
CRITICAL - 2021-04-05 02:52:56 --> Could not convert PHP value '' of type 'boolean' to type 'datetime'. Expected one of the following types: null, DateTime
#0 /media/dfranco/e0093d2c-8880-4163-b4b5-d7db8fffa87d/Personal/Projects/CodeIgniter/IsucorpReservation/vendor/doctrine/dbal/lib/Doctrine/DBAL/Types/DateTimeType.php(45): Doctrine\DBAL\Types\ConversionException::conversionFailedInvalidType()
#1 /media/dfranco/e0093d2c-8880-4163-b4b5-d7db8fffa87d/Personal/Projects/CodeIgniter/IsucorpReservation/vendor/doctrine/dbal/lib/Doctrine/DBAL/Statement.php(110): Doctrine\DBAL\Types\DateTimeType->convertToDatabaseValue()
#2 /media/dfranco/e0093d2c-8880-4163-b4b5-d7db8fffa87d/Personal/Projects/CodeIgniter/IsucorpReservation/vendor/doctrine/orm/lib/Doctrine/ORM/Persisters/Entity/BasicEntityPersister.php(283): Doctrine\DBAL\Statement->bindValue()
#3 /media/dfranco/e0093d2c-8880-4163-b4b5-d7db8fffa87d/Personal/Projects/CodeIgniter/IsucorpReservation/vendor/doctrine/orm/lib/Doctrine/ORM/UnitOfWork.php(1122): Doctrine\ORM\Persisters\Entity\BasicEntityPersister->executeInserts()
#4 /media/dfranco/e0093d2c-8880-4163-b4b5-d7db8fffa87d/Personal/Projects/CodeIgniter/IsucorpReservation/vendor/doctrine/orm/lib/Doctrine/ORM/UnitOfWork.php(420): Doctrine\ORM\UnitOfWork->executeInserts()
#5 /media/dfranco/e0093d2c-8880-4163-b4b5-d7db8fffa87d/Personal/Projects/CodeIgniter/IsucorpReservation/vendor/doctrine/orm/lib/Doctrine/ORM/EntityManager.php(376): Doctrine\ORM\UnitOfWork->commit()
#6 /media/dfranco/e0093d2c-8880-4163-b4b5-d7db8fffa87d/Personal/Projects/CodeIgniter/IsucorpReservation/app/Models/ContactModel.php(71): Doctrine\ORM\EntityManager->flush()
#7 /media/dfranco/e0093d2c-8880-4163-b4b5-d7db8fffa87d/Personal/Projects/CodeIgniter/IsucorpReservation/app/Controllers/ContactController.php(138): App\Models\ContactModel->addContact()
#8 /media/dfranco/e0093d2c-8880-4163-b4b5-d7db8fffa87d/Personal/Projects/CodeIgniter/IsucorpReservation/vendor/codeigniter4/framework/system/CodeIgniter.php(936): App\Controllers\ContactController->store()
#9 /media/dfranco/e0093d2c-8880-4163-b4b5-d7db8fffa87d/Personal/Projects/CodeIgniter/IsucorpReservation/vendor/codeigniter4/framework/system/CodeIgniter.php(432): CodeIgniter\CodeIgniter->runController()
#10 /media/dfranco/e0093d2c-8880-4163-b4b5-d7db8fffa87d/Personal/Projects/CodeIgniter/IsucorpReservation/vendor/codeigniter4/framework/system/CodeIgniter.php(333): CodeIgniter\CodeIgniter->handleRequest()
#11 /media/dfranco/e0093d2c-8880-4163-b4b5-d7db8fffa87d/Personal/Projects/CodeIgniter/IsucorpReservation/public/index.php(44): CodeIgniter\CodeIgniter->run()
#12 {main}
CRITICAL - 2021-04-05 02:52:58 --> Could not convert PHP value '' of type 'boolean' to type 'datetime'. Expected one of the following types: null, DateTime
#0 /media/dfranco/e0093d2c-8880-4163-b4b5-d7db8fffa87d/Personal/Projects/CodeIgniter/IsucorpReservation/vendor/doctrine/dbal/lib/Doctrine/DBAL/Types/DateTimeType.php(45): Doctrine\DBAL\Types\ConversionException::conversionFailedInvalidType()
#1 /media/dfranco/e0093d2c-8880-4163-b4b5-d7db8fffa87d/Personal/Projects/CodeIgniter/IsucorpReservation/vendor/doctrine/dbal/lib/Doctrine/DBAL/Statement.php(110): Doctrine\DBAL\Types\DateTimeType->convertToDatabaseValue()
#2 /media/dfranco/e0093d2c-8880-4163-b4b5-d7db8fffa87d/Personal/Projects/CodeIgniter/IsucorpReservation/vendor/doctrine/orm/lib/Doctrine/ORM/Persisters/Entity/BasicEntityPersister.php(283): Doctrine\DBAL\Statement->bindValue()
#3 /media/dfranco/e0093d2c-8880-4163-b4b5-d7db8fffa87d/Personal/Projects/CodeIgniter/IsucorpReservation/vendor/doctrine/orm/lib/Doctrine/ORM/UnitOfWork.php(1122): Doctrine\ORM\Persisters\Entity\BasicEntityPersister->executeInserts()
#4 /media/dfranco/e0093d2c-8880-4163-b4b5-d7db8fffa87d/Personal/Projects/CodeIgniter/IsucorpReservation/vendor/doctrine/orm/lib/Doctrine/ORM/UnitOfWork.php(420): Doctrine\ORM\UnitOfWork->executeInserts()
#5 /media/dfranco/e0093d2c-8880-4163-b4b5-d7db8fffa87d/Personal/Projects/CodeIgniter/IsucorpReservation/vendor/doctrine/orm/lib/Doctrine/ORM/EntityManager.php(376): Doctrine\ORM\UnitOfWork->commit()
#6 /media/dfranco/e0093d2c-8880-4163-b4b5-d7db8fffa87d/Personal/Projects/CodeIgniter/IsucorpReservation/app/Models/ContactModel.php(71): Doctrine\ORM\EntityManager->flush()
#7 /media/dfranco/e0093d2c-8880-4163-b4b5-d7db8fffa87d/Personal/Projects/CodeIgniter/IsucorpReservation/app/Controllers/ContactController.php(138): App\Models\ContactModel->addContact()
#8 /media/dfranco/e0093d2c-8880-4163-b4b5-d7db8fffa87d/Personal/Projects/CodeIgniter/IsucorpReservation/vendor/codeigniter4/framework/system/CodeIgniter.php(936): App\Controllers\ContactController->store()
#9 /media/dfranco/e0093d2c-8880-4163-b4b5-d7db8fffa87d/Personal/Projects/CodeIgniter/IsucorpReservation/vendor/codeigniter4/framework/system/CodeIgniter.php(432): CodeIgniter\CodeIgniter->runController()
#10 /media/dfranco/e0093d2c-8880-4163-b4b5-d7db8fffa87d/Personal/Projects/CodeIgniter/IsucorpReservation/vendor/codeigniter4/framework/system/CodeIgniter.php(333): CodeIgniter\CodeIgniter->handleRequest()
#11 /media/dfranco/e0093d2c-8880-4163-b4b5-d7db8fffa87d/Personal/Projects/CodeIgniter/IsucorpReservation/public/index.php(44): CodeIgniter\CodeIgniter->run()
#12 {main}
CRITICAL - 2021-04-05 02:53:01 --> Could not convert PHP value '' of type 'boolean' to type 'datetime'. Expected one of the following types: null, DateTime
#0 /media/dfranco/e0093d2c-8880-4163-b4b5-d7db8fffa87d/Personal/Projects/CodeIgniter/IsucorpReservation/vendor/doctrine/dbal/lib/Doctrine/DBAL/Types/DateTimeType.php(45): Doctrine\DBAL\Types\ConversionException::conversionFailedInvalidType()
#1 /media/dfranco/e0093d2c-8880-4163-b4b5-d7db8fffa87d/Personal/Projects/CodeIgniter/IsucorpReservation/vendor/doctrine/dbal/lib/Doctrine/DBAL/Statement.php(110): Doctrine\DBAL\Types\DateTimeType->convertToDatabaseValue()
#2 /media/dfranco/e0093d2c-8880-4163-b4b5-d7db8fffa87d/Personal/Projects/CodeIgniter/IsucorpReservation/vendor/doctrine/orm/lib/Doctrine/ORM/Persisters/Entity/BasicEntityPersister.php(283): Doctrine\DBAL\Statement->bindValue()
#3 /media/dfranco/e0093d2c-8880-4163-b4b5-d7db8fffa87d/Personal/Projects/CodeIgniter/IsucorpReservation/vendor/doctrine/orm/lib/Doctrine/ORM/UnitOfWork.php(1122): Doctrine\ORM\Persisters\Entity\BasicEntityPersister->executeInserts()
#4 /media/dfranco/e0093d2c-8880-4163-b4b5-d7db8fffa87d/Personal/Projects/CodeIgniter/IsucorpReservation/vendor/doctrine/orm/lib/Doctrine/ORM/UnitOfWork.php(420): Doctrine\ORM\UnitOfWork->executeInserts()
#5 /media/dfranco/e0093d2c-8880-4163-b4b5-d7db8fffa87d/Personal/Projects/CodeIgniter/IsucorpReservation/vendor/doctrine/orm/lib/Doctrine/ORM/EntityManager.php(376): Doctrine\ORM\UnitOfWork->commit()
#6 /media/dfranco/e0093d2c-8880-4163-b4b5-d7db8fffa87d/Personal/Projects/CodeIgniter/IsucorpReservation/app/Models/ContactModel.php(71): Doctrine\ORM\EntityManager->flush()
#7 /media/dfranco/e0093d2c-8880-4163-b4b5-d7db8fffa87d/Personal/Projects/CodeIgniter/IsucorpReservation/app/Controllers/ContactController.php(138): App\Models\ContactModel->addContact()
#8 /media/dfranco/e0093d2c-8880-4163-b4b5-d7db8fffa87d/Personal/Projects/CodeIgniter/IsucorpReservation/vendor/codeigniter4/framework/system/CodeIgniter.php(936): App\Controllers\ContactController->store()
#9 /media/dfranco/e0093d2c-8880-4163-b4b5-d7db8fffa87d/Personal/Projects/CodeIgniter/IsucorpReservation/vendor/codeigniter4/framework/system/CodeIgniter.php(432): CodeIgniter\CodeIgniter->runController()
#10 /media/dfranco/e0093d2c-8880-4163-b4b5-d7db8fffa87d/Personal/Projects/CodeIgniter/IsucorpReservation/vendor/codeigniter4/framework/system/CodeIgniter.php(333): CodeIgniter\CodeIgniter->handleRequest()
#11 /media/dfranco/e0093d2c-8880-4163-b4b5-d7db8fffa87d/Personal/Projects/CodeIgniter/IsucorpReservation/public/index.php(44): CodeIgniter\CodeIgniter->run()
#12 {main}
CRITICAL - 2021-04-05 03:02:29 --> Could not convert PHP value '' of type 'boolean' to type 'datetime'. Expected one of the following types: null, DateTime
#0 /media/dfranco/e0093d2c-8880-4163-b4b5-d7db8fffa87d/Personal/Projects/CodeIgniter/IsucorpReservation/vendor/doctrine/dbal/lib/Doctrine/DBAL/Types/DateTimeType.php(45): Doctrine\DBAL\Types\ConversionException::conversionFailedInvalidType()
#1 /media/dfranco/e0093d2c-8880-4163-b4b5-d7db8fffa87d/Personal/Projects/CodeIgniter/IsucorpReservation/vendor/doctrine/dbal/lib/Doctrine/DBAL/Statement.php(110): Doctrine\DBAL\Types\DateTimeType->convertToDatabaseValue()
#2 /media/dfranco/e0093d2c-8880-4163-b4b5-d7db8fffa87d/Personal/Projects/CodeIgniter/IsucorpReservation/vendor/doctrine/orm/lib/Doctrine/ORM/Persisters/Entity/BasicEntityPersister.php(283): Doctrine\DBAL\Statement->bindValue()
#3 /media/dfranco/e0093d2c-8880-4163-b4b5-d7db8fffa87d/Personal/Projects/CodeIgniter/IsucorpReservation/vendor/doctrine/orm/lib/Doctrine/ORM/UnitOfWork.php(1122): Doctrine\ORM\Persisters\Entity\BasicEntityPersister->executeInserts()
#4 /media/dfranco/e0093d2c-8880-4163-b4b5-d7db8fffa87d/Personal/Projects/CodeIgniter/IsucorpReservation/vendor/doctrine/orm/lib/Doctrine/ORM/UnitOfWork.php(420): Doctrine\ORM\UnitOfWork->executeInserts()
#5 /media/dfranco/e0093d2c-8880-4163-b4b5-d7db8fffa87d/Personal/Projects/CodeIgniter/IsucorpReservation/vendor/doctrine/orm/lib/Doctrine/ORM/EntityManager.php(376): Doctrine\ORM\UnitOfWork->commit()
#6 /media/dfranco/e0093d2c-8880-4163-b4b5-d7db8fffa87d/Personal/Projects/CodeIgniter/IsucorpReservation/app/Models/ContactModel.php(71): Doctrine\ORM\EntityManager->flush()
#7 /media/dfranco/e0093d2c-8880-4163-b4b5-d7db8fffa87d/Personal/Projects/CodeIgniter/IsucorpReservation/app/Controllers/ContactController.php(139): App\Models\ContactModel->addContact()
#8 /media/dfranco/e0093d2c-8880-4163-b4b5-d7db8fffa87d/Personal/Projects/CodeIgniter/IsucorpReservation/vendor/codeigniter4/framework/system/CodeIgniter.php(936): App\Controllers\ContactController->store()
#9 /media/dfranco/e0093d2c-8880-4163-b4b5-d7db8fffa87d/Personal/Projects/CodeIgniter/IsucorpReservation/vendor/codeigniter4/framework/system/CodeIgniter.php(432): CodeIgniter\CodeIgniter->runController()
#10 /media/dfranco/e0093d2c-8880-4163-b4b5-d7db8fffa87d/Personal/Projects/CodeIgniter/IsucorpReservation/vendor/codeigniter4/framework/system/CodeIgniter.php(333): CodeIgniter\CodeIgniter->handleRequest()
#11 /media/dfranco/e0093d2c-8880-4163-b4b5-d7db8fffa87d/Personal/Projects/CodeIgniter/IsucorpReservation/public/index.php(44): CodeIgniter\CodeIgniter->run()
#12 {main}
CRITICAL - 2021-04-05 03:04:54 --> Could not convert PHP value '' of type 'boolean' to type 'datetime'. Expected one of the following types: null, DateTime
#0 /media/dfranco/e0093d2c-8880-4163-b4b5-d7db8fffa87d/Personal/Projects/CodeIgniter/IsucorpReservation/vendor/doctrine/dbal/lib/Doctrine/DBAL/Types/DateTimeType.php(45): Doctrine\DBAL\Types\ConversionException::conversionFailedInvalidType()
#1 /media/dfranco/e0093d2c-8880-4163-b4b5-d7db8fffa87d/Personal/Projects/CodeIgniter/IsucorpReservation/vendor/doctrine/dbal/lib/Doctrine/DBAL/Statement.php(110): Doctrine\DBAL\Types\DateTimeType->convertToDatabaseValue()
#2 /media/dfranco/e0093d2c-8880-4163-b4b5-d7db8fffa87d/Personal/Projects/CodeIgniter/IsucorpReservation/vendor/doctrine/orm/lib/Doctrine/ORM/Persisters/Entity/BasicEntityPersister.php(283): Doctrine\DBAL\Statement->bindValue()
#3 /media/dfranco/e0093d2c-8880-4163-b4b5-d7db8fffa87d/Personal/Projects/CodeIgniter/IsucorpReservation/vendor/doctrine/orm/lib/Doctrine/ORM/UnitOfWork.php(1122): Doctrine\ORM\Persisters\Entity\BasicEntityPersister->executeInserts()
#4 /media/dfranco/e0093d2c-8880-4163-b4b5-d7db8fffa87d/Personal/Projects/CodeIgniter/IsucorpReservation/vendor/doctrine/orm/lib/Doctrine/ORM/UnitOfWork.php(420): Doctrine\ORM\UnitOfWork->executeInserts()
#5 /media/dfranco/e0093d2c-8880-4163-b4b5-d7db8fffa87d/Personal/Projects/CodeIgniter/IsucorpReservation/vendor/doctrine/orm/lib/Doctrine/ORM/EntityManager.php(376): Doctrine\ORM\UnitOfWork->commit()
#6 /media/dfranco/e0093d2c-8880-4163-b4b5-d7db8fffa87d/Personal/Projects/CodeIgniter/IsucorpReservation/app/Models/ContactModel.php(72): Doctrine\ORM\EntityManager->flush()
#7 /media/dfranco/e0093d2c-8880-4163-b4b5-d7db8fffa87d/Personal/Projects/CodeIgniter/IsucorpReservation/app/Controllers/ContactController.php(139): App\Models\ContactModel->addContact()
#8 /media/dfranco/e0093d2c-8880-4163-b4b5-d7db8fffa87d/Personal/Projects/CodeIgniter/IsucorpReservation/vendor/codeigniter4/framework/system/CodeIgniter.php(936): App\Controllers\ContactController->store()
#9 /media/dfranco/e0093d2c-8880-4163-b4b5-d7db8fffa87d/Personal/Projects/CodeIgniter/IsucorpReservation/vendor/codeigniter4/framework/system/CodeIgniter.php(432): CodeIgniter\CodeIgniter->runController()
#10 /media/dfranco/e0093d2c-8880-4163-b4b5-d7db8fffa87d/Personal/Projects/CodeIgniter/IsucorpReservation/vendor/codeigniter4/framework/system/CodeIgniter.php(333): CodeIgniter\CodeIgniter->handleRequest()
#11 /media/dfranco/e0093d2c-8880-4163-b4b5-d7db8fffa87d/Personal/Projects/CodeIgniter/IsucorpReservation/public/index.php(44): CodeIgniter\CodeIgniter->run()
#12 {main}
CRITICAL - 2021-04-05 03:06:39 --> Undefined index: message
#0 /media/dfranco/e0093d2c-8880-4163-b4b5-d7db8fffa87d/Personal/Projects/CodeIgniter/IsucorpReservation/app/Views/contact_create.php(21): CodeIgniter\Debug\Exceptions->errorHandler()
#1 /media/dfranco/e0093d2c-8880-4163-b4b5-d7db8fffa87d/Personal/Projects/CodeIgniter/IsucorpReservation/vendor/codeigniter4/framework/system/View/View.php(220): include('/media/dfranco/...')
#2 /media/dfranco/e0093d2c-8880-4163-b4b5-d7db8fffa87d/Personal/Projects/CodeIgniter/IsucorpReservation/vendor/codeigniter4/framework/system/View/View.php(222): CodeIgniter\View\View->CodeIgniter\View\{closure}()
#3 /media/dfranco/e0093d2c-8880-4163-b4b5-d7db8fffa87d/Personal/Projects/CodeIgniter/IsucorpReservation/vendor/codeigniter4/framework/system/Common.php(1217): CodeIgniter\View\View->render()
#4 /media/dfranco/e0093d2c-8880-4163-b4b5-d7db8fffa87d/Personal/Projects/CodeIgniter/IsucorpReservation/app/Controllers/ContactController.php(80): view()
#5 /media/dfranco/e0093d2c-8880-4163-b4b5-d7db8fffa87d/Personal/Projects/CodeIgniter/IsucorpReservation/vendor/codeigniter4/framework/system/CodeIgniter.php(936): App\Controllers\ContactController->create()
#6 /media/dfranco/e0093d2c-8880-4163-b4b5-d7db8fffa87d/Personal/Projects/CodeIgniter/IsucorpReservation/vendor/codeigniter4/framework/system/CodeIgniter.php(432): CodeIgniter\CodeIgniter->runController()
#7 /media/dfranco/e0093d2c-8880-4163-b4b5-d7db8fffa87d/Personal/Projects/CodeIgniter/IsucorpReservation/vendor/codeigniter4/framework/system/CodeIgniter.php(333): CodeIgniter\CodeIgniter->handleRequest()
#8 /media/dfranco/e0093d2c-8880-4163-b4b5-d7db8fffa87d/Personal/Projects/CodeIgniter/IsucorpReservation/public/index.php(44): CodeIgniter\CodeIgniter->run()
#9 {main}
CRITICAL - 2021-04-05 03:06:39 --> Undefined index: message
#0 /media/dfranco/e0093d2c-8880-4163-b4b5-d7db8fffa87d/Personal/Projects/CodeIgniter/IsucorpReservation/app/Views/contact_create.php(21): CodeIgniter\Debug\Exceptions->errorHandler()
#1 /media/dfranco/e0093d2c-8880-4163-b4b5-d7db8fffa87d/Personal/Projects/CodeIgniter/IsucorpReservation/vendor/codeigniter4/framework/system/View/View.php(220): include('/media/dfranco/...')
#2 /media/dfranco/e0093d2c-8880-4163-b4b5-d7db8fffa87d/Personal/Projects/CodeIgniter/IsucorpReservation/vendor/codeigniter4/framework/system/View/View.php(222): CodeIgniter\View\View->CodeIgniter\View\{closure}()
#3 /media/dfranco/e0093d2c-8880-4163-b4b5-d7db8fffa87d/Personal/Projects/CodeIgniter/IsucorpReservation/vendor/codeigniter4/framework/system/Common.php(1217): CodeIgniter\View\View->render()
#4 /media/dfranco/e0093d2c-8880-4163-b4b5-d7db8fffa87d/Personal/Projects/CodeIgniter/IsucorpReservation/app/Controllers/ContactController.php(80): view()
#5 /media/dfranco/e0093d2c-8880-4163-b4b5-d7db8fffa87d/Personal/Projects/CodeIgniter/IsucorpReservation/vendor/codeigniter4/framework/system/CodeIgniter.php(936): App\Controllers\ContactController->create()
#6 /media/dfranco/e0093d2c-8880-4163-b4b5-d7db8fffa87d/Personal/Projects/CodeIgniter/IsucorpReservation/vendor/codeigniter4/framework/system/CodeIgniter.php(432): CodeIgniter\CodeIgniter->runController()
#7 /media/dfranco/e0093d2c-8880-4163-b4b5-d7db8fffa87d/Personal/Projects/CodeIgniter/IsucorpReservation/vendor/codeigniter4/framework/system/CodeIgniter.php(333): CodeIgniter\CodeIgniter->handleRequest()
#8 /media/dfranco/e0093d2c-8880-4163-b4b5-d7db8fffa87d/Personal/Projects/CodeIgniter/IsucorpReservation/public/index.php(44): CodeIgniter\CodeIgniter->run()
#9 {main}
CRITICAL - 2021-04-05 03:06:40 --> Undefined index: message
#0 /media/dfranco/e0093d2c-8880-4163-b4b5-d7db8fffa87d/Personal/Projects/CodeIgniter/IsucorpReservation/app/Views/contact_create.php(21): CodeIgniter\Debug\Exceptions->errorHandler()
#1 /media/dfranco/e0093d2c-8880-4163-b4b5-d7db8fffa87d/Personal/Projects/CodeIgniter/IsucorpReservation/vendor/codeigniter4/framework/system/View/View.php(220): include('/media/dfranco/...')
#2 /media/dfranco/e0093d2c-8880-4163-b4b5-d7db8fffa87d/Personal/Projects/CodeIgniter/IsucorpReservation/vendor/codeigniter4/framework/system/View/View.php(222): CodeIgniter\View\View->CodeIgniter\View\{closure}()
#3 /media/dfranco/e0093d2c-8880-4163-b4b5-d7db8fffa87d/Personal/Projects/CodeIgniter/IsucorpReservation/vendor/codeigniter4/framework/system/Common.php(1217): CodeIgniter\View\View->render()
#4 /media/dfranco/e0093d2c-8880-4163-b4b5-d7db8fffa87d/Personal/Projects/CodeIgniter/IsucorpReservation/app/Controllers/ContactController.php(80): view()
#5 /media/dfranco/e0093d2c-8880-4163-b4b5-d7db8fffa87d/Personal/Projects/CodeIgniter/IsucorpReservation/vendor/codeigniter4/framework/system/CodeIgniter.php(936): App\Controllers\ContactController->create()
#6 /media/dfranco/e0093d2c-8880-4163-b4b5-d7db8fffa87d/Personal/Projects/CodeIgniter/IsucorpReservation/vendor/codeigniter4/framework/system/CodeIgniter.php(432): CodeIgniter\CodeIgniter->runController()
#7 /media/dfranco/e0093d2c-8880-4163-b4b5-d7db8fffa87d/Personal/Projects/CodeIgniter/IsucorpReservation/vendor/codeigniter4/framework/system/CodeIgniter.php(333): CodeIgniter\CodeIgniter->handleRequest()
#8 /media/dfranco/e0093d2c-8880-4163-b4b5-d7db8fffa87d/Personal/Projects/CodeIgniter/IsucorpReservation/public/index.php(44): CodeIgniter\CodeIgniter->run()
#9 {main}
CRITICAL - 2021-04-05 03:06:42 --> Undefined index: message
#0 /media/dfranco/e0093d2c-8880-4163-b4b5-d7db8fffa87d/Personal/Projects/CodeIgniter/IsucorpReservation/app/Views/contact_create.php(21): CodeIgniter\Debug\Exceptions->errorHandler()
#1 /media/dfranco/e0093d2c-8880-4163-b4b5-d7db8fffa87d/Personal/Projects/CodeIgniter/IsucorpReservation/vendor/codeigniter4/framework/system/View/View.php(220): include('/media/dfranco/...')
#2 /media/dfranco/e0093d2c-8880-4163-b4b5-d7db8fffa87d/Personal/Projects/CodeIgniter/IsucorpReservation/vendor/codeigniter4/framework/system/View/View.php(222): CodeIgniter\View\View->CodeIgniter\View\{closure}()
#3 /media/dfranco/e0093d2c-8880-4163-b4b5-d7db8fffa87d/Personal/Projects/CodeIgniter/IsucorpReservation/vendor/codeigniter4/framework/system/Common.php(1217): CodeIgniter\View\View->render()
#4 /media/dfranco/e0093d2c-8880-4163-b4b5-d7db8fffa87d/Personal/Projects/CodeIgniter/IsucorpReservation/app/Controllers/ContactController.php(80): view()
#5 /media/dfranco/e0093d2c-8880-4163-b4b5-d7db8fffa87d/Personal/Projects/CodeIgniter/IsucorpReservation/vendor/codeigniter4/framework/system/CodeIgniter.php(936): App\Controllers\ContactController->create()
#6 /media/dfranco/e0093d2c-8880-4163-b4b5-d7db8fffa87d/Personal/Projects/CodeIgniter/IsucorpReservation/vendor/codeigniter4/framework/system/CodeIgniter.php(432): CodeIgniter\CodeIgniter->runController()
#7 /media/dfranco/e0093d2c-8880-4163-b4b5-d7db8fffa87d/Personal/Projects/CodeIgniter/IsucorpReservation/vendor/codeigniter4/framework/system/CodeIgniter.php(333): CodeIgniter\CodeIgniter->handleRequest()
#8 /media/dfranco/e0093d2c-8880-4163-b4b5-d7db8fffa87d/Personal/Projects/CodeIgniter/IsucorpReservation/public/index.php(44): CodeIgniter\CodeIgniter->run()
#9 {main}
CRITICAL - 2021-04-05 03:06:48 --> Undefined index: message
#0 /media/dfranco/e0093d2c-8880-4163-b4b5-d7db8fffa87d/Personal/Projects/CodeIgniter/IsucorpReservation/app/Views/contact_create.php(21): CodeIgniter\Debug\Exceptions->errorHandler()
#1 /media/dfranco/e0093d2c-8880-4163-b4b5-d7db8fffa87d/Personal/Projects/CodeIgniter/IsucorpReservation/vendor/codeigniter4/framework/system/View/View.php(220): include('/media/dfranco/...')
#2 /media/dfranco/e0093d2c-8880-4163-b4b5-d7db8fffa87d/Personal/Projects/CodeIgniter/IsucorpReservation/vendor/codeigniter4/framework/system/View/View.php(222): CodeIgniter\View\View->CodeIgniter\View\{closure}()
#3 /media/dfranco/e0093d2c-8880-4163-b4b5-d7db8fffa87d/Personal/Projects/CodeIgniter/IsucorpReservation/vendor/codeigniter4/framework/system/Common.php(1217): CodeIgniter\View\View->render()
#4 /media/dfranco/e0093d2c-8880-4163-b4b5-d7db8fffa87d/Personal/Projects/CodeIgniter/IsucorpReservation/app/Controllers/ContactController.php(80): view()
#5 /media/dfranco/e0093d2c-8880-4163-b4b5-d7db8fffa87d/Personal/Projects/CodeIgniter/IsucorpReservation/vendor/codeigniter4/framework/system/CodeIgniter.php(936): App\Controllers\ContactController->create()
#6 /media/dfranco/e0093d2c-8880-4163-b4b5-d7db8fffa87d/Personal/Projects/CodeIgniter/IsucorpReservation/vendor/codeigniter4/framework/system/CodeIgniter.php(432): CodeIgniter\CodeIgniter->runController()
#7 /media/dfranco/e0093d2c-8880-4163-b4b5-d7db8fffa87d/Personal/Projects/CodeIgniter/IsucorpReservation/vendor/codeigniter4/framework/system/CodeIgniter.php(333): CodeIgniter\CodeIgniter->handleRequest()
#8 /media/dfranco/e0093d2c-8880-4163-b4b5-d7db8fffa87d/Personal/Projects/CodeIgniter/IsucorpReservation/public/index.php(44): CodeIgniter\CodeIgniter->run()
#9 {main}
CRITICAL - 2021-04-05 03:37:45 --> syntax error, unexpected 'public' (T_PUBLIC)
#0 /media/dfranco/e0093d2c-8880-4163-b4b5-d7db8fffa87d/Personal/Projects/CodeIgniter/IsucorpReservation/vendor/codeigniter4/framework/system/Autoloader/Autoloader.php(265): CodeIgniter\Autoloader\Autoloader->includeFile()
#1 /media/dfranco/e0093d2c-8880-4163-b4b5-d7db8fffa87d/Personal/Projects/CodeIgniter/IsucorpReservation/vendor/codeigniter4/framework/system/Autoloader/Autoloader.php(228): CodeIgniter\Autoloader\Autoloader->loadInNamespace()
#2 [internal function]: CodeIgniter\Autoloader\Autoloader->loadClass()
#3 [internal function]: spl_autoload_call()
#4 /media/dfranco/e0093d2c-8880-4163-b4b5-d7db8fffa87d/Personal/Projects/CodeIgniter/IsucorpReservation/vendor/codeigniter4/framework/system/CodeIgniter.php(893): class_exists()
#5 /media/dfranco/e0093d2c-8880-4163-b4b5-d7db8fffa87d/Personal/Projects/CodeIgniter/IsucorpReservation/vendor/codeigniter4/framework/system/CodeIgniter.php(417): CodeIgniter\CodeIgniter->startController()
#6 /media/dfranco/e0093d2c-8880-4163-b4b5-d7db8fffa87d/Personal/Projects/CodeIgniter/IsucorpReservation/vendor/codeigniter4/framework/system/CodeIgniter.php(333): CodeIgniter\CodeIgniter->handleRequest()
#7 /media/dfranco/e0093d2c-8880-4163-b4b5-d7db8fffa87d/Personal/Projects/CodeIgniter/IsucorpReservation/public/index.php(44): CodeIgniter\CodeIgniter->run()
#8 {main}
CRITICAL - 2021-04-05 03:42:33 --> Could not convert PHP value '' of type 'boolean' to type 'datetime'. Expected one of the following types: null, DateTime
#0 /media/dfranco/e0093d2c-8880-4163-b4b5-d7db8fffa87d/Personal/Projects/CodeIgniter/IsucorpReservation/vendor/doctrine/dbal/lib/Doctrine/DBAL/Types/DateTimeType.php(45): Doctrine\DBAL\Types\ConversionException::conversionFailedInvalidType()
#1 /media/dfranco/e0093d2c-8880-4163-b4b5-d7db8fffa87d/Personal/Projects/CodeIgniter/IsucorpReservation/vendor/doctrine/dbal/lib/Doctrine/DBAL/Statement.php(110): Doctrine\DBAL\Types\DateTimeType->convertToDatabaseValue()
#2 /media/dfranco/e0093d2c-8880-4163-b4b5-d7db8fffa87d/Personal/Projects/CodeIgniter/IsucorpReservation/vendor/doctrine/orm/lib/Doctrine/ORM/Persisters/Entity/BasicEntityPersister.php(283): Doctrine\DBAL\Statement->bindValue()
#3 /media/dfranco/e0093d2c-8880-4163-b4b5-d7db8fffa87d/Personal/Projects/CodeIgniter/IsucorpReservation/vendor/doctrine/orm/lib/Doctrine/ORM/UnitOfWork.php(1122): Doctrine\ORM\Persisters\Entity\BasicEntityPersister->executeInserts()
#4 /media/dfranco/e0093d2c-8880-4163-b4b5-d7db8fffa87d/Personal/Projects/CodeIgniter/IsucorpReservation/vendor/doctrine/orm/lib/Doctrine/ORM/UnitOfWork.php(420): Doctrine\ORM\UnitOfWork->executeInserts()
#5 /media/dfranco/e0093d2c-8880-4163-b4b5-d7db8fffa87d/Personal/Projects/CodeIgniter/IsucorpReservation/vendor/doctrine/orm/lib/Doctrine/ORM/EntityManager.php(376): Doctrine\ORM\UnitOfWork->commit()
#6 /media/dfranco/e0093d2c-8880-4163-b4b5-d7db8fffa87d/Personal/Projects/CodeIgniter/IsucorpReservation/app/Models/ContactModel.php(71): Doctrine\ORM\EntityManager->flush()
#7 /media/dfranco/e0093d2c-8880-4163-b4b5-d7db8fffa87d/Personal/Projects/CodeIgniter/IsucorpReservation/app/Controllers/ContactController.php(135): App\Models\ContactModel->addContact()
#8 /media/dfranco/e0093d2c-8880-4163-b4b5-d7db8fffa87d/Personal/Projects/CodeIgniter/IsucorpReservation/vendor/codeigniter4/framework/system/CodeIgniter.php(936): App\Controllers\ContactController->store()
#9 /media/dfranco/e0093d2c-8880-4163-b4b5-d7db8fffa87d/Personal/Projects/CodeIgniter/IsucorpReservation/vendor/codeigniter4/framework/system/CodeIgniter.php(432): CodeIgniter\CodeIgniter->runController()
#10 /media/dfranco/e0093d2c-8880-4163-b4b5-d7db8fffa87d/Personal/Projects/CodeIgniter/IsucorpReservation/vendor/codeigniter4/framework/system/CodeIgniter.php(333): CodeIgniter\CodeIgniter->handleRequest()
#11 /media/dfranco/e0093d2c-8880-4163-b4b5-d7db8fffa87d/Personal/Projects/CodeIgniter/IsucorpReservation/public/index.php(44): CodeIgniter\CodeIgniter->run()
#12 {main}
